[2024-12-02 14:35:46Z INFO HostContext] No proxy settings were found based on environmental variables (http_proxy/https_proxy/HTTP_PROXY/HTTPS_PROXY)
[2024-12-02 14:35:46Z INFO HostContext] Well known directory 'Bin': 'C:\Users\info\Desktop\user-management\actions-runner\bin'
[2024-12-02 14:35:46Z INFO HostContext] Well known directory 'Root': 'C:\Users\info\Desktop\user-management\actions-runner'
[2024-12-02 14:35:46Z INFO HostContext] Well known config file 'Credentials': 'C:\Users\info\Desktop\user-management\actions-runner\.credentials'
[2024-12-02 14:35:46Z INFO HostContext] Well known directory 'Bin': 'C:\Users\info\Desktop\user-management\actions-runner\bin'
[2024-12-02 14:35:46Z INFO HostContext] Well known directory 'Root': 'C:\Users\info\Desktop\user-management\actions-runner'
[2024-12-02 14:35:46Z INFO HostContext] Well known config file 'Runner': 'C:\Users\info\Desktop\user-management\actions-runner\.runner'
[2024-12-02 14:35:46Z INFO Listener] Runner is built for Windows (X64) - win-x64.
[2024-12-02 14:35:46Z INFO Listener] RuntimeInformation: Microsoft Windows 10.0.19045.
[2024-12-02 14:35:46Z INFO Listener] Version: 2.321.0
[2024-12-02 14:35:46Z INFO Listener] Commit: e249007931b7c8e857797fa259c167f0bd4f997a
[2024-12-02 14:35:46Z INFO Listener] Culture: fr-FR
[2024-12-02 14:35:46Z INFO Listener] UI Culture: fr-FR
[2024-12-02 14:35:46Z INFO HostContext] Well known directory 'Bin': 'C:\Users\info\Desktop\user-management\actions-runner\bin'
[2024-12-02 14:35:46Z INFO HostContext] Well known directory 'Root': 'C:\Users\info\Desktop\user-management\actions-runner'
[2024-12-02 14:35:46Z INFO Listener] Validating directory permissions for: 'C:\Users\info\Desktop\user-management\actions-runner'
[2024-12-02 14:35:46Z INFO CommandLineParser] Parse
[2024-12-02 14:35:46Z INFO CommandLineParser] Parsing 1 args
[2024-12-02 14:35:46Z INFO CommandLineParser] parsing argument
[2024-12-02 14:35:46Z INFO CommandLineParser] HasArgs: False
[2024-12-02 14:35:46Z INFO CommandLineParser] Adding Command: run
[2024-12-02 14:35:46Z INFO Listener] Arguments parsed
[2024-12-02 14:35:46Z INFO Runner] ExecuteCommand
[2024-12-02 14:35:46Z INFO ConfigurationStore] currentAssemblyLocation: C:\Users\info\Desktop\user-management\actions-runner\bin\Runner.Listener.dll
[2024-12-02 14:35:46Z INFO HostContext] Well known directory 'Bin': 'C:\Users\info\Desktop\user-management\actions-runner\bin'
[2024-12-02 14:35:46Z INFO ConfigurationStore] binPath: C:\Users\info\Desktop\user-management\actions-runner\bin
[2024-12-02 14:35:46Z INFO HostContext] Well known directory 'Bin': 'C:\Users\info\Desktop\user-management\actions-runner\bin'
[2024-12-02 14:35:46Z INFO HostContext] Well known directory 'Root': 'C:\Users\info\Desktop\user-management\actions-runner'
[2024-12-02 14:35:46Z INFO ConfigurationStore] RootFolder: C:\Users\info\Desktop\user-management\actions-runner
[2024-12-02 14:35:46Z INFO HostContext] Well known directory 'Bin': 'C:\Users\info\Desktop\user-management\actions-runner\bin'
[2024-12-02 14:35:46Z INFO HostContext] Well known directory 'Root': 'C:\Users\info\Desktop\user-management\actions-runner'
[2024-12-02 14:35:46Z INFO HostContext] Well known config file 'Runner': 'C:\Users\info\Desktop\user-management\actions-runner\.runner'
[2024-12-02 14:35:46Z INFO ConfigurationStore] ConfigFilePath: C:\Users\info\Desktop\user-management\actions-runner\.runner
[2024-12-02 14:35:46Z INFO HostContext] Well known directory 'Bin': 'C:\Users\info\Desktop\user-management\actions-runner\bin'
[2024-12-02 14:35:46Z INFO HostContext] Well known directory 'Root': 'C:\Users\info\Desktop\user-management\actions-runner'
[2024-12-02 14:35:46Z INFO HostContext] Well known config file 'Credentials': 'C:\Users\info\Desktop\user-management\actions-runner\.credentials'
[2024-12-02 14:35:46Z INFO ConfigurationStore] CredFilePath: C:\Users\info\Desktop\user-management\actions-runner\.credentials
[2024-12-02 14:35:46Z INFO HostContext] Well known directory 'Bin': 'C:\Users\info\Desktop\user-management\actions-runner\bin'
[2024-12-02 14:35:46Z INFO HostContext] Well known directory 'Root': 'C:\Users\info\Desktop\user-management\actions-runner'
[2024-12-02 14:35:46Z INFO HostContext] Well known config file 'MigratedCredentials': 'C:\Users\info\Desktop\user-management\actions-runner\.credentials_migrated'
[2024-12-02 14:35:46Z INFO ConfigurationStore] MigratedCredFilePath: C:\Users\info\Desktop\user-management\actions-runner\.credentials_migrated
[2024-12-02 14:35:46Z INFO HostContext] Well known directory 'Bin': 'C:\Users\info\Desktop\user-management\actions-runner\bin'
[2024-12-02 14:35:46Z INFO HostContext] Well known directory 'Root': 'C:\Users\info\Desktop\user-management\actions-runner'
[2024-12-02 14:35:46Z INFO HostContext] Well known config file 'Service': 'C:\Users\info\Desktop\user-management\actions-runner\.service'
[2024-12-02 14:35:46Z INFO ConfigurationStore] ServiceConfigFilePath: C:\Users\info\Desktop\user-management\actions-runner\.service
[2024-12-02 14:35:46Z INFO CommandSettings] Flag 'help': 'False'
[2024-12-02 14:35:46Z INFO CommandSettings] Flag 'version': 'False'
[2024-12-02 14:35:46Z INFO CommandSettings] Flag 'commit': 'False'
[2024-12-02 14:35:46Z INFO CommandSettings] Flag 'check': 'False'
[2024-12-02 14:35:46Z INFO CommandSettings] Command 'configure': 'False'
[2024-12-02 14:35:46Z INFO CommandSettings] Command 'remove': 'False'
[2024-12-02 14:35:46Z INFO CommandSettings] Command 'warmup': 'False'
[2024-12-02 14:35:46Z INFO ConfigurationManager] LoadSettings
[2024-12-02 14:35:46Z INFO ConfigurationStore] IsConfigured()
[2024-12-02 14:35:46Z INFO ConfigurationStore] IsConfigured: True
[2024-12-02 14:35:46Z INFO ConfigurationManager] Is configured: True
[2024-12-02 14:35:46Z INFO ConfigurationStore] Read setting file: 320 chars
[2024-12-02 14:35:46Z INFO ConfigurationManager] Settings Loaded
[2024-12-02 14:35:46Z INFO ConfigurationStore] IsServiceConfigured()
[2024-12-02 14:35:46Z INFO ConfigurationStore] IsServiceConfigured: False
[2024-12-02 14:35:46Z INFO CommandSettings] Command 'run': 'True'
[2024-12-02 14:35:46Z INFO ConfigurationStore] IsConfigured()
[2024-12-02 14:35:46Z INFO ConfigurationStore] IsConfigured: True
[2024-12-02 14:35:46Z INFO ConfigurationManager] Is configured: True
[2024-12-02 14:35:46Z INFO Runner] Could not parse the argument value '' for StartupType. Defaulting to Manual
[2024-12-02 14:35:46Z INFO Runner] Set runner startup type - Manual
[2024-12-02 14:35:46Z INFO CommandSettings] Flag 'once': 'False'
[2024-12-02 14:35:46Z INFO CommandSettings] Flag 'once': 'False'
[2024-12-02 14:35:46Z INFO Runner] RunAsync
[2024-12-02 14:35:46Z INFO ConfigurationManager] LoadSettings
[2024-12-02 14:35:46Z INFO ConfigurationStore] IsConfigured()
[2024-12-02 14:35:46Z INFO ConfigurationStore] IsConfigured: True
[2024-12-02 14:35:46Z INFO ConfigurationManager] Is configured: True
[2024-12-02 14:35:46Z INFO ConfigurationManager] Settings Loaded
[2024-12-02 14:35:46Z INFO MessageListener] {
  "AgentId": 25,
  "AgentName": "DESKTOP-Q1NA1C7",
  "PoolId": 1,
  "PoolName": "Default",
  "ServerUrl": "https://pipelinesghubeus23.actions.githubusercontent.com/ZA6BDxvtsd2a7cGAvMm76SoJ4iPhN5djrzo1YA8ByuHTFbRNXX/",
  "GitHubUrl": "https://github.com/abdeLKabir-56/user-management",
  "WorkFolder": "_work"
}
[2024-12-02 14:35:46Z INFO MessageListener] Loading Credentials
[2024-12-02 14:35:46Z INFO ConfigurationStore] HasCredentials()
[2024-12-02 14:35:46Z INFO ConfigurationStore] stored True
[2024-12-02 14:35:46Z INFO CredentialManager] GetCredentialProvider
[2024-12-02 14:35:46Z INFO CredentialManager] Creating type OAuth
[2024-12-02 14:35:46Z INFO CredentialManager] Creating credential type: OAuth
[2024-12-02 14:35:46Z INFO HostContext] Well known directory 'Bin': 'C:\Users\info\Desktop\user-management\actions-runner\bin'
[2024-12-02 14:35:46Z INFO HostContext] Well known directory 'Root': 'C:\Users\info\Desktop\user-management\actions-runner'
[2024-12-02 14:35:46Z INFO HostContext] Well known config file 'RSACredentials': 'C:\Users\info\Desktop\user-management\actions-runner\.credentials_rsaparams'
[2024-12-02 14:35:46Z INFO RSAEncryptedFileKeyManager] Loading RSA key parameters from file C:\Users\info\Desktop\user-management\actions-runner\.credentials_rsaparams
[2024-12-02 14:35:46Z INFO MessageListener] Attempt to create session.
[2024-12-02 14:35:46Z INFO MessageListener] Connecting to the Runner Server...
[2024-12-02 14:35:46Z INFO RunnerServer] EstablishVssConnection
[2024-12-02 14:35:46Z INFO RunnerServer] Establish connection with 100 seconds timeout.
[2024-12-02 14:35:47Z INFO GitHubActionsService] Starting operation Location.GetConnectionData
[2024-12-02 14:35:47Z INFO RunnerServer] EstablishVssConnection
[2024-12-02 14:35:47Z INFO RunnerServer] Establish connection with 60 seconds timeout.
[2024-12-02 14:35:47Z INFO GitHubActionsService] Starting operation Location.GetConnectionData
[2024-12-02 14:35:47Z INFO RunnerServer] EstablishVssConnection
[2024-12-02 14:35:47Z INFO RunnerServer] Establish connection with 60 seconds timeout.
[2024-12-02 14:35:47Z INFO GitHubActionsService] Starting operation Location.GetConnectionData
[2024-12-02 14:35:47Z INFO GitHubActionsService] Finished operation Location.GetConnectionData
[2024-12-02 14:35:47Z INFO GitHubActionsService] Finished operation Location.GetConnectionData
[2024-12-02 14:35:47Z INFO GitHubActionsService] Finished operation Location.GetConnectionData
[2024-12-02 14:35:48Z INFO MessageListener] VssConnection created
[2024-12-02 14:35:48Z INFO Terminal] WRITE LINE: 
[2024-12-02 14:35:48Z INFO Terminal] WRITE LINE: 
[2024-12-02 14:35:48Z INFO RSAEncryptedFileKeyManager] Loading RSA key parameters from file C:\Users\info\Desktop\user-management\actions-runner\.credentials_rsaparams
[2024-12-02 14:35:48Z INFO RSAEncryptedFileKeyManager] Loading RSA key parameters from file C:\Users\info\Desktop\user-management\actions-runner\.credentials_rsaparams
[2024-12-02 14:35:48Z INFO GitHubActionsService] AAD Correlation ID for this token request: Unknown
[2024-12-02 14:35:49Z INFO MessageListener] Session created.
[2024-12-02 14:35:49Z INFO Terminal] WRITE LINE: Current runner version: '2.321.0'
[2024-12-02 14:35:49Z INFO Terminal] WRITE LINE: 2024-12-02 14:35:49Z: Listening for Jobs
[2024-12-02 14:35:49Z INFO JobDispatcher] Set runner/worker IPC timeout to 30 seconds.
[2024-12-02 14:35:49Z INFO RSAEncryptedFileKeyManager] Loading RSA key parameters from file C:\Users\info\Desktop\user-management\actions-runner\.credentials_rsaparams
[2024-12-02 14:35:49Z INFO GitHubActionsService] AAD Correlation ID for this token request: Unknown
[2024-12-02 14:35:51Z INFO MessageListener] Message '8112160261306724776' received from session 'fd1ecf4b-fee0-4bb1-9983-522fdbae47ee'.
[2024-12-02 14:35:51Z INFO ConfigurationStore] HasCredentials()
[2024-12-02 14:35:51Z INFO ConfigurationStore] stored True
[2024-12-02 14:35:51Z INFO CredentialManager] GetCredentialProvider
[2024-12-02 14:35:51Z INFO CredentialManager] Creating type OAuth
[2024-12-02 14:35:51Z INFO CredentialManager] Creating credential type: OAuth
[2024-12-02 14:35:51Z INFO RSAEncryptedFileKeyManager] Loading RSA key parameters from file C:\Users\info\Desktop\user-management\actions-runner\.credentials_rsaparams
[2024-12-02 14:35:51Z INFO ActionsRunServer] EstablishVssConnection
[2024-12-02 14:35:51Z INFO ActionsRunServer] Establish connection with 100 seconds timeout.
[2024-12-02 14:35:51Z INFO GitHubActionsService] Starting operation Location.GetConnectionData
[2024-12-02 14:35:51Z INFO GitHubActionsService] Finished operation Location.GetConnectionData
[2024-12-02 14:35:51Z INFO RSAEncryptedFileKeyManager] Loading RSA key parameters from file C:\Users\info\Desktop\user-management\actions-runner\.credentials_rsaparams
[2024-12-02 14:35:51Z INFO RSAEncryptedFileKeyManager] Loading RSA key parameters from file C:\Users\info\Desktop\user-management\actions-runner\.credentials_rsaparams
[2024-12-02 14:35:51Z INFO GitHubActionsService] AAD Correlation ID for this token request: Unknown
[2024-12-02 14:35:52Z INFO JobDispatcher] Job request 20 for plan 1ccec1c6-093d-466e-9f93-aa8a635e775f job ca395085-040a-526b-2ce8-bdc85f692774 received.
[2024-12-02 14:35:52Z INFO JobDispatcher] Pull OrchestrationId 1ccec1c6-093d-466e-9f93-aa8a635e775f.build.__default from JWT claims
[2024-12-02 14:35:52Z INFO MessageListener] Received job status event. JobState: Busy
[2024-12-02 14:35:52Z INFO MessageListener] _getMessagesTokenSource is already disposed.
[2024-12-02 14:35:52Z INFO Terminal] WRITE LINE: 2024-12-02 14:35:52Z: Running job: Build, Analyze, and Deploy
[2024-12-02 14:35:52Z INFO JobDispatcher] Start renew job request 20 for job ca395085-040a-526b-2ce8-bdc85f692774.
[2024-12-02 14:35:52Z INFO JobDispatcher] Successfully renew job request 20, job is valid till 02/12/2024 14:45:52
[2024-12-02 14:35:52Z INFO HostContext] Well known directory 'Bin': 'C:\Users\info\Desktop\user-management\actions-runner\bin'
[2024-12-02 14:35:52Z INFO ProcessInvokerWrapper] Starting process:
[2024-12-02 14:35:52Z INFO ProcessInvokerWrapper]   File name: 'C:\Users\info\Desktop\user-management\actions-runner\bin\Runner.Worker.exe'
[2024-12-02 14:35:52Z INFO ProcessInvokerWrapper]   Arguments: 'spawnclient 2200 2208'
[2024-12-02 14:35:52Z INFO ProcessInvokerWrapper]   Working directory: 'C:\Users\info\Desktop\user-management\actions-runner\bin'
[2024-12-02 14:35:52Z INFO ProcessInvokerWrapper]   Require exit code zero: 'False'
[2024-12-02 14:35:52Z INFO ProcessInvokerWrapper]   Encoding web name:  ; code page: ''
[2024-12-02 14:35:52Z INFO ProcessInvokerWrapper]   Force kill process on cancellation: 'True'
[2024-12-02 14:35:52Z INFO ProcessInvokerWrapper]   Redirected STDIN: 'False'
[2024-12-02 14:35:52Z INFO ProcessInvokerWrapper]   Persist current code page: 'False'
[2024-12-02 14:35:52Z INFO ProcessInvokerWrapper]   Keep redirected STDIN open: 'False'
[2024-12-02 14:35:52Z INFO ProcessInvokerWrapper]   High priority process: 'True'
[2024-12-02 14:35:53Z INFO ProcessInvokerWrapper] Process started with process id 10292, waiting for process exit.
[2024-12-02 14:35:53Z INFO JobDispatcher] Send job request message to worker for job ca395085-040a-526b-2ce8-bdc85f692774.
[2024-12-02 14:35:53Z INFO ProcessChannel] Sending message of length 27606, with hash '36e9e4116b246fe9102141f991610c7264e0a7cba46aa29000a82f0e1d3f00bd'
[2024-12-02 14:35:53Z INFO JobNotification] Entering JobStarted Notification
[2024-12-02 14:35:53Z INFO JobNotification] Entering StartMonitor
[2024-12-02 14:36:53Z INFO JobDispatcher] Successfully renew job request 20, job is valid till 02/12/2024 14:46:52
[2024-12-02 14:37:15Z INFO ProcessInvokerWrapper] STDOUT/STDERR stream read finished.
[2024-12-02 14:37:15Z INFO ProcessInvokerWrapper] STDOUT/STDERR stream read finished.
[2024-12-02 14:37:15Z INFO ProcessInvokerWrapper] Finished process 10292 with exit code -532462766, and elapsed time 00:01:22.7016503.
[2024-12-02 14:37:15Z INFO JobDispatcher] Worker finished for job ca395085-040a-526b-2ce8-bdc85f692774. Code: -532462766
[2024-12-02 14:37:15Z INFO JobDispatcher] Return code -532462766 indicate worker encounter an unhandled exception or app crash, attach worker stdout/stderr to JobRequest result.
[2024-12-02 14:37:15Z INFO GitHubActionsService] Starting operation Location.GetConnectionData
[2024-12-02 14:37:16Z INFO GitHubActionsService] Finished operation Location.GetConnectionData
[2024-12-02 14:37:16Z INFO JobDispatcher] Mark the job as failed since the worker crashed
[2024-12-02 14:37:16Z INFO JobDispatcher] Finish job with result 'Failed' due to IOException.
[2024-12-02 14:37:16Z INFO JobDispatcher] finish job request for job ca395085-040a-526b-2ce8-bdc85f692774 with result: Failed
[2024-12-02 14:37:16Z INFO Terminal] WRITE LINE: 2024-12-02 14:37:16Z: Job Build, Analyze, and Deploy completed with result: Failed
[2024-12-02 14:37:17Z INFO JobDispatcher] Stop renew job request for job ca395085-040a-526b-2ce8-bdc85f692774.
[2024-12-02 14:37:17Z INFO JobDispatcher] job renew has been cancelled, stop renew job request 20.
[2024-12-02 14:37:17Z ERR  JobDispatcher] Unhandled exception happened in worker:
[2024-12-02 14:37:17Z INFO JobNotification] [2024-12-02 14:37:17Z INFO MessageListener] [2024-12-02 14:45:30Z INFO Terminal] WRITE LINE: Exiting...
[2024-12-02 14:45:30Z INFO ConfigurationStore] IsServiceConfigured()
[2024-12-02 14:45:30Z INFO ConfigurationStore] IsServiceConfigured: False
[2024-12-02 14:45:30Z INFO HostContext] Runner will be shutdown for UserCancelled
[2024-12-02 14:45:30Z WARN GitHubActionsService] GET request to https://broker.actions.githubusercontent.com/message?sessionId=fd1ecf4b-fee0-4bb1-9983-522fdbae47ee&status=Busy&runnerVersion=2.321.0&os=Windows&architecture=X64&disableUpdate=false has been cancelled.
[2024-12-02 14:45:30Z ERR  BrokerServer] Catch exception during request
[2024-12-02 14:45:30Z ERR  BrokerServer] System.Threading.Tasks.TaskCanceledException: The operation was canceled.
 ---> System.Threading.Tasks.TaskCanceledException: The operation was canceled.
 ---> System.IO.IOException: Unable to read data from the transport connection: L’opération d’entrée/sortie a été abandonnée en raison de l’arrêt d’un thread ou à la demande d’une application..
 ---> System.Net.Sockets.SocketException (995): L’opération d’entrée/sortie a été abandonnée en raison de l’arrêt d’un thread ou à la demande d’une application.
   --- End of inner exception stack trace ---
   at System.Net.Sockets.Socket.AwaitableSocketAsyncEventArgs.ThrowException(SocketError error, CancellationToken cancellationToken)
   at System.Net.Sockets.Socket.AwaitableSocketAsyncEventArgs.System.Threading.Tasks.Sources.IValueTaskSource<System.Int32>.GetResult(Int16 token)
   at System.Net.Security.SslStream.EnsureFullTlsFrameAsync[TIOAdapter](CancellationToken cancellationToken, Int32 estimatedSize)
   at System.Runtime.CompilerServices.PoolingAsyncValueTaskMethodBuilder`1.StateMachineBox`1.System.Threading.Tasks.Sources.IValueTaskSource<TResult>.GetResult(Int16 token)
   at System.Net.Security.SslStream.ReadAsyncInternal[TIOAdapter](Memory`1 buffer, CancellationToken cancellationToken)
   at System.Runtime.CompilerServices.PoolingAsyncValueTaskMethodBuilder`1.StateMachineBox`1.System.Threading.Tasks.Sources.IValueTaskSource<TResult>.GetResult(Int16 token)
   at System.Net.Http.HttpConnection.SendAsync(HttpRequestMessage request, Boolean async, CancellationToken cancellationToken)
   --- End of inner exception stack trace ---
   at System.Net.Http.HttpConnection.SendAsync(HttpRequestMessage request, Boolean async, CancellationToken cancellationToken)
   at System.Net.Http.AuthenticationHelper.SendWithNtAuthAsync(HttpRequestMessage request, Uri authUri, Boolean async, ICredentials credentials, Boolean isProxyAuth, HttpConnection connection, HttpConnectionPool connectionPool, CancellationToken cancellationToken)
   at System.Net.Http.HttpConnectionPool.SendWithVersionDetectionAndRetryAsync(HttpRequestMessage request, Boolean async, Boolean doRequestAuth, CancellationToken cancellationToken)
   at System.Net.Http.AuthenticationHelper.SendWithAuthAsync(HttpRequestMessage request, Uri authUri, Boolean async, ICredentials credentials, Boolean preAuthenticate, Boolean isProxyAuth, Boolean doRequestAuth, HttpConnectionPool pool, CancellationToken cancellationToken)
   at System.Net.Http.RedirectHandler.SendAsync(HttpRequestMessage request, Boolean async, CancellationToken cancellationToken)
   at GitHub.Services.Common.RawHttpMessageHandler.SendAsync(HttpRequestMessage request, CancellationToken cancellationToken)
   at GitHub.Services.Common.VssHttpRetryMessageHandler.SendAsync(HttpRequestMessage request, CancellationToken cancellationToken)
   at System.Net.Http.HttpClient.<SendAsync>g__Core|83_0(HttpRequestMessage request, HttpCompletionOption completionOption, CancellationTokenSource cts, Boolean disposeCts, CancellationTokenSource pendingRequestsCts, CancellationToken originalCancellationToken)
   --- End of inner exception stack trace ---
   at System.Net.Http.HttpClient.HandleFailure(Exception e, Boolean telemetryStarted, HttpResponseMessage response, CancellationTokenSource cts, CancellationToken cancellationToken, CancellationTokenSource pendingRequestsCts)
   at System.Net.Http.HttpClient.<SendAsync>g__Core|83_0(HttpRequestMessage request, HttpCompletionOption completionOption, CancellationTokenSource cts, Boolean disposeCts, CancellationTokenSource pendingRequestsCts, CancellationToken originalCancellationToken)
   at Sdk.WebApi.WebApi.RawHttpClientBase.SendAsync(HttpRequestMessage message, HttpCompletionOption completionOption, Object userState, CancellationToken cancellationToken)
   at Sdk.WebApi.WebApi.RawHttpClientBase.SendAsync[T](HttpRequestMessage message, Boolean readErrorBody, Object userState, CancellationToken cancellationToken)
   at Sdk.WebApi.WebApi.RawHttpClientBase.SendAsync[T](HttpMethod method, IEnumerable`1 additionalHeaders, Uri requestUri, HttpContent content, IEnumerable`1 queryParameters, Boolean readErrorBody, Object userState, CancellationToken cancellationToken)
   at GitHub.Actions.RunService.WebApi.BrokerHttpClient.GetRunnerMessageAsync(Nullable`1 sessionId, String runnerVersion, Nullable`1 status, String os, String architecture, Nullable`1 disableUpdate, CancellationToken cancellationToken)
   at GitHub.Runner.Common.BrokerServer.<>c__DisplayClass7_0.<<GetRunnerMessageAsync>b__0>d.MoveNext()
--- End of stack trace from previous location ---
   at GitHub.Runner.Common.RunnerService.RetryRequest[T](Func`1 func, CancellationToken cancellationToken, Int32 maxRetryAttemptsCount, Func`2 shouldRetry)
[2024-12-02 14:45:30Z ERR  BrokerServer] #####################################################
[2024-12-02 14:45:30Z ERR  BrokerServer] System.Threading.Tasks.TaskCanceledException: The operation was canceled.
 ---> System.IO.IOException: Unable to read data from the transport connection: L’opération d’entrée/sortie a été abandonnée en raison de l’arrêt d’un thread ou à la demande d’une application..
 ---> System.Net.Sockets.SocketException (995): L’opération d’entrée/sortie a été abandonnée en raison de l’arrêt d’un thread ou à la demande d’une application.
   --- End of inner exception stack trace ---
   at System.Net.Sockets.Socket.AwaitableSocketAsyncEventArgs.ThrowException(SocketError error, CancellationToken cancellationToken)
   at System.Net.Sockets.Socket.AwaitableSocketAsyncEventArgs.System.Threading.Tasks.Sources.IValueTaskSource<System.Int32>.GetResult(Int16 token)
   at System.Net.Security.SslStream.EnsureFullTlsFrameAsync[TIOAdapter](CancellationToken cancellationToken, Int32 estimatedSize)
   at System.Runtime.CompilerServices.PoolingAsyncValueTaskMethodBuilder`1.StateMachineBox`1.System.Threading.Tasks.Sources.IValueTaskSource<TResult>.GetResult(Int16 token)
   at System.Net.Security.SslStream.ReadAsyncInternal[TIOAdapter](Memory`1 buffer, CancellationToken cancellationToken)
   at System.Runtime.CompilerServices.PoolingAsyncValueTaskMethodBuilder`1.StateMachineBox`1.System.Threading.Tasks.Sources.IValueTaskSource<TResult>.GetResult(Int16 token)
   at System.Net.Http.HttpConnection.SendAsync(HttpRequestMessage request, Boolean async, CancellationToken cancellationToken)
   --- End of inner exception stack trace ---
   at System.Net.Http.HttpConnection.SendAsync(HttpRequestMessage request, Boolean async, CancellationToken cancellationToken)
   at System.Net.Http.AuthenticationHelper.SendWithNtAuthAsync(HttpRequestMessage request, Uri authUri, Boolean async, ICredentials credentials, Boolean isProxyAuth, HttpConnection connection, HttpConnectionPool connectionPool, CancellationToken cancellationToken)
   at System.Net.Http.HttpConnectionPool.SendWithVersionDetectionAndRetryAsync(HttpRequestMessage request, Boolean async, Boolean doRequestAuth, CancellationToken cancellationToken)
   at System.Net.Http.AuthenticationHelper.SendWithAuthAsync(HttpRequestMessage request, Uri authUri, Boolean async, ICredentials credentials, Boolean preAuthenticate, Boolean isProxyAuth, Boolean doRequestAuth, HttpConnectionPool pool, CancellationToken cancellationToken)
   at System.Net.Http.RedirectHandler.SendAsync(HttpRequestMessage request, Boolean async, CancellationToken cancellationToken)
   at GitHub.Services.Common.RawHttpMessageHandler.SendAsync(HttpRequestMessage request, CancellationToken cancellationToken)
   at GitHub.Services.Common.VssHttpRetryMessageHandler.SendAsync(HttpRequestMessage request, CancellationToken cancellationToken)
   at System.Net.Http.HttpClient.<SendAsync>g__Core|83_0(HttpRequestMessage request, HttpCompletionOption completionOption, CancellationTokenSource cts, Boolean disposeCts, CancellationTokenSource pendingRequestsCts, CancellationToken originalCancellationToken)
[2024-12-02 14:45:30Z ERR  BrokerServer] #####################################################
[2024-12-02 14:45:30Z ERR  BrokerServer] System.IO.IOException: Unable to read data from the transport connection: L’opération d’entrée/sortie a été abandonnée en raison de l’arrêt d’un thread ou à la demande d’une application..
 ---> System.Net.Sockets.SocketException (995): L’opération d’entrée/sortie a été abandonnée en raison de l’arrêt d’un thread ou à la demande d’une application.
   --- End of inner exception stack trace ---
   at System.Net.Sockets.Socket.AwaitableSocketAsyncEventArgs.ThrowException(SocketError error, CancellationToken cancellationToken)
   at System.Net.Sockets.Socket.AwaitableSocketAsyncEventArgs.System.Threading.Tasks.Sources.IValueTaskSource<System.Int32>.GetResult(Int16 token)
   at System.Net.Security.SslStream.EnsureFullTlsFrameAsync[TIOAdapter](CancellationToken cancellationToken, Int32 estimatedSize)
   at System.Runtime.CompilerServices.PoolingAsyncValueTaskMethodBuilder`1.StateMachineBox`1.System.Threading.Tasks.Sources.IValueTaskSource<TResult>.GetResult(Int16 token)
   at System.Net.Security.SslStream.ReadAsyncInternal[TIOAdapter](Memory`1 buffer, CancellationToken cancellationToken)
   at System.Runtime.CompilerServices.PoolingAsyncValueTaskMethodBuilder`1.StateMachineBox`1.System.Threading.Tasks.Sources.IValueTaskSource<TResult>.GetResult(Int16 token)
   at System.Net.Http.HttpConnection.SendAsync(HttpRequestMessage request, Boolean async, CancellationToken cancellationToken)
[2024-12-02 14:45:30Z ERR  BrokerServer] #####################################################
[2024-12-02 14:45:30Z ERR  BrokerServer] System.Net.Sockets.SocketException (995): L’opération d’entrée/sortie a été abandonnée en raison de l’arrêt d’un thread ou à la demande d’une application.
[2024-12-02 14:45:30Z WARN BrokerServer] Back off 11,911 seconds before next retry. 4 attempt left.
[2024-12-02 14:45:30Z INFO MessageListener] Get next message has been cancelled.
[2024-12-02 14:45:30Z INFO JobDispatcher] Shutting down JobDispatcher. Make sure all WorkerDispatcher has finished.
[2024-12-02 14:45:30Z INFO JobDispatcher] Ensure WorkerDispatcher for job ca395085-040a-526b-2ce8-bdc85f692774 run to finish, cancel any running job.
[2024-12-02 14:45:30Z ERR  JobDispatcher] Worker Dispatch failed with an exception for job request ca395085-040a-526b-2ce8-bdc85f692774.
[2024-12-02 14:45:30Z ERR  JobDispatcher] System.IO.IOException: Espace insuffisant sur le disque. : 'C:\Users\info\Desktop\user-management\actions-runner\_diag\Runner_20241202-143546-utc.log'
   at System.IO.Strategies.OSFileStreamStrategy.Write(ReadOnlySpan`1 buffer)
   at System.IO.Strategies.OSFileStreamStrategy.Write(Byte[] buffer, Int32 offset, Int32 count)
   at System.IO.StreamWriter.Flush(Boolean flushStream, Boolean flushEncoder)
   at System.Diagnostics.TextWriterTraceListener.Flush()
   at GitHub.Runner.Common.HostTraceListener.Write(String message)
   at GitHub.Runner.Common.HostTraceListener.WriteHeader(String source, TraceEventType eventType, Int32 id)
   at System.Diagnostics.TraceSource.TraceEvent(TraceEventType eventType, Int32 id, String message)
   at GitHub.Runner.Common.Tracing.Info(String format, Object[] args)
   at GitHub.Runner.Listener.MessageListener.OnJobStatus(Object sender, JobStatusEventArgs e)
   at GitHub.Runner.Listener.JobDispatcher.RunAsync(AgentJobRequestMessage message, String orchestrationId, WorkerDispatcher previousJobDispatch, CancellationToken jobRequestCancellationToken, CancellationToken workerCancelTimeoutKillToken)
   at GitHub.Runner.Listener.JobDispatcher.EnsureDispatchFinished(WorkerDispatcher jobDispatch, Boolean cancelRunningJob)
[2024-12-02 14:45:30Z INFO Runner] Deleting Runner Session...
[2024-12-02 14:45:30Z INFO Listener] Runner execution been cancelled.
