[2024-12-01 16:13:24Z INFO HostContext] No proxy settings were found based on environmental variables (http_proxy/https_proxy/HTTP_PROXY/HTTPS_PROXY)
[2024-12-01 16:13:24Z INFO HostContext] Well known directory 'Bin': 'C:\Users\info\Desktop\user-management\actions-runner\bin'
[2024-12-01 16:13:24Z INFO HostContext] Well known directory 'Root': 'C:\Users\info\Desktop\user-management\actions-runner'
[2024-12-01 16:13:24Z INFO HostContext] Well known config file 'Credentials': 'C:\Users\info\Desktop\user-management\actions-runner\.credentials'
[2024-12-01 16:13:24Z INFO HostContext] Well known directory 'Bin': 'C:\Users\info\Desktop\user-management\actions-runner\bin'
[2024-12-01 16:13:24Z INFO HostContext] Well known directory 'Root': 'C:\Users\info\Desktop\user-management\actions-runner'
[2024-12-01 16:13:24Z INFO HostContext] Well known config file 'Runner': 'C:\Users\info\Desktop\user-management\actions-runner\.runner'
[2024-12-01 16:13:24Z INFO Listener] Runner is built for Windows (X64) - win-x64.
[2024-12-01 16:13:24Z INFO Listener] RuntimeInformation: Microsoft Windows 10.0.19045.
[2024-12-01 16:13:24Z INFO Listener] Version: 2.321.0
[2024-12-01 16:13:24Z INFO Listener] Commit: e249007931b7c8e857797fa259c167f0bd4f997a
[2024-12-01 16:13:24Z INFO Listener] Culture: fr-FR
[2024-12-01 16:13:24Z INFO Listener] UI Culture: fr-FR
[2024-12-01 16:13:24Z INFO HostContext] Well known directory 'Bin': 'C:\Users\info\Desktop\user-management\actions-runner\bin'
[2024-12-01 16:13:24Z INFO HostContext] Well known directory 'Root': 'C:\Users\info\Desktop\user-management\actions-runner'
[2024-12-01 16:13:24Z INFO Listener] Validating directory permissions for: 'C:\Users\info\Desktop\user-management\actions-runner'
[2024-12-01 16:13:24Z INFO CommandLineParser] Parse
[2024-12-01 16:13:24Z INFO CommandLineParser] Parsing 5 args
[2024-12-01 16:13:24Z INFO CommandLineParser] parsing argument
[2024-12-01 16:13:24Z INFO CommandLineParser] HasArgs: False
[2024-12-01 16:13:24Z INFO CommandLineParser] Adding Command: configure
[2024-12-01 16:13:24Z INFO CommandLineParser] parsing argument
[2024-12-01 16:13:24Z INFO CommandLineParser] HasArgs: True
[2024-12-01 16:13:24Z INFO CommandLineParser] arg: url
[2024-12-01 16:13:24Z INFO CommandLineParser] parsing argument
[2024-12-01 16:13:24Z INFO CommandLineParser] HasArgs: True
[2024-12-01 16:13:24Z INFO CommandLineParser] Adding option 'url': 'https://github.com/abdeLKabir-56/user-management'
[2024-12-01 16:13:24Z INFO CommandLineParser] parsing argument
[2024-12-01 16:13:24Z INFO CommandLineParser] HasArgs: True
[2024-12-01 16:13:24Z INFO CommandLineParser] arg: token
[2024-12-01 16:13:24Z INFO CommandLineParser] parsing argument
[2024-12-01 16:13:24Z INFO CommandLineParser] HasArgs: True
[2024-12-01 16:13:24Z INFO CommandLineParser] Adding option 'token': '***'
[2024-12-01 16:13:24Z INFO Listener] Arguments parsed
[2024-12-01 16:13:24Z INFO Runner] ExecuteCommand
[2024-12-01 16:13:24Z INFO ConfigurationStore] currentAssemblyLocation: C:\Users\info\Desktop\user-management\actions-runner\bin\Runner.Listener.dll
[2024-12-01 16:13:24Z INFO HostContext] Well known directory 'Bin': 'C:\Users\info\Desktop\user-management\actions-runner\bin'
[2024-12-01 16:13:24Z INFO ConfigurationStore] binPath: C:\Users\info\Desktop\user-management\actions-runner\bin
[2024-12-01 16:13:24Z INFO HostContext] Well known directory 'Bin': 'C:\Users\info\Desktop\user-management\actions-runner\bin'
[2024-12-01 16:13:24Z INFO HostContext] Well known directory 'Root': 'C:\Users\info\Desktop\user-management\actions-runner'
[2024-12-01 16:13:24Z INFO ConfigurationStore] RootFolder: C:\Users\info\Desktop\user-management\actions-runner
[2024-12-01 16:13:24Z INFO HostContext] Well known directory 'Bin': 'C:\Users\info\Desktop\user-management\actions-runner\bin'
[2024-12-01 16:13:24Z INFO HostContext] Well known directory 'Root': 'C:\Users\info\Desktop\user-management\actions-runner'
[2024-12-01 16:13:24Z INFO HostContext] Well known config file 'Runner': 'C:\Users\info\Desktop\user-management\actions-runner\.runner'
[2024-12-01 16:13:24Z INFO ConfigurationStore] ConfigFilePath: C:\Users\info\Desktop\user-management\actions-runner\.runner
[2024-12-01 16:13:24Z INFO HostContext] Well known directory 'Bin': 'C:\Users\info\Desktop\user-management\actions-runner\bin'
[2024-12-01 16:13:24Z INFO HostContext] Well known directory 'Root': 'C:\Users\info\Desktop\user-management\actions-runner'
[2024-12-01 16:13:24Z INFO HostContext] Well known config file 'Credentials': 'C:\Users\info\Desktop\user-management\actions-runner\.credentials'
[2024-12-01 16:13:24Z INFO ConfigurationStore] CredFilePath: C:\Users\info\Desktop\user-management\actions-runner\.credentials
[2024-12-01 16:13:24Z INFO HostContext] Well known directory 'Bin': 'C:\Users\info\Desktop\user-management\actions-runner\bin'
[2024-12-01 16:13:24Z INFO HostContext] Well known directory 'Root': 'C:\Users\info\Desktop\user-management\actions-runner'
[2024-12-01 16:13:24Z INFO HostContext] Well known config file 'MigratedCredentials': 'C:\Users\info\Desktop\user-management\actions-runner\.credentials_migrated'
[2024-12-01 16:13:24Z INFO ConfigurationStore] MigratedCredFilePath: C:\Users\info\Desktop\user-management\actions-runner\.credentials_migrated
[2024-12-01 16:13:24Z INFO HostContext] Well known directory 'Bin': 'C:\Users\info\Desktop\user-management\actions-runner\bin'
[2024-12-01 16:13:24Z INFO HostContext] Well known directory 'Root': 'C:\Users\info\Desktop\user-management\actions-runner'
[2024-12-01 16:13:24Z INFO HostContext] Well known config file 'Service': 'C:\Users\info\Desktop\user-management\actions-runner\.service'
[2024-12-01 16:13:24Z INFO ConfigurationStore] ServiceConfigFilePath: C:\Users\info\Desktop\user-management\actions-runner\.service
[2024-12-01 16:13:24Z INFO CommandSettings] Flag 'help': 'False'
[2024-12-01 16:13:24Z INFO CommandSettings] Flag 'version': 'False'
[2024-12-01 16:13:24Z INFO CommandSettings] Flag 'commit': 'False'
[2024-12-01 16:13:24Z INFO CommandSettings] Flag 'check': 'False'
[2024-12-01 16:13:24Z INFO CommandSettings] Command 'configure': 'True'
[2024-12-01 16:13:24Z INFO Terminal] WRITE LINE: 
[2024-12-01 16:13:24Z INFO Terminal] WRITE LINE: --------------------------------------------------------------------------------
[2024-12-01 16:13:24Z INFO Terminal] WRITE LINE: |        ____ _ _   _   _       _          _        _   _                      |
[2024-12-01 16:13:24Z INFO Terminal] WRITE LINE: |       / ___(_) |_| | | |_   _| |__      / \   ___| |_(_) ___  _ __  ___      |
[2024-12-01 16:13:24Z INFO Terminal] WRITE LINE: |      | |  _| | __| |_| | | | | '_ \    / _ \ / __| __| |/ _ \| '_ \/ __|     |
[2024-12-01 16:13:24Z INFO Terminal] WRITE LINE: |      | |_| | | |_|  _  | |_| | |_) |  / ___ \ (__| |_| | (_) | | | \__ \     |
[2024-12-01 16:13:24Z INFO Terminal] WRITE LINE: |       \____|_|\__|_| |_|\__,_|_.__/  /_/   \_\___|\__|_|\___/|_| |_|___/     |
[2024-12-01 16:13:24Z INFO Terminal] WRITE LINE: |                                                                              |
[2024-12-01 16:13:24Z INFO Terminal] WRITE: |                       
[2024-12-01 16:13:24Z INFO Terminal] WRITE: Self-hosted runner registration
[2024-12-01 16:13:24Z INFO Terminal] WRITE LINE:                         |
[2024-12-01 16:13:24Z INFO Terminal] WRITE LINE: |                                                                              |
[2024-12-01 16:13:24Z INFO Terminal] WRITE LINE: --------------------------------------------------------------------------------
[2024-12-01 16:13:24Z INFO ConfigurationManager] ConfigureAsync
[2024-12-01 16:13:24Z INFO CommandSettings] Flag 'generateServiceConfig': 'False'
[2024-12-01 16:13:24Z INFO ConfigurationStore] IsConfigured()
[2024-12-01 16:13:24Z INFO ConfigurationStore] IsConfigured: False
[2024-12-01 16:13:24Z INFO ConfigurationManager] Is configured: False
[2024-12-01 16:13:24Z INFO CommandSettings] Arg 'url': 'https://github.com/abdeLKabir-56/user-management'
[2024-12-01 16:13:24Z INFO CommandSettings] Remove url from Arg dictionary.
[2024-12-01 16:13:25Z INFO CommandSettings] Arg 'token': '***'
[2024-12-01 16:13:25Z INFO CommandSettings] Remove token from Arg dictionary.
[2024-12-01 16:13:26Z INFO ConfigurationManager] Http response code: OK from 'POST https://api.github.com/actions/runner-registration' (E415:12DD4A:29E3D2D:2B15EB3:674C8B25)
[2024-12-01 16:13:26Z INFO ConfigurationManager] Using V2 flow: False
[2024-12-01 16:13:26Z INFO ConfigurationManager] cred retrieved via GitHub auth
[2024-12-01 16:13:26Z INFO RunnerServer] EstablishVssConnection
[2024-12-01 16:13:26Z INFO RunnerServer] Establish connection with 100 seconds timeout.
[2024-12-01 16:13:26Z INFO GitHubActionsService] Starting operation Location.GetConnectionData
[2024-12-01 16:13:27Z INFO RunnerServer] EstablishVssConnection
[2024-12-01 16:13:27Z INFO RunnerServer] Establish connection with 60 seconds timeout.
[2024-12-01 16:13:27Z INFO GitHubActionsService] Starting operation Location.GetConnectionData
[2024-12-01 16:13:27Z INFO RunnerServer] EstablishVssConnection
[2024-12-01 16:13:27Z INFO RunnerServer] Establish connection with 60 seconds timeout.
[2024-12-01 16:13:27Z INFO GitHubActionsService] Starting operation Location.GetConnectionData
[2024-12-01 16:13:27Z INFO GitHubActionsService] Finished operation Location.GetConnectionData
[2024-12-01 16:13:27Z INFO GitHubActionsService] Finished operation Location.GetConnectionData
[2024-12-01 16:13:27Z INFO GitHubActionsService] Finished operation Location.GetConnectionData
[2024-12-01 16:13:27Z INFO Terminal] WRITE LINE: 
[2024-12-01 16:13:27Z INFO ConfigurationManager] Test Connection complete.
[2024-12-01 16:13:27Z INFO HostContext] Well known directory 'Bin': 'C:\Users\info\Desktop\user-management\actions-runner\bin'
[2024-12-01 16:13:27Z INFO HostContext] Well known directory 'Root': 'C:\Users\info\Desktop\user-management\actions-runner'
[2024-12-01 16:13:27Z INFO HostContext] Well known config file 'RSACredentials': 'C:\Users\info\Desktop\user-management\actions-runner\.credentials_rsaparams'
[2024-12-01 16:13:27Z INFO RSAEncryptedFileKeyManager] Creating new RSA key using 2048-bit key length
[2024-12-01 16:13:27Z INFO RSAEncryptedFileKeyManager] Successfully saved RSA key parameters to file C:\Users\info\Desktop\user-management\actions-runner\.credentials_rsaparams
[2024-12-01 16:13:28Z INFO CommandSettings] Arg 'runnergroup': ''
[2024-12-01 16:13:28Z INFO CommandSettings] Flag 'unattended': 'False'
[2024-12-01 16:13:28Z INFO PromptManager] ReadValue
[2024-12-01 16:13:28Z INFO Terminal] WRITE: Enter the name of the runner group to add this runner to: 
[2024-12-01 16:13:28Z INFO Terminal] WRITE: [press Enter for Default] 
[2024-12-01 16:13:28Z INFO Terminal] READ LINE
[2024-12-01 16:13:35Z INFO Terminal] Read value: ''
[2024-12-01 16:13:35Z INFO PromptManager] Falling back to the default: 'Default'
[2024-12-01 16:13:35Z INFO Terminal] WRITE LINE: 
[2024-12-01 16:13:35Z INFO ConfigurationManager] Found a self-hosted runner group with id 1 and name Default
[2024-12-01 16:13:35Z INFO CommandSettings] Flag 'disableupdate': 'False'
[2024-12-01 16:13:35Z INFO CommandSettings] Flag 'ephemeral': 'False'
[2024-12-01 16:13:35Z INFO CommandSettings] Arg 'name': ''
[2024-12-01 16:13:35Z INFO CommandSettings] Flag 'unattended': 'False'
[2024-12-01 16:13:35Z INFO PromptManager] ReadValue
[2024-12-01 16:13:35Z INFO Terminal] WRITE: Enter the name of runner: 
[2024-12-01 16:13:35Z INFO Terminal] WRITE: [press Enter for DESKTOP-Q1NA1C7] 
[2024-12-01 16:13:35Z INFO Terminal] READ LINE
[2024-12-01 16:13:35Z INFO Terminal] Read value: ''
[2024-12-01 16:13:35Z INFO PromptManager] Falling back to the default: 'DESKTOP-Q1NA1C7'
[2024-12-01 16:13:35Z INFO Terminal] WRITE LINE: 
[2024-12-01 16:13:35Z INFO CommandSettings] Arg 'labels': ''
[2024-12-01 16:13:35Z INFO CommandSettings] Flag 'unattended': 'False'
[2024-12-01 16:13:35Z INFO PromptManager] ReadValue
[2024-12-01 16:13:35Z INFO Terminal] WRITE: This runner will have the following labels: 'self-hosted', 'Windows', 'X64' 
Enter any additional labels (ex. label-1,label-2): 
[2024-12-01 16:13:35Z INFO Terminal] WRITE: [press Enter to skip] 
[2024-12-01 16:13:35Z INFO Terminal] READ LINE
[2024-12-01 16:13:36Z INFO Terminal] Read value: ''
[2024-12-01 16:13:36Z INFO Terminal] WRITE LINE: 
[2024-12-01 16:13:36Z INFO CommandSettings] Flag 'disableupdate': 'False'
[2024-12-01 16:13:36Z INFO CommandSettings] Flag 'no-default-labels': 'False'
[2024-12-01 16:13:37Z INFO CommandSettings] Flag 'disableupdate': 'False'
[2024-12-01 16:13:37Z INFO CommandSettings] Flag 'ephemeral': 'False'
[2024-12-01 16:13:37Z INFO ConfigurationStore] Saving OAuth credential @ C:\Users\info\Desktop\user-management\actions-runner\.credentials
[2024-12-01 16:13:37Z INFO ConfigurationStore] Credentials Saved.
[2024-12-01 16:13:37Z INFO ConfigurationStore] HasCredentials()
[2024-12-01 16:13:37Z INFO ConfigurationStore] stored True
[2024-12-01 16:13:37Z INFO CredentialManager] GetCredentialProvider
[2024-12-01 16:13:37Z INFO CredentialManager] Creating type OAuth
[2024-12-01 16:13:37Z INFO CredentialManager] Creating credential type: OAuth
[2024-12-01 16:13:37Z INFO RSAEncryptedFileKeyManager] Loading RSA key parameters from file C:\Users\info\Desktop\user-management\actions-runner\.credentials_rsaparams
[2024-12-01 16:13:37Z INFO RunnerServer] EstablishVssConnection
[2024-12-01 16:13:37Z INFO RunnerServer] Establish connection with 100 seconds timeout.
[2024-12-01 16:13:37Z INFO GitHubActionsService] Starting operation Location.GetConnectionData
[2024-12-01 16:13:37Z INFO RunnerServer] EstablishVssConnection
[2024-12-01 16:13:37Z INFO RunnerServer] Establish connection with 60 seconds timeout.
[2024-12-01 16:13:37Z INFO GitHubActionsService] Starting operation Location.GetConnectionData
[2024-12-01 16:13:37Z INFO RunnerServer] EstablishVssConnection
[2024-12-01 16:13:37Z INFO RunnerServer] Establish connection with 60 seconds timeout.
[2024-12-01 16:13:37Z INFO GitHubActionsService] Starting operation Location.GetConnectionData
[2024-12-01 16:13:37Z INFO GitHubActionsService] Finished operation Location.GetConnectionData
[2024-12-01 16:13:37Z INFO GitHubActionsService] Finished operation Location.GetConnectionData
[2024-12-01 16:13:37Z INFO GitHubActionsService] Finished operation Location.GetConnectionData
[2024-12-01 16:13:38Z INFO RSAEncryptedFileKeyManager] Loading RSA key parameters from file C:\Users\info\Desktop\user-management\actions-runner\.credentials_rsaparams
[2024-12-01 16:13:38Z INFO RSAEncryptedFileKeyManager] Loading RSA key parameters from file C:\Users\info\Desktop\user-management\actions-runner\.credentials_rsaparams
[2024-12-01 16:13:38Z INFO GitHubActionsService] AAD Correlation ID for this token request: Unknown
[2024-12-01 16:13:38Z INFO CommandSettings] Arg 'work': ''
[2024-12-01 16:13:38Z INFO CommandSettings] Flag 'unattended': 'False'
[2024-12-01 16:13:38Z INFO PromptManager] ReadValue
[2024-12-01 16:13:38Z INFO Terminal] WRITE: Enter name of work folder: 
[2024-12-01 16:13:38Z INFO Terminal] WRITE: [press Enter for _work] 
[2024-12-01 16:13:38Z INFO Terminal] READ LINE
[2024-12-01 16:13:39Z INFO Terminal] Read value: ''
[2024-12-01 16:13:39Z INFO PromptManager] Falling back to the default: '_work'
[2024-12-01 16:13:39Z INFO ConfigurationStore] Saving runner settings.
[2024-12-01 16:13:39Z INFO ConfigurationStore] Settings Saved.
[2024-12-01 16:13:39Z INFO Terminal] WRITE LINE: 
[2024-12-01 16:13:39Z INFO Terminal] WRITE LINE: 
[2024-12-01 16:13:39Z INFO CommandSettings] Flag 'runasservice': 'False'
[2024-12-01 16:13:39Z INFO CommandSettings] Flag 'unattended': 'False'
[2024-12-01 16:13:39Z INFO PromptManager] ReadValue
[2024-12-01 16:13:39Z INFO Terminal] WRITE: Would you like to run the runner as service? (Y/N) 
[2024-12-01 16:13:39Z INFO Terminal] WRITE: [press Enter for N] 
[2024-12-01 16:13:39Z INFO Terminal] READ LINE
[2024-12-01 16:13:40Z INFO Terminal] Read value: ''
[2024-12-01 16:13:40Z INFO PromptManager] Falling back to the default: 'N'
[2024-12-01 16:13:40Z INFO Listener] Runner execution has finished with return code 0
