[2024-12-01 19:12:38Z INFO HostContext] No proxy settings were found based on environmental variables (http_proxy/https_proxy/HTTP_PROXY/HTTPS_PROXY)
[2024-12-01 19:12:38Z INFO HostContext] Well known directory 'Bin': 'C:\Users\info\Desktop\user-management\actions-runner\bin'
[2024-12-01 19:12:38Z INFO HostContext] Well known directory 'Root': 'C:\Users\info\Desktop\user-management\actions-runner'
[2024-12-01 19:12:38Z INFO HostContext] Well known config file 'Credentials': 'C:\Users\info\Desktop\user-management\actions-runner\.credentials'
[2024-12-01 19:12:38Z INFO HostContext] Well known directory 'Bin': 'C:\Users\info\Desktop\user-management\actions-runner\bin'
[2024-12-01 19:12:38Z INFO HostContext] Well known directory 'Root': 'C:\Users\info\Desktop\user-management\actions-runner'
[2024-12-01 19:12:38Z INFO HostContext] Well known config file 'Runner': 'C:\Users\info\Desktop\user-management\actions-runner\.runner'
[2024-12-01 19:12:38Z INFO Listener] Runner is built for Windows (X64) - win-x64.
[2024-12-01 19:12:38Z INFO Listener] RuntimeInformation: Microsoft Windows 10.0.19045.
[2024-12-01 19:12:38Z INFO Listener] Version: 2.321.0
[2024-12-01 19:12:38Z INFO Listener] Commit: e249007931b7c8e857797fa259c167f0bd4f997a
[2024-12-01 19:12:38Z INFO Listener] Culture: fr-FR
[2024-12-01 19:12:38Z INFO Listener] UI Culture: fr-FR
[2024-12-01 19:12:38Z INFO HostContext] Well known directory 'Bin': 'C:\Users\info\Desktop\user-management\actions-runner\bin'
[2024-12-01 19:12:38Z INFO HostContext] Well known directory 'Root': 'C:\Users\info\Desktop\user-management\actions-runner'
[2024-12-01 19:12:38Z INFO Listener] Validating directory permissions for: 'C:\Users\info\Desktop\user-management\actions-runner'
[2024-12-01 19:12:38Z INFO CommandLineParser] Parse
[2024-12-01 19:12:38Z INFO CommandLineParser] Parsing 1 args
[2024-12-01 19:12:38Z INFO CommandLineParser] parsing argument
[2024-12-01 19:12:38Z INFO CommandLineParser] HasArgs: False
[2024-12-01 19:12:38Z INFO CommandLineParser] Adding Command: run
[2024-12-01 19:12:38Z INFO Listener] Arguments parsed
[2024-12-01 19:12:38Z INFO Runner] ExecuteCommand
[2024-12-01 19:12:38Z INFO ConfigurationStore] currentAssemblyLocation: C:\Users\info\Desktop\user-management\actions-runner\bin\Runner.Listener.dll
[2024-12-01 19:12:38Z INFO HostContext] Well known directory 'Bin': 'C:\Users\info\Desktop\user-management\actions-runner\bin'
[2024-12-01 19:12:38Z INFO ConfigurationStore] binPath: C:\Users\info\Desktop\user-management\actions-runner\bin
[2024-12-01 19:12:38Z INFO HostContext] Well known directory 'Bin': 'C:\Users\info\Desktop\user-management\actions-runner\bin'
[2024-12-01 19:12:38Z INFO HostContext] Well known directory 'Root': 'C:\Users\info\Desktop\user-management\actions-runner'
[2024-12-01 19:12:38Z INFO ConfigurationStore] RootFolder: C:\Users\info\Desktop\user-management\actions-runner
[2024-12-01 19:12:38Z INFO HostContext] Well known directory 'Bin': 'C:\Users\info\Desktop\user-management\actions-runner\bin'
[2024-12-01 19:12:38Z INFO HostContext] Well known directory 'Root': 'C:\Users\info\Desktop\user-management\actions-runner'
[2024-12-01 19:12:38Z INFO HostContext] Well known config file 'Runner': 'C:\Users\info\Desktop\user-management\actions-runner\.runner'
[2024-12-01 19:12:38Z INFO ConfigurationStore] ConfigFilePath: C:\Users\info\Desktop\user-management\actions-runner\.runner
[2024-12-01 19:12:38Z INFO HostContext] Well known directory 'Bin': 'C:\Users\info\Desktop\user-management\actions-runner\bin'
[2024-12-01 19:12:38Z INFO HostContext] Well known directory 'Root': 'C:\Users\info\Desktop\user-management\actions-runner'
[2024-12-01 19:12:38Z INFO HostContext] Well known config file 'Credentials': 'C:\Users\info\Desktop\user-management\actions-runner\.credentials'
[2024-12-01 19:12:38Z INFO ConfigurationStore] CredFilePath: C:\Users\info\Desktop\user-management\actions-runner\.credentials
[2024-12-01 19:12:38Z INFO HostContext] Well known directory 'Bin': 'C:\Users\info\Desktop\user-management\actions-runner\bin'
[2024-12-01 19:12:38Z INFO HostContext] Well known directory 'Root': 'C:\Users\info\Desktop\user-management\actions-runner'
[2024-12-01 19:12:38Z INFO HostContext] Well known config file 'MigratedCredentials': 'C:\Users\info\Desktop\user-management\actions-runner\.credentials_migrated'
[2024-12-01 19:12:38Z INFO ConfigurationStore] MigratedCredFilePath: C:\Users\info\Desktop\user-management\actions-runner\.credentials_migrated
[2024-12-01 19:12:38Z INFO HostContext] Well known directory 'Bin': 'C:\Users\info\Desktop\user-management\actions-runner\bin'
[2024-12-01 19:12:38Z INFO HostContext] Well known directory 'Root': 'C:\Users\info\Desktop\user-management\actions-runner'
[2024-12-01 19:12:38Z INFO HostContext] Well known config file 'Service': 'C:\Users\info\Desktop\user-management\actions-runner\.service'
[2024-12-01 19:12:38Z INFO ConfigurationStore] ServiceConfigFilePath: C:\Users\info\Desktop\user-management\actions-runner\.service
[2024-12-01 19:12:38Z INFO CommandSettings] Flag 'help': 'False'
[2024-12-01 19:12:38Z INFO CommandSettings] Flag 'version': 'False'
[2024-12-01 19:12:38Z INFO CommandSettings] Flag 'commit': 'False'
[2024-12-01 19:12:38Z INFO CommandSettings] Flag 'check': 'False'
[2024-12-01 19:12:38Z INFO CommandSettings] Command 'configure': 'False'
[2024-12-01 19:12:38Z INFO CommandSettings] Command 'remove': 'False'
[2024-12-01 19:12:38Z INFO CommandSettings] Command 'warmup': 'False'
[2024-12-01 19:12:38Z INFO ConfigurationManager] LoadSettings
[2024-12-01 19:12:38Z INFO ConfigurationStore] IsConfigured()
[2024-12-01 19:12:38Z INFO ConfigurationStore] IsConfigured: True
[2024-12-01 19:12:38Z INFO ConfigurationManager] Is configured: True
[2024-12-01 19:12:38Z INFO ConfigurationStore] Read setting file: 320 chars
[2024-12-01 19:12:38Z INFO ConfigurationManager] Settings Loaded
[2024-12-01 19:12:38Z INFO ConfigurationStore] IsServiceConfigured()
[2024-12-01 19:12:38Z INFO ConfigurationStore] IsServiceConfigured: False
[2024-12-01 19:12:38Z INFO CommandSettings] Command 'run': 'True'
[2024-12-01 19:12:38Z INFO ConfigurationStore] IsConfigured()
[2024-12-01 19:12:38Z INFO ConfigurationStore] IsConfigured: True
[2024-12-01 19:12:38Z INFO ConfigurationManager] Is configured: True
[2024-12-01 19:12:38Z INFO Runner] Could not parse the argument value '' for StartupType. Defaulting to Manual
[2024-12-01 19:12:38Z INFO Runner] Set runner startup type - Manual
[2024-12-01 19:12:38Z INFO CommandSettings] Flag 'once': 'False'
[2024-12-01 19:12:38Z INFO CommandSettings] Flag 'once': 'False'
[2024-12-01 19:12:38Z INFO Runner] RunAsync
[2024-12-01 19:12:38Z INFO ConfigurationManager] LoadSettings
[2024-12-01 19:12:38Z INFO ConfigurationStore] IsConfigured()
[2024-12-01 19:12:38Z INFO ConfigurationStore] IsConfigured: True
[2024-12-01 19:12:38Z INFO ConfigurationManager] Is configured: True
[2024-12-01 19:12:38Z INFO ConfigurationManager] Settings Loaded
[2024-12-01 19:12:38Z INFO MessageListener] {
  "AgentId": 25,
  "AgentName": "DESKTOP-Q1NA1C7",
  "PoolId": 1,
  "PoolName": "Default",
  "ServerUrl": "https://pipelinesghubeus23.actions.githubusercontent.com/ZA6BDxvtsd2a7cGAvMm76SoJ4iPhN5djrzo1YA8ByuHTFbRNXX/",
  "GitHubUrl": "https://github.com/abdeLKabir-56/user-management",
  "WorkFolder": "_work"
}
[2024-12-01 19:12:38Z INFO MessageListener] Loading Credentials
[2024-12-01 19:12:38Z INFO ConfigurationStore] HasCredentials()
[2024-12-01 19:12:38Z INFO ConfigurationStore] stored True
[2024-12-01 19:12:38Z INFO CredentialManager] GetCredentialProvider
[2024-12-01 19:12:38Z INFO CredentialManager] Creating type OAuth
[2024-12-01 19:12:38Z INFO CredentialManager] Creating credential type: OAuth
[2024-12-01 19:12:38Z INFO HostContext] Well known directory 'Bin': 'C:\Users\info\Desktop\user-management\actions-runner\bin'
[2024-12-01 19:12:38Z INFO HostContext] Well known directory 'Root': 'C:\Users\info\Desktop\user-management\actions-runner'
[2024-12-01 19:12:38Z INFO HostContext] Well known config file 'RSACredentials': 'C:\Users\info\Desktop\user-management\actions-runner\.credentials_rsaparams'
[2024-12-01 19:12:38Z INFO RSAEncryptedFileKeyManager] Loading RSA key parameters from file C:\Users\info\Desktop\user-management\actions-runner\.credentials_rsaparams
[2024-12-01 19:12:38Z INFO MessageListener] Attempt to create session.
[2024-12-01 19:12:38Z INFO MessageListener] Connecting to the Runner Server...
[2024-12-01 19:12:38Z INFO RunnerServer] EstablishVssConnection
[2024-12-01 19:12:38Z INFO RunnerServer] Establish connection with 100 seconds timeout.
[2024-12-01 19:12:39Z INFO GitHubActionsService] Starting operation Location.GetConnectionData
[2024-12-01 19:12:39Z INFO RunnerServer] EstablishVssConnection
[2024-12-01 19:12:39Z INFO RunnerServer] Establish connection with 60 seconds timeout.
[2024-12-01 19:12:39Z INFO GitHubActionsService] Starting operation Location.GetConnectionData
[2024-12-01 19:12:39Z INFO RunnerServer] EstablishVssConnection
[2024-12-01 19:12:39Z INFO RunnerServer] Establish connection with 60 seconds timeout.
[2024-12-01 19:12:39Z INFO GitHubActionsService] Starting operation Location.GetConnectionData
[2024-12-01 19:12:40Z INFO GitHubActionsService] Finished operation Location.GetConnectionData
[2024-12-01 19:12:40Z INFO GitHubActionsService] Finished operation Location.GetConnectionData
[2024-12-01 19:12:40Z INFO GitHubActionsService] Finished operation Location.GetConnectionData
[2024-12-01 19:12:40Z INFO MessageListener] VssConnection created
[2024-12-01 19:12:40Z INFO Terminal] WRITE LINE: 
[2024-12-01 19:12:40Z INFO Terminal] WRITE LINE: 
[2024-12-01 19:12:40Z INFO RSAEncryptedFileKeyManager] Loading RSA key parameters from file C:\Users\info\Desktop\user-management\actions-runner\.credentials_rsaparams
[2024-12-01 19:12:40Z INFO RSAEncryptedFileKeyManager] Loading RSA key parameters from file C:\Users\info\Desktop\user-management\actions-runner\.credentials_rsaparams
[2024-12-01 19:12:41Z INFO GitHubActionsService] AAD Correlation ID for this token request: Unknown
[2024-12-01 19:12:41Z INFO MessageListener] Session created.
[2024-12-01 19:12:41Z INFO Terminal] WRITE LINE: Current runner version: '2.321.0'
[2024-12-01 19:12:41Z INFO Terminal] WRITE LINE: 2024-12-01 19:12:41Z: Listening for Jobs
[2024-12-01 19:12:41Z INFO JobDispatcher] Set runner/worker IPC timeout to 30 seconds.
[2024-12-01 19:12:41Z INFO RSAEncryptedFileKeyManager] Loading RSA key parameters from file C:\Users\info\Desktop\user-management\actions-runner\.credentials_rsaparams
[2024-12-01 19:12:42Z INFO GitHubActionsService] AAD Correlation ID for this token request: Unknown
[2024-12-01 19:12:43Z INFO MessageListener] Message '6068253762224361541' received from session 'b50db244-a38b-48fd-90fb-fe438c89e8c3'.
[2024-12-01 19:12:43Z INFO ConfigurationStore] HasCredentials()
[2024-12-01 19:12:43Z INFO ConfigurationStore] stored True
[2024-12-01 19:12:43Z INFO CredentialManager] GetCredentialProvider
[2024-12-01 19:12:43Z INFO CredentialManager] Creating type OAuth
[2024-12-01 19:12:43Z INFO CredentialManager] Creating credential type: OAuth
[2024-12-01 19:12:43Z INFO RSAEncryptedFileKeyManager] Loading RSA key parameters from file C:\Users\info\Desktop\user-management\actions-runner\.credentials_rsaparams
[2024-12-01 19:12:43Z INFO ActionsRunServer] EstablishVssConnection
[2024-12-01 19:12:43Z INFO ActionsRunServer] Establish connection with 100 seconds timeout.
[2024-12-01 19:12:43Z INFO GitHubActionsService] Starting operation Location.GetConnectionData
[2024-12-01 19:12:44Z INFO GitHubActionsService] Finished operation Location.GetConnectionData
[2024-12-01 19:12:44Z INFO RSAEncryptedFileKeyManager] Loading RSA key parameters from file C:\Users\info\Desktop\user-management\actions-runner\.credentials_rsaparams
[2024-12-01 19:12:44Z INFO RSAEncryptedFileKeyManager] Loading RSA key parameters from file C:\Users\info\Desktop\user-management\actions-runner\.credentials_rsaparams
[2024-12-01 19:12:45Z INFO GitHubActionsService] AAD Correlation ID for this token request: Unknown
[2024-12-01 19:12:46Z INFO JobDispatcher] Job request 15 for plan 5f15eb1d-9dce-41ff-9a3e-0b4513818033 job ca395085-040a-526b-2ce8-bdc85f692774 received.
[2024-12-01 19:12:46Z INFO JobDispatcher] Pull OrchestrationId 5f15eb1d-9dce-41ff-9a3e-0b4513818033.build.__default from JWT claims
[2024-12-01 19:12:46Z INFO MessageListener] Received job status event. JobState: Busy
[2024-12-01 19:12:46Z INFO MessageListener] _getMessagesTokenSource is already disposed.
[2024-12-01 19:12:46Z INFO Terminal] WRITE LINE: 2024-12-01 19:12:46Z: Running job: Build, Analyze, and Deploy
[2024-12-01 19:12:46Z INFO JobDispatcher] Start renew job request 15 for job ca395085-040a-526b-2ce8-bdc85f692774.
[2024-12-01 19:12:46Z INFO JobDispatcher] Successfully renew job request 15, job is valid till 01/12/2024 19:22:46
[2024-12-01 19:12:46Z INFO HostContext] Well known directory 'Bin': 'C:\Users\info\Desktop\user-management\actions-runner\bin'
[2024-12-01 19:12:46Z INFO ProcessInvokerWrapper] Starting process:
[2024-12-01 19:12:46Z INFO ProcessInvokerWrapper]   File name: 'C:\Users\info\Desktop\user-management\actions-runner\bin\Runner.Worker.exe'
[2024-12-01 19:12:46Z INFO ProcessInvokerWrapper]   Arguments: 'spawnclient 2180 2196'
[2024-12-01 19:12:46Z INFO ProcessInvokerWrapper]   Working directory: 'C:\Users\info\Desktop\user-management\actions-runner\bin'
[2024-12-01 19:12:46Z INFO ProcessInvokerWrapper]   Require exit code zero: 'False'
[2024-12-01 19:12:46Z INFO ProcessInvokerWrapper]   Encoding web name:  ; code page: ''
[2024-12-01 19:12:46Z INFO ProcessInvokerWrapper]   Force kill process on cancellation: 'True'
[2024-12-01 19:12:46Z INFO ProcessInvokerWrapper]   Redirected STDIN: 'False'
[2024-12-01 19:12:46Z INFO ProcessInvokerWrapper]   Persist current code page: 'False'
[2024-12-01 19:12:46Z INFO ProcessInvokerWrapper]   Keep redirected STDIN open: 'False'
[2024-12-01 19:12:46Z INFO ProcessInvokerWrapper]   High priority process: 'True'
[2024-12-01 19:12:46Z INFO ProcessInvokerWrapper] Process started with process id 10020, waiting for process exit.
[2024-12-01 19:12:46Z INFO JobDispatcher] Send job request message to worker for job ca395085-040a-526b-2ce8-bdc85f692774.
[2024-12-01 19:12:46Z INFO ProcessChannel] Sending message of length 29648, with hash 'acec1f0a86c483037f503afbae7da0af62b81e35af4f93a689385d05224406a8'
[2024-12-01 19:12:47Z INFO JobNotification] Entering JobStarted Notification
[2024-12-01 19:12:47Z INFO JobNotification] Entering StartMonitor
[2024-12-01 19:13:47Z INFO JobDispatcher] Successfully renew job request 15, job is valid till 01/12/2024 19:23:46
[2024-12-01 19:14:11Z INFO ProcessInvokerWrapper] STDOUT/STDERR stream read finished.
[2024-12-01 19:14:11Z INFO ProcessInvokerWrapper] STDOUT/STDERR stream read finished.
[2024-12-01 19:14:11Z INFO ProcessInvokerWrapper] Finished process 10020 with exit code -532462766, and elapsed time 00:01:25.3867210.
[2024-12-01 19:14:11Z INFO JobDispatcher] Worker finished for job ca395085-040a-526b-2ce8-bdc85f692774. Code: -532462766
[2024-12-01 19:14:11Z INFO JobDispatcher] Return code -532462766 indicate worker encounter an unhandled exception or app crash, attach worker stdout/stderr to JobRequest result.
[2024-12-01 19:14:12Z INFO GitHubActionsService] Starting operation Location.GetConnectionData
[2024-12-01 19:14:14Z INFO GitHubActionsService] Finished operation Location.GetConnectionData
[2024-12-01 19:14:15Z INFO JobDispatcher] Mark the job as failed since the worker crashed
[2024-12-01 19:14:16Z INFO JobDispatcher] Finish job with result 'Failed' due to IOException.
[2024-12-01 19:14:17Z INFO JobDispatcher] finish job request for job ca395085-040a-526b-2ce8-bdc85f692774 with result: Failed
[2024-12-01 19:14:17Z INFO Terminal] WRITE LINE: 2024-12-01 19:14:17Z: Job Build, Analyze, and Deploy completed with result: Failed
[2024-12-01 19:14:17Z INFO JobDispatcher] Stop renew job request for job ca395085-040a-526b-2ce8-bdc85f692774.
[2024-12-01 19:14:17Z INFO JobDispatcher] job renew has been cancelled, stop renew job request 15.
[2024-12-01 19:14:17Z ERR  JobDispatcher] Unhandled exception happened in worker:
[2024-12-01 19:14:17Z INFO JobNotification] [2024-12-01 19:14:17Z INFO MessageListener] [2024-12-01 19:14:27Z WARN GitHubActionsService] GET request to https://broker.actions.githubusercontent.com/message?sessionId=b50db244-a38b-48fd-90fb-fe438c89e8c3&status=Busy&runnerVersion=2.321.0&os=Windows&architecture=X64&disableUpdate=false timed out after 100 seconds.
[2024-12-01 19:14:27Z ERR  BrokerServer] Catch exception during request
[2024-12-01 19:14:27Z ERR  BrokerServer] System.TimeoutException: The HTTP request timed out after 00:01:40.
 ---> System.Threading.Tasks.TaskCanceledException: The operation was canceled.
 ---> System.IO.IOException: Unable to read data from the transport connection: L’opération d’entrée/sortie a été abandonnée en raison de l’arrêt d’un thread ou à la demande d’une application..
 ---> System.Net.Sockets.SocketException (995): L’opération d’entrée/sortie a été abandonnée en raison de l’arrêt d’un thread ou à la demande d’une application.
   --- End of inner exception stack trace ---
   at System.Net.Sockets.Socket.AwaitableSocketAsyncEventArgs.ThrowException(SocketError error, CancellationToken cancellationToken)
   at System.Net.Sockets.Socket.AwaitableSocketAsyncEventArgs.System.Threading.Tasks.Sources.IValueTaskSource<System.Int32>.GetResult(Int16 token)
   at System.Net.Security.SslStream.EnsureFullTlsFrameAsync[TIOAdapter](CancellationToken cancellationToken, Int32 estimatedSize)
   at System.Runtime.CompilerServices.PoolingAsyncValueTaskMethodBuilder`1.StateMachineBox`1.System.Threading.Tasks.Sources.IValueTaskSource<TResult>.GetResult(Int16 token)
   at System.Net.Security.SslStream.ReadAsyncInternal[TIOAdapter](Memory`1 buffer, CancellationToken cancellationToken)
   at System.Runtime.CompilerServices.PoolingAsyncValueTaskMethodBuilder`1.StateMachineBox`1.System.Threading.Tasks.Sources.IValueTaskSource<TResult>.GetResult(Int16 token)
   at System.Net.Http.HttpConnection.SendAsync(HttpRequestMessage request, Boolean async, CancellationToken cancellationToken)
   --- End of inner exception stack trace ---
   at System.Net.Http.HttpConnection.SendAsync(HttpRequestMessage request, Boolean async, CancellationToken cancellationToken)
   at System.Net.Http.AuthenticationHelper.SendWithNtAuthAsync(HttpRequestMessage request, Uri authUri, Boolean async, ICredentials credentials, Boolean isProxyAuth, HttpConnection connection, HttpConnectionPool connectionPool, CancellationToken cancellationToken)
   at System.Net.Http.HttpConnectionPool.SendWithVersionDetectionAndRetryAsync(HttpRequestMessage request, Boolean async, Boolean doRequestAuth, CancellationToken cancellationToken)
   at System.Net.Http.AuthenticationHelper.SendWithAuthAsync(HttpRequestMessage request, Uri authUri, Boolean async, ICredentials credentials, Boolean preAuthenticate, Boolean isProxyAuth, Boolean doRequestAuth, HttpConnectionPool pool, CancellationToken cancellationToken)
   at System.Net.Http.RedirectHandler.SendAsync(HttpRequestMessage request, Boolean async, CancellationToken cancellationToken)
   at GitHub.Services.Common.RawHttpMessageHandler.SendAsync(HttpRequestMessage request, CancellationToken cancellationToken)
   --- End of inner exception stack trace ---
   at GitHub.Services.Common.RawHttpMessageHandler.SendAsync(HttpRequestMessage request, CancellationToken cancellationToken)
   at GitHub.Services.Common.VssHttpRetryMessageHandler.SendAsync(HttpRequestMessage request, CancellationToken cancellationToken)
   at System.Net.Http.HttpClient.<SendAsync>g__Core|83_0(HttpRequestMessage request, HttpCompletionOption completionOption, CancellationTokenSource cts, Boolean disposeCts, CancellationTokenSource pendingRequestsCts, CancellationToken originalCancellationToken)
   at Sdk.WebApi.WebApi.RawHttpClientBase.SendAsync(HttpRequestMessage message, HttpCompletionOption completionOption, Object userState, CancellationToken cancellationToken)
   at Sdk.WebApi.WebApi.RawHttpClientBase.SendAsync[T](HttpRequestMessage message, Boolean readErrorBody, Object userState, CancellationToken cancellationToken)
   at Sdk.WebApi.WebApi.RawHttpClientBase.SendAsync[T](HttpMethod method, IEnumerable`1 additionalHeaders, Uri requestUri, HttpContent content, IEnumerable`1 queryParameters, Boolean readErrorBody, Object userState, CancellationToken cancellationToken)
   at GitHub.Actions.RunService.WebApi.BrokerHttpClient.GetRunnerMessageAsync(Nullable`1 sessionId, String runnerVersion, Nullable`1 status, String os, String architecture, Nullable`1 disableUpdate, CancellationToken cancellationToken)
   at GitHub.Runner.Common.BrokerServer.<>c__DisplayClass7_0.<<GetRunnerMessageAsync>b__0>d.MoveNext()
--- End of stack trace from previous location ---
   at GitHub.Runner.Common.RunnerService.RetryRequest[T](Func`1 func, CancellationToken cancellationToken, Int32 maxRetryAttemptsCount, Func`2 shouldRetry)
[2024-12-01 19:14:27Z ERR  BrokerServer] #####################################################
[2024-12-01 19:14:27Z ERR  BrokerServer] System.Threading.Tasks.TaskCanceledException: The operation was canceled.
 ---> System.IO.IOException: Unable to read data from the transport connection: L’opération d’entrée/sortie a été abandonnée en raison de l’arrêt d’un thread ou à la demande d’une application..
 ---> System.Net.Sockets.SocketException (995): L’opération d’entrée/sortie a été abandonnée en raison de l’arrêt d’un thread ou à la demande d’une application.
   --- End of inner exception stack trace ---
   at System.Net.Sockets.Socket.AwaitableSocketAsyncEventArgs.ThrowException(SocketError error, CancellationToken cancellationToken)
   at System.Net.Sockets.Socket.AwaitableSocketAsyncEventArgs.System.Threading.Tasks.Sources.IValueTaskSource<System.Int32>.GetResult(Int16 token)
   at System.Net.Security.SslStream.EnsureFullTlsFrameAsync[TIOAdapter](CancellationToken cancellationToken, Int32 estimatedSize)
   at System.Runtime.CompilerServices.PoolingAsyncValueTaskMethodBuilder`1.StateMachineBox`1.System.Threading.Tasks.Sources.IValueTaskSource<TResult>.GetResult(Int16 token)
   at System.Net.Security.SslStream.ReadAsyncInternal[TIOAdapter](Memory`1 buffer, CancellationToken cancellationToken)
   at System.Runtime.CompilerServices.PoolingAsyncValueTaskMethodBuilder`1.StateMachineBox`1.System.Threading.Tasks.Sources.IValueTaskSource<TResult>.GetResult(Int16 token)
   at System.Net.Http.HttpConnection.SendAsync(HttpRequestMessage request, Boolean async, CancellationToken cancellationToken)
   --- End of inner exception stack trace ---
   at System.Net.Http.HttpConnection.SendAsync(HttpRequestMessage request, Boolean async, CancellationToken cancellationToken)
   at System.Net.Http.AuthenticationHelper.SendWithNtAuthAsync(HttpRequestMessage request, Uri authUri, Boolean async, ICredentials credentials, Boolean isProxyAuth, HttpConnection connection, HttpConnectionPool connectionPool, CancellationToken cancellationToken)
   at System.Net.Http.HttpConnectionPool.SendWithVersionDetectionAndRetryAsync(HttpRequestMessage request, Boolean async, Boolean doRequestAuth, CancellationToken cancellationToken)
   at System.Net.Http.AuthenticationHelper.SendWithAuthAsync(HttpRequestMessage request, Uri authUri, Boolean async, ICredentials credentials, Boolean preAuthenticate, Boolean isProxyAuth, Boolean doRequestAuth, HttpConnectionPool pool, CancellationToken cancellationToken)
   at System.Net.Http.RedirectHandler.SendAsync(HttpRequestMessage request, Boolean async, CancellationToken cancellationToken)
   at GitHub.Services.Common.RawHttpMessageHandler.SendAsync(HttpRequestMessage request, CancellationToken cancellationToken)
[2024-12-01 19:14:27Z ERR  BrokerServer] #####################################################
[2024-12-01 19:14:27Z ERR  BrokerServer] System.IO.IOException: Unable to read data from the transport connection: L’opération d’entrée/sortie a été abandonnée en raison de l’arrêt d’un thread ou à la demande d’une application..
 ---> System.Net.Sockets.SocketException (995): L’opération d’entrée/sortie a été abandonnée en raison de l’arrêt d’un thread ou à la demande d’une application.
   --- End of inner exception stack trace ---
   at System.Net.Sockets.Socket.AwaitableSocketAsyncEventArgs.ThrowException(SocketError error, CancellationToken cancellationToken)
   at System.Net.Sockets.Socket.AwaitableSocketAsyncEventArgs.System.Threading.Tasks.Sources.IValueTaskSource<System.Int32>.GetResult(Int16 token)
   at System.Net.Security.SslStream.EnsureFullTlsFrameAsync[TIOAdapter](CancellationToken cancellationToken, Int32 estimatedSize)
   at System.Runtime.CompilerServices.PoolingAsyncValueTaskMethodBuilder`1.StateMachineBox`1.System.Threading.Tasks.Sources.IValueTaskSource<TResult>.GetResult(Int16 token)
   at System.Net.Security.SslStream.ReadAsyncInternal[TIOAdapter](Memory`1 buffer, CancellationToken cancellationToken)
   at System.Runtime.CompilerServices.PoolingAsyncValueTaskMethodBuilder`1.StateMachineBox`1.System.Threading.Tasks.Sources.IValueTaskSource<TResult>.GetResult(Int16 token)
   at System.Net.Http.HttpConnection.SendAsync(HttpRequestMessage request, Boolean async, CancellationToken cancellationToken)
[2024-12-01 19:14:27Z ERR  BrokerServer] #####################################################
[2024-12-01 19:14:27Z ERR  BrokerServer] System.Net.Sockets.SocketException (995): L’opération d’entrée/sortie a été abandonnée en raison de l’arrêt d’un thread ou à la demande d’une application.
[2024-12-01 19:14:27Z WARN BrokerServer] Back off 14,412 seconds before next retry. 4 attempt left.
[2024-12-01 19:16:22Z WARN GitHubActionsService] GET request to https://broker.actions.githubusercontent.com/message?sessionId=b50db244-a38b-48fd-90fb-fe438c89e8c3&status=Busy&runnerVersion=2.321.0&os=Windows&architecture=X64&disableUpdate=false timed out after 100 seconds.
[2024-12-01 19:16:22Z ERR  BrokerServer] Catch exception during request
[2024-12-01 19:16:22Z ERR  BrokerServer] System.TimeoutException: The HTTP request timed out after 00:01:40.
 ---> System.Threading.Tasks.TaskCanceledException: The operation was canceled.
 ---> System.IO.IOException: Unable to read data from the transport connection: L’opération d’entrée/sortie a été abandonnée en raison de l’arrêt d’un thread ou à la demande d’une application..
 ---> System.Net.Sockets.SocketException (995): L’opération d’entrée/sortie a été abandonnée en raison de l’arrêt d’un thread ou à la demande d’une application.
   --- End of inner exception stack trace ---
   at System.Net.Sockets.Socket.AwaitableSocketAsyncEventArgs.ThrowException(SocketError error, CancellationToken cancellationToken)
   at System.Net.Sockets.Socket.AwaitableSocketAsyncEventArgs.System.Threading.Tasks.Sources.IValueTaskSource<System.Int32>.GetResult(Int16 token)
   at System.Net.Security.SslStream.EnsureFullTlsFrameAsync[TIOAdapter](CancellationToken cancellationToken, Int32 estimatedSize)
   at System.Runtime.CompilerServices.PoolingAsyncValueTaskMethodBuilder`1.StateMachineBox`1.System.Threading.Tasks.Sources.IValueTaskSource<TResult>.GetResult(Int16 token)
   at System.Net.Security.SslStream.ReadAsyncInternal[TIOAdapter](Memory`1 buffer, CancellationToken cancellationToken)
   at System.Runtime.CompilerServices.PoolingAsyncValueTaskMethodBuilder`1.StateMachineBox`1.System.Threading.Tasks.Sources.IValueTaskSource<TResult>.GetResult(Int16 token)
   at System.Net.Http.HttpConnection.InitialFillAsync(Boolean async)
   at System.Net.Http.HttpConnection.SendAsync(HttpRequestMessage request, Boolean async, CancellationToken cancellationToken)
   --- End of inner exception stack trace ---
   at System.Net.Http.HttpConnection.SendAsync(HttpRequestMessage request, Boolean async, CancellationToken cancellationToken)
   at System.Net.Http.AuthenticationHelper.SendWithNtAuthAsync(HttpRequestMessage request, Uri authUri, Boolean async, ICredentials credentials, Boolean isProxyAuth, HttpConnection connection, HttpConnectionPool connectionPool, CancellationToken cancellationToken)
   at System.Net.Http.HttpConnectionPool.SendWithVersionDetectionAndRetryAsync(HttpRequestMessage request, Boolean async, Boolean doRequestAuth, CancellationToken cancellationToken)
   at System.Net.Http.AuthenticationHelper.SendWithAuthAsync(HttpRequestMessage request, Uri authUri, Boolean async, ICredentials credentials, Boolean preAuthenticate, Boolean isProxyAuth, Boolean doRequestAuth, HttpConnectionPool pool, CancellationToken cancellationToken)
   at System.Net.Http.RedirectHandler.SendAsync(HttpRequestMessage request, Boolean async, CancellationToken cancellationToken)
   at GitHub.Services.Common.RawHttpMessageHandler.SendAsync(HttpRequestMessage request, CancellationToken cancellationToken)
   --- End of inner exception stack trace ---
   at GitHub.Services.Common.RawHttpMessageHandler.SendAsync(HttpRequestMessage request, CancellationToken cancellationToken)
   at GitHub.Services.Common.VssHttpRetryMessageHandler.SendAsync(HttpRequestMessage request, CancellationToken cancellationToken)
   at System.Net.Http.HttpClient.<SendAsync>g__Core|83_0(HttpRequestMessage request, HttpCompletionOption completionOption, CancellationTokenSource cts, Boolean disposeCts, CancellationTokenSource pendingRequestsCts, CancellationToken originalCancellationToken)
   at Sdk.WebApi.WebApi.RawHttpClientBase.SendAsync(HttpRequestMessage message, HttpCompletionOption completionOption, Object userState, CancellationToken cancellationToken)
   at Sdk.WebApi.WebApi.RawHttpClientBase.SendAsync[T](HttpRequestMessage message, Boolean readErrorBody, Object userState, CancellationToken cancellationToken)
   at Sdk.WebApi.WebApi.RawHttpClientBase.SendAsync[T](HttpMethod method, IEnumerable`1 additionalHeaders, Uri requestUri, HttpContent content, IEnumerable`1 queryParameters, Boolean readErrorBody, Object userState, CancellationToken cancellationToken)
   at GitHub.Actions.RunService.WebApi.BrokerHttpClient.GetRunnerMessageAsync(Nullable`1 sessionId, String runnerVersion, Nullable`1 status, String os, String architecture, Nullable`1 disableUpdate, CancellationToken cancellationToken)
   at GitHub.Runner.Common.BrokerServer.<>c__DisplayClass7_0.<<GetRunnerMessageAsync>b__0>d.MoveNext()
--- End of stack trace from previous location ---
   at GitHub.Runner.Common.RunnerService.RetryRequest[T](Func`1 func, CancellationToken cancellationToken, Int32 maxRetryAttemptsCount, Func`2 shouldRetry)
[2024-12-01 19:16:22Z ERR  BrokerServer] #####################################################
[2024-12-01 19:16:22Z ERR  BrokerServer] System.Threading.Tasks.TaskCanceledException: The operation was canceled.
 ---> System.IO.IOException: Unable to read data from the transport connection: L’opération d’entrée/sortie a été abandonnée en raison de l’arrêt d’un thread ou à la demande d’une application..
 ---> System.Net.Sockets.SocketException (995): L’opération d’entrée/sortie a été abandonnée en raison de l’arrêt d’un thread ou à la demande d’une application.
   --- End of inner exception stack trace ---
   at System.Net.Sockets.Socket.AwaitableSocketAsyncEventArgs.ThrowException(SocketError error, CancellationToken cancellationToken)
   at System.Net.Sockets.Socket.AwaitableSocketAsyncEventArgs.System.Threading.Tasks.Sources.IValueTaskSource<System.Int32>.GetResult(Int16 token)
   at System.Net.Security.SslStream.EnsureFullTlsFrameAsync[TIOAdapter](CancellationToken cancellationToken, Int32 estimatedSize)
   at System.Runtime.CompilerServices.PoolingAsyncValueTaskMethodBuilder`1.StateMachineBox`1.System.Threading.Tasks.Sources.IValueTaskSource<TResult>.GetResult(Int16 token)
   at System.Net.Security.SslStream.ReadAsyncInternal[TIOAdapter](Memory`1 buffer, CancellationToken cancellationToken)
   at System.Runtime.CompilerServices.PoolingAsyncValueTaskMethodBuilder`1.StateMachineBox`1.System.Threading.Tasks.Sources.IValueTaskSource<TResult>.GetResult(Int16 token)
   at System.Net.Http.HttpConnection.InitialFillAsync(Boolean async)
   at System.Net.Http.HttpConnection.SendAsync(HttpRequestMessage request, Boolean async, CancellationToken cancellationToken)
   --- End of inner exception stack trace ---
   at System.Net.Http.HttpConnection.SendAsync(HttpRequestMessage request, Boolean async, CancellationToken cancellationToken)
   at System.Net.Http.AuthenticationHelper.SendWithNtAuthAsync(HttpRequestMessage request, Uri authUri, Boolean async, ICredentials credentials, Boolean isProxyAuth, HttpConnection connection, HttpConnectionPool connectionPool, CancellationToken cancellationToken)
   at System.Net.Http.HttpConnectionPool.SendWithVersionDetectionAndRetryAsync(HttpRequestMessage request, Boolean async, Boolean doRequestAuth, CancellationToken cancellationToken)
   at System.Net.Http.AuthenticationHelper.SendWithAuthAsync(HttpRequestMessage request, Uri authUri, Boolean async, ICredentials credentials, Boolean preAuthenticate, Boolean isProxyAuth, Boolean doRequestAuth, HttpConnectionPool pool, CancellationToken cancellationToken)
   at System.Net.Http.RedirectHandler.SendAsync(HttpRequestMessage request, Boolean async, CancellationToken cancellationToken)
   at GitHub.Services.Common.RawHttpMessageHandler.SendAsync(HttpRequestMessage request, CancellationToken cancellationToken)
[2024-12-01 19:16:22Z ERR  BrokerServer] #####################################################
[2024-12-01 19:16:22Z ERR  BrokerServer] System.IO.IOException: Unable to read data from the transport connection: L’opération d’entrée/sortie a été abandonnée en raison de l’arrêt d’un thread ou à la demande d’une application..
 ---> System.Net.Sockets.SocketException (995): L’opération d’entrée/sortie a été abandonnée en raison de l’arrêt d’un thread ou à la demande d’une application.
   --- End of inner exception stack trace ---
   at System.Net.Sockets.Socket.AwaitableSocketAsyncEventArgs.ThrowException(SocketError error, CancellationToken cancellationToken)
   at System.Net.Sockets.Socket.AwaitableSocketAsyncEventArgs.System.Threading.Tasks.Sources.IValueTaskSource<System.Int32>.GetResult(Int16 token)
   at System.Net.Security.SslStream.EnsureFullTlsFrameAsync[TIOAdapter](CancellationToken cancellationToken, Int32 estimatedSize)
   at System.Runtime.CompilerServices.PoolingAsyncValueTaskMethodBuilder`1.StateMachineBox`1.System.Threading.Tasks.Sources.IValueTaskSource<TResult>.GetResult(Int16 token)
   at System.Net.Security.SslStream.ReadAsyncInternal[TIOAdapter](Memory`1 buffer, CancellationToken cancellationToken)
   at System.Runtime.CompilerServices.PoolingAsyncValueTaskMethodBuilder`1.StateMachineBox`1.System.Threading.Tasks.Sources.IValueTaskSource<TResult>.GetResult(Int16 token)
   at System.Net.Http.HttpConnection.InitialFillAsync(Boolean async)
   at System.Net.Http.HttpConnection.SendAsync(HttpRequestMessage request, Boolean async, CancellationToken cancellationToken)
[2024-12-01 19:16:22Z ERR  BrokerServer] #####################################################
[2024-12-01 19:16:22Z ERR  BrokerServer] System.Net.Sockets.SocketException (995): L’opération d’entrée/sortie a été abandonnée en raison de l’arrêt d’un thread ou à la demande d’une application.
[2024-12-01 19:16:22Z WARN BrokerServer] Back off 7,293 seconds before next retry. 3 attempt left.
[2024-12-01 19:17:14Z INFO Terminal] WRITE LINE: Exiting...
[2024-12-01 19:17:14Z INFO ConfigurationStore] IsServiceConfigured()
[2024-12-01 19:17:14Z INFO ConfigurationStore] IsServiceConfigured: False
[2024-12-01 19:17:14Z INFO HostContext] Runner will be shutdown for UserCancelled
[2024-12-01 19:17:14Z WARN GitHubActionsService] GET request to https://broker.actions.githubusercontent.com/message?sessionId=b50db244-a38b-48fd-90fb-fe438c89e8c3&status=Busy&runnerVersion=2.321.0&os=Windows&architecture=X64&disableUpdate=false has been cancelled.
[2024-12-01 19:17:14Z ERR  BrokerServer] Catch exception during request
[2024-12-01 19:17:14Z ERR  BrokerServer] System.Threading.Tasks.TaskCanceledException: The operation was canceled.
 ---> System.Threading.Tasks.TaskCanceledException: The operation was canceled.
 ---> System.IO.IOException: Unable to read data from the transport connection: L’opération d’entrée/sortie a été abandonnée en raison de l’arrêt d’un thread ou à la demande d’une application..
 ---> System.Net.Sockets.SocketException (995): L’opération d’entrée/sortie a été abandonnée en raison de l’arrêt d’un thread ou à la demande d’une application.
   --- End of inner exception stack trace ---
   at System.Net.Sockets.Socket.AwaitableSocketAsyncEventArgs.ThrowException(SocketError error, CancellationToken cancellationToken)
   at System.Net.Sockets.Socket.AwaitableSocketAsyncEventArgs.System.Threading.Tasks.Sources.IValueTaskSource<System.Int32>.GetResult(Int16 token)
   at System.Net.Security.SslStream.EnsureFullTlsFrameAsync[TIOAdapter](CancellationToken cancellationToken, Int32 estimatedSize)
   at System.Runtime.CompilerServices.PoolingAsyncValueTaskMethodBuilder`1.StateMachineBox`1.System.Threading.Tasks.Sources.IValueTaskSource<TResult>.GetResult(Int16 token)
   at System.Net.Security.SslStream.ReadAsyncInternal[TIOAdapter](Memory`1 buffer, CancellationToken cancellationToken)
   at System.Runtime.CompilerServices.PoolingAsyncValueTaskMethodBuilder`1.StateMachineBox`1.System.Threading.Tasks.Sources.IValueTaskSource<TResult>.GetResult(Int16 token)
   at System.Net.Http.HttpConnection.InitialFillAsync(Boolean async)
   at System.Net.Http.HttpConnection.SendAsync(HttpRequestMessage request, Boolean async, CancellationToken cancellationToken)
   --- End of inner exception stack trace ---
   at System.Net.Http.HttpConnection.SendAsync(HttpRequestMessage request, Boolean async, CancellationToken cancellationToken)
   at System.Net.Http.AuthenticationHelper.SendWithNtAuthAsync(HttpRequestMessage request, Uri authUri, Boolean async, ICredentials credentials, Boolean isProxyAuth, HttpConnection connection, HttpConnectionPool connectionPool, CancellationToken cancellationToken)
   at System.Net.Http.HttpConnectionPool.SendWithVersionDetectionAndRetryAsync(HttpRequestMessage request, Boolean async, Boolean doRequestAuth, CancellationToken cancellationToken)
   at System.Net.Http.AuthenticationHelper.SendWithAuthAsync(HttpRequestMessage request, Uri authUri, Boolean async, ICredentials credentials, Boolean preAuthenticate, Boolean isProxyAuth, Boolean doRequestAuth, HttpConnectionPool pool, CancellationToken cancellationToken)
   at System.Net.Http.RedirectHandler.SendAsync(HttpRequestMessage request, Boolean async, CancellationToken cancellationToken)
   at GitHub.Services.Common.RawHttpMessageHandler.SendAsync(HttpRequestMessage request, CancellationToken cancellationToken)
   at GitHub.Services.Common.VssHttpRetryMessageHandler.SendAsync(HttpRequestMessage request, CancellationToken cancellationToken)
   at System.Net.Http.HttpClient.<SendAsync>g__Core|83_0(HttpRequestMessage request, HttpCompletionOption completionOption, CancellationTokenSource cts, Boolean disposeCts, CancellationTokenSource pendingRequestsCts, CancellationToken originalCancellationToken)
   --- End of inner exception stack trace ---
   at System.Net.Http.HttpClient.HandleFailure(Exception e, Boolean telemetryStarted, HttpResponseMessage response, CancellationTokenSource cts, CancellationToken cancellationToken, CancellationTokenSource pendingRequestsCts)
   at System.Net.Http.HttpClient.<SendAsync>g__Core|83_0(HttpRequestMessage request, HttpCompletionOption completionOption, CancellationTokenSource cts, Boolean disposeCts, CancellationTokenSource pendingRequestsCts, CancellationToken originalCancellationToken)
   at Sdk.WebApi.WebApi.RawHttpClientBase.SendAsync(HttpRequestMessage message, HttpCompletionOption completionOption, Object userState, CancellationToken cancellationToken)
   at Sdk.WebApi.WebApi.RawHttpClientBase.SendAsync[T](HttpRequestMessage message, Boolean readErrorBody, Object userState, CancellationToken cancellationToken)
   at Sdk.WebApi.WebApi.RawHttpClientBase.SendAsync[T](HttpMethod method, IEnumerable`1 additionalHeaders, Uri requestUri, HttpContent content, IEnumerable`1 queryParameters, Boolean readErrorBody, Object userState, CancellationToken cancellationToken)
   at GitHub.Actions.RunService.WebApi.BrokerHttpClient.GetRunnerMessageAsync(Nullable`1 sessionId, String runnerVersion, Nullable`1 status, String os, String architecture, Nullable`1 disableUpdate, CancellationToken cancellationToken)
   at GitHub.Runner.Common.BrokerServer.<>c__DisplayClass7_0.<<GetRunnerMessageAsync>b__0>d.MoveNext()
--- End of stack trace from previous location ---
   at GitHub.Runner.Common.RunnerService.RetryRequest[T](Func`1 func, CancellationToken cancellationToken, Int32 maxRetryAttemptsCount, Func`2 shouldRetry)
[2024-12-01 19:17:14Z ERR  BrokerServer] #####################################################
[2024-12-01 19:17:14Z ERR  BrokerServer] System.Threading.Tasks.TaskCanceledException: The operation was canceled.
 ---> System.IO.IOException: Unable to read data from the transport connection: L’opération d’entrée/sortie a été abandonnée en raison de l’arrêt d’un thread ou à la demande d’une application..
 ---> System.Net.Sockets.SocketException (995): L’opération d’entrée/sortie a été abandonnée en raison de l’arrêt d’un thread ou à la demande d’une application.
   --- End of inner exception stack trace ---
   at System.Net.Sockets.Socket.AwaitableSocketAsyncEventArgs.ThrowException(SocketError error, CancellationToken cancellationToken)
   at System.Net.Sockets.Socket.AwaitableSocketAsyncEventArgs.System.Threading.Tasks.Sources.IValueTaskSource<System.Int32>.GetResult(Int16 token)
   at System.Net.Security.SslStream.EnsureFullTlsFrameAsync[TIOAdapter](CancellationToken cancellationToken, Int32 estimatedSize)
   at System.Runtime.CompilerServices.PoolingAsyncValueTaskMethodBuilder`1.StateMachineBox`1.System.Threading.Tasks.Sources.IValueTaskSource<TResult>.GetResult(Int16 token)
   at System.Net.Security.SslStream.ReadAsyncInternal[TIOAdapter](Memory`1 buffer, CancellationToken cancellationToken)
   at System.Runtime.CompilerServices.PoolingAsyncValueTaskMethodBuilder`1.StateMachineBox`1.System.Threading.Tasks.Sources.IValueTaskSource<TResult>.GetResult(Int16 token)
   at System.Net.Http.HttpConnection.InitialFillAsync(Boolean async)
   at System.Net.Http.HttpConnection.SendAsync(HttpRequestMessage request, Boolean async, CancellationToken cancellationToken)
   --- End of inner exception stack trace ---
   at System.Net.Http.HttpConnection.SendAsync(HttpRequestMessage request, Boolean async, CancellationToken cancellationToken)
   at System.Net.Http.AuthenticationHelper.SendWithNtAuthAsync(HttpRequestMessage request, Uri authUri, Boolean async, ICredentials credentials, Boolean isProxyAuth, HttpConnection connection, HttpConnectionPool connectionPool, CancellationToken cancellationToken)
   at System.Net.Http.HttpConnectionPool.SendWithVersionDetectionAndRetryAsync(HttpRequestMessage request, Boolean async, Boolean doRequestAuth, CancellationToken cancellationToken)
   at System.Net.Http.AuthenticationHelper.SendWithAuthAsync(HttpRequestMessage request, Uri authUri, Boolean async, ICredentials credentials, Boolean preAuthenticate, Boolean isProxyAuth, Boolean doRequestAuth, HttpConnectionPool pool, CancellationToken cancellationToken)
   at System.Net.Http.RedirectHandler.SendAsync(HttpRequestMessage request, Boolean async, CancellationToken cancellationToken)
   at GitHub.Services.Common.RawHttpMessageHandler.SendAsync(HttpRequestMessage request, CancellationToken cancellationToken)
   at GitHub.Services.Common.VssHttpRetryMessageHandler.SendAsync(HttpRequestMessage request, CancellationToken cancellationToken)
   at System.Net.Http.HttpClient.<SendAsync>g__Core|83_0(HttpRequestMessage request, HttpCompletionOption completionOption, CancellationTokenSource cts, Boolean disposeCts, CancellationTokenSource pendingRequestsCts, CancellationToken originalCancellationToken)
[2024-12-01 19:17:14Z ERR  BrokerServer] #####################################################
[2024-12-01 19:17:14Z ERR  BrokerServer] System.IO.IOException: Unable to read data from the transport connection: L’opération d’entrée/sortie a été abandonnée en raison de l’arrêt d’un thread ou à la demande d’une application..
 ---> System.Net.Sockets.SocketException (995): L’opération d’entrée/sortie a été abandonnée en raison de l’arrêt d’un thread ou à la demande d’une application.
   --- End of inner exception stack trace ---
   at System.Net.Sockets.Socket.AwaitableSocketAsyncEventArgs.ThrowException(SocketError error, CancellationToken cancellationToken)
   at System.Net.Sockets.Socket.AwaitableSocketAsyncEventArgs.System.Threading.Tasks.Sources.IValueTaskSource<System.Int32>.GetResult(Int16 token)
   at System.Net.Security.SslStream.EnsureFullTlsFrameAsync[TIOAdapter](CancellationToken cancellationToken, Int32 estimatedSize)
   at System.Runtime.CompilerServices.PoolingAsyncValueTaskMethodBuilder`1.StateMachineBox`1.System.Threading.Tasks.Sources.IValueTaskSource<TResult>.GetResult(Int16 token)
   at System.Net.Security.SslStream.ReadAsyncInternal[TIOAdapter](Memory`1 buffer, CancellationToken cancellationToken)
   at System.Runtime.CompilerServices.PoolingAsyncValueTaskMethodBuilder`1.StateMachineBox`1.System.Threading.Tasks.Sources.IValueTaskSource<TResult>.GetResult(Int16 token)
   at System.Net.Http.HttpConnection.InitialFillAsync(Boolean async)
   at System.Net.Http.HttpConnection.SendAsync(HttpRequestMessage request, Boolean async, CancellationToken cancellationToken)
[2024-12-01 19:17:14Z ERR  BrokerServer] #####################################################
[2024-12-01 19:17:14Z ERR  BrokerServer] System.Net.Sockets.SocketException (995): L’opération d’entrée/sortie a été abandonnée en raison de l’arrêt d’un thread ou à la demande d’une application.
[2024-12-01 19:17:14Z WARN BrokerServer] Back off 9,267 seconds before next retry. 2 attempt left.
[2024-12-01 19:17:14Z INFO MessageListener] Get next message has been cancelled.
[2024-12-01 19:17:14Z INFO JobDispatcher] Shutting down JobDispatcher. Make sure all WorkerDispatcher has finished.
[2024-12-01 19:17:14Z INFO JobDispatcher] Ensure WorkerDispatcher for job ca395085-040a-526b-2ce8-bdc85f692774 run to finish, cancel any running job.
[2024-12-01 19:17:14Z ERR  JobDispatcher] Worker Dispatch failed with an exception for job request ca395085-040a-526b-2ce8-bdc85f692774.
[2024-12-01 19:17:14Z ERR  JobDispatcher] System.IO.IOException: Espace insuffisant sur le disque. : 'C:\Users\info\Desktop\user-management\actions-runner\_diag\Runner_20241201-191238-utc.log'
   at System.IO.Strategies.OSFileStreamStrategy.Write(ReadOnlySpan`1 buffer)
   at System.IO.Strategies.OSFileStreamStrategy.Write(Byte[] buffer, Int32 offset, Int32 count)
   at System.IO.Strategies.BufferedFileStreamStrategy.Flush(Boolean flushToDisk)
   at System.IO.StreamWriter.Flush(Boolean flushStream, Boolean flushEncoder)
   at System.Diagnostics.TextWriterTraceListener.Flush()
   at GitHub.Runner.Common.HostTraceListener.Write(String message)
   at GitHub.Runner.Common.HostTraceListener.WriteHeader(String source, TraceEventType eventType, Int32 id)
   at System.Diagnostics.TraceSource.TraceEvent(TraceEventType eventType, Int32 id, String message)
   at GitHub.Runner.Common.Tracing.Info(String format, Object[] args)
   at GitHub.Runner.Listener.MessageListener.OnJobStatus(Object sender, JobStatusEventArgs e)
   at GitHub.Runner.Listener.JobDispatcher.RunAsync(AgentJobRequestMessage message, String orchestrationId, WorkerDispatcher previousJobDispatch, CancellationToken jobRequestCancellationToken, CancellationToken workerCancelTimeoutKillToken)
   at GitHub.Runner.Listener.JobDispatcher.EnsureDispatchFinished(WorkerDispatcher jobDispatch, Boolean cancelRunningJob)
[2024-12-01 19:17:14Z INFO Runner] Deleting Runner Session...
[2024-12-01 19:17:15Z INFO Listener] Runner execution been cancelled.
