[2024-12-01 17:05:28Z INFO HostContext] No proxy settings were found based on environmental variables (http_proxy/https_proxy/HTTP_PROXY/HTTPS_PROXY)
[2024-12-01 17:05:28Z INFO HostContext] Well known directory 'Bin': 'C:\Users\info\Desktop\user-management\actions-runner\bin'
[2024-12-01 17:05:28Z INFO HostContext] Well known directory 'Root': 'C:\Users\info\Desktop\user-management\actions-runner'
[2024-12-01 17:05:28Z INFO HostContext] Well known config file 'Credentials': 'C:\Users\info\Desktop\user-management\actions-runner\.credentials'
[2024-12-01 17:05:28Z INFO HostContext] Well known directory 'Bin': 'C:\Users\info\Desktop\user-management\actions-runner\bin'
[2024-12-01 17:05:28Z INFO HostContext] Well known directory 'Root': 'C:\Users\info\Desktop\user-management\actions-runner'
[2024-12-01 17:05:28Z INFO HostContext] Well known config file 'Runner': 'C:\Users\info\Desktop\user-management\actions-runner\.runner'
[2024-12-01 17:05:28Z INFO Listener] Runner is built for Windows (X64) - win-x64.
[2024-12-01 17:05:28Z INFO Listener] RuntimeInformation: Microsoft Windows 10.0.19045.
[2024-12-01 17:05:28Z INFO Listener] Version: 2.321.0
[2024-12-01 17:05:28Z INFO Listener] Commit: e249007931b7c8e857797fa259c167f0bd4f997a
[2024-12-01 17:05:28Z INFO Listener] Culture: fr-FR
[2024-12-01 17:05:28Z INFO Listener] UI Culture: fr-FR
[2024-12-01 17:05:28Z INFO HostContext] Well known directory 'Bin': 'C:\Users\info\Desktop\user-management\actions-runner\bin'
[2024-12-01 17:05:28Z INFO HostContext] Well known directory 'Root': 'C:\Users\info\Desktop\user-management\actions-runner'
[2024-12-01 17:05:28Z INFO Listener] Validating directory permissions for: 'C:\Users\info\Desktop\user-management\actions-runner'
[2024-12-01 17:05:28Z INFO CommandLineParser] Parse
[2024-12-01 17:05:28Z INFO CommandLineParser] Parsing 1 args
[2024-12-01 17:05:28Z INFO CommandLineParser] parsing argument
[2024-12-01 17:05:28Z INFO CommandLineParser] HasArgs: False
[2024-12-01 17:05:28Z INFO CommandLineParser] Adding Command: run
[2024-12-01 17:05:28Z INFO Listener] Arguments parsed
[2024-12-01 17:05:28Z INFO Runner] ExecuteCommand
[2024-12-01 17:05:28Z INFO ConfigurationStore] currentAssemblyLocation: C:\Users\info\Desktop\user-management\actions-runner\bin\Runner.Listener.dll
[2024-12-01 17:05:28Z INFO HostContext] Well known directory 'Bin': 'C:\Users\info\Desktop\user-management\actions-runner\bin'
[2024-12-01 17:05:28Z INFO ConfigurationStore] binPath: C:\Users\info\Desktop\user-management\actions-runner\bin
[2024-12-01 17:05:28Z INFO HostContext] Well known directory 'Bin': 'C:\Users\info\Desktop\user-management\actions-runner\bin'
[2024-12-01 17:05:28Z INFO HostContext] Well known directory 'Root': 'C:\Users\info\Desktop\user-management\actions-runner'
[2024-12-01 17:05:28Z INFO ConfigurationStore] RootFolder: C:\Users\info\Desktop\user-management\actions-runner
[2024-12-01 17:05:28Z INFO HostContext] Well known directory 'Bin': 'C:\Users\info\Desktop\user-management\actions-runner\bin'
[2024-12-01 17:05:28Z INFO HostContext] Well known directory 'Root': 'C:\Users\info\Desktop\user-management\actions-runner'
[2024-12-01 17:05:28Z INFO HostContext] Well known config file 'Runner': 'C:\Users\info\Desktop\user-management\actions-runner\.runner'
[2024-12-01 17:05:28Z INFO ConfigurationStore] ConfigFilePath: C:\Users\info\Desktop\user-management\actions-runner\.runner
[2024-12-01 17:05:28Z INFO HostContext] Well known directory 'Bin': 'C:\Users\info\Desktop\user-management\actions-runner\bin'
[2024-12-01 17:05:28Z INFO HostContext] Well known directory 'Root': 'C:\Users\info\Desktop\user-management\actions-runner'
[2024-12-01 17:05:28Z INFO HostContext] Well known config file 'Credentials': 'C:\Users\info\Desktop\user-management\actions-runner\.credentials'
[2024-12-01 17:05:28Z INFO ConfigurationStore] CredFilePath: C:\Users\info\Desktop\user-management\actions-runner\.credentials
[2024-12-01 17:05:28Z INFO HostContext] Well known directory 'Bin': 'C:\Users\info\Desktop\user-management\actions-runner\bin'
[2024-12-01 17:05:28Z INFO HostContext] Well known directory 'Root': 'C:\Users\info\Desktop\user-management\actions-runner'
[2024-12-01 17:05:28Z INFO HostContext] Well known config file 'MigratedCredentials': 'C:\Users\info\Desktop\user-management\actions-runner\.credentials_migrated'
[2024-12-01 17:05:28Z INFO ConfigurationStore] MigratedCredFilePath: C:\Users\info\Desktop\user-management\actions-runner\.credentials_migrated
[2024-12-01 17:05:28Z INFO HostContext] Well known directory 'Bin': 'C:\Users\info\Desktop\user-management\actions-runner\bin'
[2024-12-01 17:05:28Z INFO HostContext] Well known directory 'Root': 'C:\Users\info\Desktop\user-management\actions-runner'
[2024-12-01 17:05:28Z INFO HostContext] Well known config file 'Service': 'C:\Users\info\Desktop\user-management\actions-runner\.service'
[2024-12-01 17:05:28Z INFO ConfigurationStore] ServiceConfigFilePath: C:\Users\info\Desktop\user-management\actions-runner\.service
[2024-12-01 17:05:28Z INFO CommandSettings] Flag 'help': 'False'
[2024-12-01 17:05:28Z INFO CommandSettings] Flag 'version': 'False'
[2024-12-01 17:05:28Z INFO CommandSettings] Flag 'commit': 'False'
[2024-12-01 17:05:28Z INFO CommandSettings] Flag 'check': 'False'
[2024-12-01 17:05:28Z INFO CommandSettings] Command 'configure': 'False'
[2024-12-01 17:05:28Z INFO CommandSettings] Command 'remove': 'False'
[2024-12-01 17:05:28Z INFO CommandSettings] Command 'warmup': 'False'
[2024-12-01 17:05:28Z INFO ConfigurationManager] LoadSettings
[2024-12-01 17:05:28Z INFO ConfigurationStore] IsConfigured()
[2024-12-01 17:05:28Z INFO ConfigurationStore] IsConfigured: True
[2024-12-01 17:05:28Z INFO ConfigurationManager] Is configured: True
[2024-12-01 17:05:28Z INFO ConfigurationStore] Read setting file: 320 chars
[2024-12-01 17:05:28Z INFO ConfigurationManager] Settings Loaded
[2024-12-01 17:05:28Z INFO ConfigurationStore] IsServiceConfigured()
[2024-12-01 17:05:28Z INFO ConfigurationStore] IsServiceConfigured: False
[2024-12-01 17:05:28Z INFO CommandSettings] Command 'run': 'True'
[2024-12-01 17:05:28Z INFO ConfigurationStore] IsConfigured()
[2024-12-01 17:05:28Z INFO ConfigurationStore] IsConfigured: True
[2024-12-01 17:05:28Z INFO ConfigurationManager] Is configured: True
[2024-12-01 17:05:28Z INFO Runner] Could not parse the argument value '' for StartupType. Defaulting to Manual
[2024-12-01 17:05:28Z INFO Runner] Set runner startup type - Manual
[2024-12-01 17:05:28Z INFO CommandSettings] Flag 'once': 'False'
[2024-12-01 17:05:28Z INFO CommandSettings] Flag 'once': 'False'
[2024-12-01 17:05:28Z INFO Runner] RunAsync
[2024-12-01 17:05:28Z INFO ConfigurationManager] LoadSettings
[2024-12-01 17:05:28Z INFO ConfigurationStore] IsConfigured()
[2024-12-01 17:05:28Z INFO ConfigurationStore] IsConfigured: True
[2024-12-01 17:05:28Z INFO ConfigurationManager] Is configured: True
[2024-12-01 17:05:28Z INFO ConfigurationManager] Settings Loaded
[2024-12-01 17:05:28Z INFO MessageListener] {
  "AgentId": 25,
  "AgentName": "DESKTOP-Q1NA1C7",
  "PoolId": 1,
  "PoolName": "Default",
  "ServerUrl": "https://pipelinesghubeus23.actions.githubusercontent.com/ZA6BDxvtsd2a7cGAvMm76SoJ4iPhN5djrzo1YA8ByuHTFbRNXX/",
  "GitHubUrl": "https://github.com/abdeLKabir-56/user-management",
  "WorkFolder": "_work"
}
[2024-12-01 17:05:28Z INFO MessageListener] Loading Credentials
[2024-12-01 17:05:28Z INFO ConfigurationStore] HasCredentials()
[2024-12-01 17:05:28Z INFO ConfigurationStore] stored True
[2024-12-01 17:05:28Z INFO CredentialManager] GetCredentialProvider
[2024-12-01 17:05:28Z INFO CredentialManager] Creating type OAuth
[2024-12-01 17:05:28Z INFO CredentialManager] Creating credential type: OAuth
[2024-12-01 17:05:28Z INFO HostContext] Well known directory 'Bin': 'C:\Users\info\Desktop\user-management\actions-runner\bin'
[2024-12-01 17:05:28Z INFO HostContext] Well known directory 'Root': 'C:\Users\info\Desktop\user-management\actions-runner'
[2024-12-01 17:05:28Z INFO HostContext] Well known config file 'RSACredentials': 'C:\Users\info\Desktop\user-management\actions-runner\.credentials_rsaparams'
[2024-12-01 17:05:28Z INFO RSAEncryptedFileKeyManager] Loading RSA key parameters from file C:\Users\info\Desktop\user-management\actions-runner\.credentials_rsaparams
[2024-12-01 17:05:28Z INFO MessageListener] Attempt to create session.
[2024-12-01 17:05:28Z INFO MessageListener] Connecting to the Runner Server...
[2024-12-01 17:05:28Z INFO RunnerServer] EstablishVssConnection
[2024-12-01 17:05:28Z INFO RunnerServer] Establish connection with 100 seconds timeout.
[2024-12-01 17:05:28Z INFO GitHubActionsService] Starting operation Location.GetConnectionData
[2024-12-01 17:05:28Z INFO RunnerServer] EstablishVssConnection
[2024-12-01 17:05:28Z INFO RunnerServer] Establish connection with 60 seconds timeout.
[2024-12-01 17:05:28Z INFO GitHubActionsService] Starting operation Location.GetConnectionData
[2024-12-01 17:05:28Z INFO RunnerServer] EstablishVssConnection
[2024-12-01 17:05:28Z INFO RunnerServer] Establish connection with 60 seconds timeout.
[2024-12-01 17:05:28Z INFO GitHubActionsService] Starting operation Location.GetConnectionData
[2024-12-01 17:05:29Z INFO GitHubActionsService] Finished operation Location.GetConnectionData
[2024-12-01 17:05:29Z INFO GitHubActionsService] Finished operation Location.GetConnectionData
[2024-12-01 17:05:29Z INFO GitHubActionsService] Finished operation Location.GetConnectionData
[2024-12-01 17:05:29Z INFO MessageListener] VssConnection created
[2024-12-01 17:05:29Z INFO Terminal] WRITE LINE: 
[2024-12-01 17:05:29Z INFO Terminal] WRITE LINE: 
[2024-12-01 17:05:29Z INFO RSAEncryptedFileKeyManager] Loading RSA key parameters from file C:\Users\info\Desktop\user-management\actions-runner\.credentials_rsaparams
[2024-12-01 17:05:29Z INFO RSAEncryptedFileKeyManager] Loading RSA key parameters from file C:\Users\info\Desktop\user-management\actions-runner\.credentials_rsaparams
[2024-12-01 17:05:30Z INFO GitHubActionsService] AAD Correlation ID for this token request: Unknown
[2024-12-01 17:05:30Z INFO MessageListener] Session created.
[2024-12-01 17:05:30Z INFO Terminal] WRITE LINE: Current runner version: '2.321.0'
[2024-12-01 17:05:30Z INFO Terminal] WRITE LINE: 2024-12-01 17:05:30Z: Listening for Jobs
[2024-12-01 17:05:30Z INFO JobDispatcher] Set runner/worker IPC timeout to 30 seconds.
[2024-12-01 17:05:30Z INFO RSAEncryptedFileKeyManager] Loading RSA key parameters from file C:\Users\info\Desktop\user-management\actions-runner\.credentials_rsaparams
[2024-12-01 17:05:31Z INFO GitHubActionsService] AAD Correlation ID for this token request: Unknown
[2024-12-01 17:05:32Z INFO MessageListener] Message '3142933223815318858' received from session '2d630675-3523-46e6-a25c-675e6a50ba6c'.
[2024-12-01 17:05:32Z INFO ConfigurationStore] HasCredentials()
[2024-12-01 17:05:32Z INFO ConfigurationStore] stored True
[2024-12-01 17:05:32Z INFO CredentialManager] GetCredentialProvider
[2024-12-01 17:05:32Z INFO CredentialManager] Creating type OAuth
[2024-12-01 17:05:32Z INFO CredentialManager] Creating credential type: OAuth
[2024-12-01 17:05:32Z INFO RSAEncryptedFileKeyManager] Loading RSA key parameters from file C:\Users\info\Desktop\user-management\actions-runner\.credentials_rsaparams
[2024-12-01 17:05:32Z INFO ActionsRunServer] EstablishVssConnection
[2024-12-01 17:05:32Z INFO ActionsRunServer] Establish connection with 100 seconds timeout.
[2024-12-01 17:05:32Z INFO GitHubActionsService] Starting operation Location.GetConnectionData
[2024-12-01 17:05:33Z INFO GitHubActionsService] Finished operation Location.GetConnectionData
[2024-12-01 17:05:33Z INFO RSAEncryptedFileKeyManager] Loading RSA key parameters from file C:\Users\info\Desktop\user-management\actions-runner\.credentials_rsaparams
[2024-12-01 17:05:33Z INFO RSAEncryptedFileKeyManager] Loading RSA key parameters from file C:\Users\info\Desktop\user-management\actions-runner\.credentials_rsaparams
[2024-12-01 17:05:33Z INFO GitHubActionsService] AAD Correlation ID for this token request: Unknown
[2024-12-01 17:05:34Z INFO JobDispatcher] Job request 4 for plan a9cd141b-299f-4b65-b72b-e23079d23fe6 job 06476ec6-afcc-52c1-ece0-28635bcd86a6 received.
[2024-12-01 17:05:34Z INFO JobDispatcher] Pull OrchestrationId a9cd141b-299f-4b65-b72b-e23079d23fe6.sonar.__default from JWT claims
[2024-12-01 17:05:34Z INFO MessageListener] Received job status event. JobState: Busy
[2024-12-01 17:05:34Z INFO MessageListener] _getMessagesTokenSource is already disposed.
[2024-12-01 17:05:34Z INFO Terminal] WRITE LINE: 2024-12-01 17:05:34Z: Running job: sonar
[2024-12-01 17:05:34Z INFO JobDispatcher] Start renew job request 4 for job 06476ec6-afcc-52c1-ece0-28635bcd86a6.
[2024-12-01 17:05:34Z INFO JobDispatcher] Successfully renew job request 4, job is valid till 01/12/2024 17:15:34
[2024-12-01 17:05:34Z INFO HostContext] Well known directory 'Bin': 'C:\Users\info\Desktop\user-management\actions-runner\bin'
[2024-12-01 17:05:34Z INFO ProcessInvokerWrapper] Starting process:
[2024-12-01 17:05:34Z INFO ProcessInvokerWrapper]   File name: 'C:\Users\info\Desktop\user-management\actions-runner\bin\Runner.Worker.exe'
[2024-12-01 17:05:34Z INFO ProcessInvokerWrapper]   Arguments: 'spawnclient 2188 2196'
[2024-12-01 17:05:34Z INFO ProcessInvokerWrapper]   Working directory: 'C:\Users\info\Desktop\user-management\actions-runner\bin'
[2024-12-01 17:05:34Z INFO ProcessInvokerWrapper]   Require exit code zero: 'False'
[2024-12-01 17:05:34Z INFO ProcessInvokerWrapper]   Encoding web name:  ; code page: ''
[2024-12-01 17:05:34Z INFO ProcessInvokerWrapper]   Force kill process on cancellation: 'True'
[2024-12-01 17:05:34Z INFO ProcessInvokerWrapper]   Redirected STDIN: 'False'
[2024-12-01 17:05:34Z INFO ProcessInvokerWrapper]   Persist current code page: 'False'
[2024-12-01 17:05:34Z INFO ProcessInvokerWrapper]   Keep redirected STDIN open: 'False'
[2024-12-01 17:05:34Z INFO ProcessInvokerWrapper]   High priority process: 'True'
[2024-12-01 17:05:34Z INFO ProcessInvokerWrapper] Process started with process id 22444, waiting for process exit.
[2024-12-01 17:05:34Z INFO JobDispatcher] Send job request message to worker for job 06476ec6-afcc-52c1-ece0-28635bcd86a6.
[2024-12-01 17:05:34Z INFO ProcessChannel] Sending message of length 24733, with hash '8891f17360ce3531d7367aaf11986f2097366970300e2e566adfe33710082117'
[2024-12-01 17:05:34Z INFO JobNotification] Entering JobStarted Notification
[2024-12-01 17:05:34Z INFO JobNotification] Entering StartMonitor
[2024-12-01 17:06:06Z INFO ProcessInvokerWrapper] STDOUT/STDERR stream read finished.
[2024-12-01 17:06:06Z INFO ProcessInvokerWrapper] STDOUT/STDERR stream read finished.
[2024-12-01 17:06:06Z INFO ProcessInvokerWrapper] Finished process 22444 with exit code 102, and elapsed time 00:00:32.0858890.
[2024-12-01 17:06:06Z INFO JobDispatcher] Worker finished for job 06476ec6-afcc-52c1-ece0-28635bcd86a6. Code: 102
[2024-12-01 17:06:06Z INFO JobDispatcher] finish job request for job 06476ec6-afcc-52c1-ece0-28635bcd86a6 with result: Failed
[2024-12-01 17:06:06Z INFO Terminal] WRITE LINE: 2024-12-01 17:06:06Z: Job sonar completed with result: Failed
[2024-12-01 17:06:06Z INFO JobDispatcher] Stop renew job request for job 06476ec6-afcc-52c1-ece0-28635bcd86a6.
[2024-12-01 17:06:06Z INFO JobDispatcher] job renew has been cancelled, stop renew job request 4.
[2024-12-01 17:06:06Z INFO JobNotification] Entering JobCompleted Notification
[2024-12-01 17:06:06Z INFO JobNotification] Entering EndMonitor
[2024-12-01 17:06:06Z INFO MessageListener] Received job status event. JobState: Online
[2024-12-01 17:08:58Z INFO Terminal] WRITE LINE: Exiting...
[2024-12-01 17:08:58Z INFO ConfigurationStore] IsServiceConfigured()
[2024-12-01 17:08:58Z INFO ConfigurationStore] IsServiceConfigured: False
[2024-12-01 17:08:58Z INFO HostContext] Runner will be shutdown for UserCancelled
[2024-12-01 17:08:58Z WARN GitHubActionsService] GET request to https://broker.actions.githubusercontent.com/message?sessionId=2d630675-3523-46e6-a25c-675e6a50ba6c&status=Online&runnerVersion=2.321.0&os=Windows&architecture=X64&disableUpdate=false has been cancelled.
[2024-12-01 17:08:58Z ERR  BrokerServer] Catch exception during request
[2024-12-01 17:08:58Z ERR  BrokerServer] System.Threading.Tasks.TaskCanceledException: The operation was canceled.
 ---> System.Threading.Tasks.TaskCanceledException: The operation was canceled.
 ---> System.IO.IOException: Unable to read data from the transport connection: L’opération d’entrée/sortie a été abandonnée en raison de l’arrêt d’un thread ou à la demande d’une application..
 ---> System.Net.Sockets.SocketException (995): L’opération d’entrée/sortie a été abandonnée en raison de l’arrêt d’un thread ou à la demande d’une application.
   --- End of inner exception stack trace ---
   at System.Net.Sockets.Socket.AwaitableSocketAsyncEventArgs.ThrowException(SocketError error, CancellationToken cancellationToken)
   at System.Net.Sockets.Socket.AwaitableSocketAsyncEventArgs.System.Threading.Tasks.Sources.IValueTaskSource<System.Int32>.GetResult(Int16 token)
   at System.Net.Security.SslStream.EnsureFullTlsFrameAsync[TIOAdapter](CancellationToken cancellationToken, Int32 estimatedSize)
   at System.Runtime.CompilerServices.PoolingAsyncValueTaskMethodBuilder`1.StateMachineBox`1.System.Threading.Tasks.Sources.IValueTaskSource<TResult>.GetResult(Int16 token)
   at System.Net.Security.SslStream.ReadAsyncInternal[TIOAdapter](Memory`1 buffer, CancellationToken cancellationToken)
   at System.Runtime.CompilerServices.PoolingAsyncValueTaskMethodBuilder`1.StateMachineBox`1.System.Threading.Tasks.Sources.IValueTaskSource<TResult>.GetResult(Int16 token)
   at System.Net.Http.HttpConnection.SendAsync(HttpRequestMessage request, Boolean async, CancellationToken cancellationToken)
   --- End of inner exception stack trace ---
   at System.Net.Http.HttpConnection.SendAsync(HttpRequestMessage request, Boolean async, CancellationToken cancellationToken)
   at System.Net.Http.AuthenticationHelper.SendWithNtAuthAsync(HttpRequestMessage request, Uri authUri, Boolean async, ICredentials credentials, Boolean isProxyAuth, HttpConnection connection, HttpConnectionPool connectionPool, CancellationToken cancellationToken)
   at System.Net.Http.HttpConnectionPool.SendWithVersionDetectionAndRetryAsync(HttpRequestMessage request, Boolean async, Boolean doRequestAuth, CancellationToken cancellationToken)
   at System.Net.Http.AuthenticationHelper.SendWithAuthAsync(HttpRequestMessage request, Uri authUri, Boolean async, ICredentials credentials, Boolean preAuthenticate, Boolean isProxyAuth, Boolean doRequestAuth, HttpConnectionPool pool, CancellationToken cancellationToken)
   at System.Net.Http.RedirectHandler.SendAsync(HttpRequestMessage request, Boolean async, CancellationToken cancellationToken)
   at GitHub.Services.Common.RawHttpMessageHandler.SendAsync(HttpRequestMessage request, CancellationToken cancellationToken)
   at GitHub.Services.Common.VssHttpRetryMessageHandler.SendAsync(HttpRequestMessage request, CancellationToken cancellationToken)
   at System.Net.Http.HttpClient.<SendAsync>g__Core|83_0(HttpRequestMessage request, HttpCompletionOption completionOption, CancellationTokenSource cts, Boolean disposeCts, CancellationTokenSource pendingRequestsCts, CancellationToken originalCancellationToken)
   --- End of inner exception stack trace ---
   at System.Net.Http.HttpClient.HandleFailure(Exception e, Boolean telemetryStarted, HttpResponseMessage response, CancellationTokenSource cts, CancellationToken cancellationToken, CancellationTokenSource pendingRequestsCts)
   at System.Net.Http.HttpClient.<SendAsync>g__Core|83_0(HttpRequestMessage request, HttpCompletionOption completionOption, CancellationTokenSource cts, Boolean disposeCts, CancellationTokenSource pendingRequestsCts, CancellationToken originalCancellationToken)
   at Sdk.WebApi.WebApi.RawHttpClientBase.SendAsync(HttpRequestMessage message, HttpCompletionOption completionOption, Object userState, CancellationToken cancellationToken)
   at Sdk.WebApi.WebApi.RawHttpClientBase.SendAsync[T](HttpRequestMessage message, Boolean readErrorBody, Object userState, CancellationToken cancellationToken)
   at Sdk.WebApi.WebApi.RawHttpClientBase.SendAsync[T](HttpMethod method, IEnumerable`1 additionalHeaders, Uri requestUri, HttpContent content, IEnumerable`1 queryParameters, Boolean readErrorBody, Object userState, CancellationToken cancellationToken)
   at GitHub.Actions.RunService.WebApi.BrokerHttpClient.GetRunnerMessageAsync(Nullable`1 sessionId, String runnerVersion, Nullable`1 status, String os, String architecture, Nullable`1 disableUpdate, CancellationToken cancellationToken)
   at GitHub.Runner.Common.BrokerServer.<>c__DisplayClass7_0.<<GetRunnerMessageAsync>b__0>d.MoveNext()
--- End of stack trace from previous location ---
   at GitHub.Runner.Common.RunnerService.RetryRequest[T](Func`1 func, CancellationToken cancellationToken, Int32 maxRetryAttemptsCount, Func`2 shouldRetry)
[2024-12-01 17:08:58Z ERR  BrokerServer] #####################################################
[2024-12-01 17:08:58Z ERR  BrokerServer] System.Threading.Tasks.TaskCanceledException: The operation was canceled.
 ---> System.IO.IOException: Unable to read data from the transport connection: L’opération d’entrée/sortie a été abandonnée en raison de l’arrêt d’un thread ou à la demande d’une application..
 ---> System.Net.Sockets.SocketException (995): L’opération d’entrée/sortie a été abandonnée en raison de l’arrêt d’un thread ou à la demande d’une application.
   --- End of inner exception stack trace ---
   at System.Net.Sockets.Socket.AwaitableSocketAsyncEventArgs.ThrowException(SocketError error, CancellationToken cancellationToken)
   at System.Net.Sockets.Socket.AwaitableSocketAsyncEventArgs.System.Threading.Tasks.Sources.IValueTaskSource<System.Int32>.GetResult(Int16 token)
   at System.Net.Security.SslStream.EnsureFullTlsFrameAsync[TIOAdapter](CancellationToken cancellationToken, Int32 estimatedSize)
   at System.Runtime.CompilerServices.PoolingAsyncValueTaskMethodBuilder`1.StateMachineBox`1.System.Threading.Tasks.Sources.IValueTaskSource<TResult>.GetResult(Int16 token)
   at System.Net.Security.SslStream.ReadAsyncInternal[TIOAdapter](Memory`1 buffer, CancellationToken cancellationToken)
   at System.Runtime.CompilerServices.PoolingAsyncValueTaskMethodBuilder`1.StateMachineBox`1.System.Threading.Tasks.Sources.IValueTaskSource<TResult>.GetResult(Int16 token)
   at System.Net.Http.HttpConnection.SendAsync(HttpRequestMessage request, Boolean async, CancellationToken cancellationToken)
   --- End of inner exception stack trace ---
   at System.Net.Http.HttpConnection.SendAsync(HttpRequestMessage request, Boolean async, CancellationToken cancellationToken)
   at System.Net.Http.AuthenticationHelper.SendWithNtAuthAsync(HttpRequestMessage request, Uri authUri, Boolean async, ICredentials credentials, Boolean isProxyAuth, HttpConnection connection, HttpConnectionPool connectionPool, CancellationToken cancellationToken)
   at System.Net.Http.HttpConnectionPool.SendWithVersionDetectionAndRetryAsync(HttpRequestMessage request, Boolean async, Boolean doRequestAuth, CancellationToken cancellationToken)
   at System.Net.Http.AuthenticationHelper.SendWithAuthAsync(HttpRequestMessage request, Uri authUri, Boolean async, ICredentials credentials, Boolean preAuthenticate, Boolean isProxyAuth, Boolean doRequestAuth, HttpConnectionPool pool, CancellationToken cancellationToken)
   at System.Net.Http.RedirectHandler.SendAsync(HttpRequestMessage request, Boolean async, CancellationToken cancellationToken)
   at GitHub.Services.Common.RawHttpMessageHandler.SendAsync(HttpRequestMessage request, CancellationToken cancellationToken)
   at GitHub.Services.Common.VssHttpRetryMessageHandler.SendAsync(HttpRequestMessage request, CancellationToken cancellationToken)
   at System.Net.Http.HttpClient.<SendAsync>g__Core|83_0(HttpRequestMessage request, HttpCompletionOption completionOption, CancellationTokenSource cts, Boolean disposeCts, CancellationTokenSource pendingRequestsCts, CancellationToken originalCancellationToken)
[2024-12-01 17:08:58Z ERR  BrokerServer] #####################################################
[2024-12-01 17:08:58Z ERR  BrokerServer] System.IO.IOException: Unable to read data from the transport connection: L’opération d’entrée/sortie a été abandonnée en raison de l’arrêt d’un thread ou à la demande d’une application..
 ---> System.Net.Sockets.SocketException (995): L’opération d’entrée/sortie a été abandonnée en raison de l’arrêt d’un thread ou à la demande d’une application.
   --- End of inner exception stack trace ---
   at System.Net.Sockets.Socket.AwaitableSocketAsyncEventArgs.ThrowException(SocketError error, CancellationToken cancellationToken)
   at System.Net.Sockets.Socket.AwaitableSocketAsyncEventArgs.System.Threading.Tasks.Sources.IValueTaskSource<System.Int32>.GetResult(Int16 token)
   at System.Net.Security.SslStream.EnsureFullTlsFrameAsync[TIOAdapter](CancellationToken cancellationToken, Int32 estimatedSize)
   at System.Runtime.CompilerServices.PoolingAsyncValueTaskMethodBuilder`1.StateMachineBox`1.System.Threading.Tasks.Sources.IValueTaskSource<TResult>.GetResult(Int16 token)
   at System.Net.Security.SslStream.ReadAsyncInternal[TIOAdapter](Memory`1 buffer, CancellationToken cancellationToken)
   at System.Runtime.CompilerServices.PoolingAsyncValueTaskMethodBuilder`1.StateMachineBox`1.System.Threading.Tasks.Sources.IValueTaskSource<TResult>.GetResult(Int16 token)
   at System.Net.Http.HttpConnection.SendAsync(HttpRequestMessage request, Boolean async, CancellationToken cancellationToken)
[2024-12-01 17:08:58Z ERR  BrokerServer] #####################################################
[2024-12-01 17:08:58Z ERR  BrokerServer] System.Net.Sockets.SocketException (995): L’opération d’entrée/sortie a été abandonnée en raison de l’arrêt d’un thread ou à la demande d’une application.
[2024-12-01 17:08:58Z WARN BrokerServer] Back off 13,576 seconds before next retry. 4 attempt left.
[2024-12-01 17:08:58Z INFO MessageListener] Get next message has been cancelled.
[2024-12-01 17:08:58Z INFO JobDispatcher] Shutting down JobDispatcher. Make sure all WorkerDispatcher has finished.
[2024-12-01 17:08:58Z INFO JobDispatcher] Ensure WorkerDispatcher for job 06476ec6-afcc-52c1-ece0-28635bcd86a6 run to finish, cancel any running job.
[2024-12-01 17:08:58Z INFO JobDispatcher] Job request 06476ec6-afcc-52c1-ece0-28635bcd86a6 processed succeed.
[2024-12-01 17:08:58Z INFO Runner] Deleting Runner Session...
[2024-12-01 17:08:58Z INFO Listener] Runner execution been cancelled.
