[2024-12-01 17:52:34Z INFO HostContext] No proxy settings were found based on environmental variables (http_proxy/https_proxy/HTTP_PROXY/HTTPS_PROXY)
[2024-12-01 17:52:34Z INFO HostContext] Well known directory 'Bin': 'C:\Users\info\Desktop\user-management\actions-runner\bin'
[2024-12-01 17:52:34Z INFO HostContext] Well known directory 'Root': 'C:\Users\info\Desktop\user-management\actions-runner'
[2024-12-01 17:52:34Z INFO HostContext] Well known config file 'Credentials': 'C:\Users\info\Desktop\user-management\actions-runner\.credentials'
[2024-12-01 17:52:34Z INFO HostContext] Well known directory 'Bin': 'C:\Users\info\Desktop\user-management\actions-runner\bin'
[2024-12-01 17:52:34Z INFO HostContext] Well known directory 'Root': 'C:\Users\info\Desktop\user-management\actions-runner'
[2024-12-01 17:52:34Z INFO HostContext] Well known config file 'Runner': 'C:\Users\info\Desktop\user-management\actions-runner\.runner'
[2024-12-01 17:52:34Z INFO Worker] Version: 2.321.0
[2024-12-01 17:52:34Z INFO Worker] Commit: e249007931b7c8e857797fa259c167f0bd4f997a
[2024-12-01 17:52:34Z INFO Worker] Culture: fr-FR
[2024-12-01 17:52:34Z INFO Worker] UI Culture: fr-FR
[2024-12-01 17:52:34Z INFO Worker] Waiting to receive the job message from the channel.
[2024-12-01 17:52:34Z INFO ProcessChannel] Receiving message of length 29573, with hash '27fb91e16889c17c4311e59bc2e37936ae59039d31c4914bc6b35d9f15fc9292'
[2024-12-01 17:52:34Z INFO Worker] Message received.
[2024-12-01 17:52:35Z INFO Worker] Job message:
 {
  "fileTable": [
    ".github/workflows/build-an-deploy.yml"
  ],
  "mask": [
    {
      "type": "regex",
      "value": "***"
    },
    {
      "type": "regex",
      "value": "***"
    },
    {
      "type": "regex",
      "value": "***"
    },
    {
      "type": "regex",
      "value": "***"
    },
    {
      "type": "regex",
      "value": "***"
    },
    {
      "type": "regex",
      "value": "***"
    },
    {
      "type": "regex",
      "value": "***"
    },
    {
      "type": "regex",
      "value": "***"
    },
    {
      "type": "regex",
      "value": "***"
    },
    {
      "type": "regex",
      "value": "***"
    },
    {
      "type": "regex",
      "value": "***"
    },
    {
      "type": "regex",
      "value": "***"
    },
    {
      "type": "regex",
      "value": "***"
    },
    {
      "type": "regex",
      "value": "***"
    },
    {
      "type": "regex",
      "value": "***"
    },
    {
      "type": "regex",
      "value": "***"
    },
    {
      "type": "regex",
      "value": "***"
    },
    {
      "type": "regex",
      "value": "***"
    },
    {
      "type": "regex",
      "value": "***"
    }
  ],
  "steps": [
    {
      "type": "action",
      "reference": {
        "type": "repository",
        "name": "actions/checkout",
        "ref": "v4",
        "repositoryType": "GitHub",
        "path": ""
      },
      "contextName": "__actions_checkout",
      "inputs": {
        "type": 2,
        "file": 1,
        "line": 17,
        "col": 11,
        "map": [
          {
            "key": {
              "type": 0,
              "file": 1,
              "line": 17,
              "col": 11,
              "lit": "fetch-depth"
            },
            "value": {
              "type": 0,
              "file": 1,
              "line": 17,
              "col": 24,
              "lit": "0"
            }
          }
        ]
      },
      "condition": "success()",
      "id": "a60052d4-79a0-5821-3eeb-84adb9872c5b",
      "name": "__actions_checkout"
    },
    {
      "type": "action",
      "reference": {
        "type": "repository",
        "name": "actions/setup-java",
        "ref": "v3",
        "repositoryType": "GitHub",
        "path": ""
      },
      "displayNameToken": {
        "type": 0,
        "file": 1,
        "line": 20,
        "col": 15,
        "lit": "Set up JDK 21"
      },
      "contextName": "__actions_setup-java",
      "inputs": {
        "type": 2,
        "file": 1,
        "line": 23,
        "col": 11,
        "map": [
          {
            "key": {
              "type": 0,
              "file": 1,
              "line": 23,
              "col": 11,
              "lit": "java-version"
            },
            "value": {
              "type": 0,
              "file": 1,
              "line": 23,
              "col": 25,
              "lit": "21"
            }
          },
          {
            "key": {
              "type": 0,
              "file": 1,
              "line": 24,
              "col": 11,
              "lit": "distribution"
            },
            "value": {
              "type": 0,
              "file": 1,
              "line": 24,
              "col": 25,
              "lit": "temurin"
            }
          },
          {
            "key": {
              "type": 0,
              "file": 1,
              "line": 25,
              "col": 11,
              "lit": "cache"
            },
            "value": {
              "type": 0,
              "file": 1,
              "line": 25,
              "col": 18,
              "lit": "maven"
            }
          }
        ]
      },
      "condition": "success()",
      "id": "ce30512f-c0e8-5aa2-98dd-dd70263281f9",
      "name": "__actions_setup-java"
    },
    {
      "type": "action",
      "reference": {
        "type": "script"
      },
      "displayNameToken": {
        "type": 0,
        "file": 1,
        "line": 28,
        "col": 15,
        "lit": "Setup Maven"
      },
      "contextName": "__run",
      "inputs": {
        "type": 2,
        "map": [
          {
            "key": "script",
            "value": {
              "type": 0,
              "file": 1,
              "line": 30,
              "col": 14,
              "lit": "echo \"MAVEN_HOME=$env:USERPROFILE\\maven\\apache-maven-3.8.8\" >> $env:GITHUB_ENV\necho \"$env:USERPROFILE\\maven\\apache-maven-3.8.8\\bin\" >> $env:GITHUB_PATH\n"
            }
          },
          {
            "key": "shell",
            "value": {
              "type": 0,
              "file": 1,
              "line": 29,
              "col": 16,
              "lit": "powershell"
            }
          }
        ]
      },
      "condition": "success()",
      "id": "dd23db01-cff6-57a4-373a-5c8097a97333",
      "name": "__run"
    },
    {
      "type": "action",
      "reference": {
        "type": "script"
      },
      "displayNameToken": {
        "type": 0,
        "file": 1,
        "line": 34,
        "col": 15,
        "lit": "Build and analyze"
      },
      "contextName": "__run_2",
      "environment": {
        "type": 2,
        "file": 1,
        "line": 36,
        "col": 11,
        "map": [
          {
            "key": {
              "type": 0,
              "file": 1,
              "line": 36,
              "col": 11,
              "lit": "SONAR_TOKEN"
            },
            "value": {
              "type": 3,
              "file": 1,
              "line": 36,
              "col": 24,
              "expr": "secrets.SONAR_TOKEN"
            }
          },
          {
            "key": {
              "type": 0,
              "file": 1,
              "line": 37,
              "col": 11,
              "lit": "SONAR_HOST_URL"
            },
            "value": {
              "type": 3,
              "file": 1,
              "line": 37,
              "col": 27,
              "expr": "secrets.SONAR_HOST_URL"
            }
          }
        ]
      },
      "inputs": {
        "type": 2,
        "map": [
          {
            "key": "script",
            "value": {
              "type": 0,
              "file": 1,
              "line": 38,
              "col": 14,
              "lit": "mvn -B verify org.sonarsource.scanner.maven:sonar-maven-plugin:sonar -Dsonar.projectKey=tp-sonar -Dsonar.projectName='tp-sonarQube'\n"
            }
          },
          {
            "key": "shell",
            "value": {
              "type": 0,
              "file": 1,
              "line": 40,
              "col": 16,
              "lit": "cmd"
            }
          }
        ]
      },
      "condition": "success()",
      "id": "87b991c0-db8a-593e-4233-d8a37f15e4c9",
      "name": "__run_2"
    },
    {
      "type": "action",
      "reference": {
        "type": "script"
      },
      "displayNameToken": {
        "type": 0,
        "file": 1,
        "line": 42,
        "col": 15,
        "lit": "Build Docker image"
      },
      "contextName": "__run_3",
      "inputs": {
        "type": 2,
        "map": [
          {
            "key": "script",
            "value": {
              "type": 0,
              "file": 1,
              "line": 43,
              "col": 14,
              "lit": "docker build -t carikk/quality-gate:latest .\n"
            }
          }
        ]
      },
      "condition": "success()",
      "id": "6cb15225-bace-5236-3d64-8b6d88bf381f",
      "name": "__run_3"
    },
    {
      "type": "action",
      "reference": {
        "type": "script"
      },
      "displayNameToken": {
        "type": 0,
        "file": 1,
        "line": 46,
        "col": 15,
        "lit": "Log in to DockerHub"
      },
      "contextName": "__run_4",
      "inputs": {
        "type": 2,
        "map": [
          {
            "key": "script",
            "value": {
              "type": 3,
              "file": 1,
              "line": 48,
              "col": 14,
              "expr": "format('docker login -u \"{0}\" -p \"{1}\"\n', secrets.DOCKER_USERNAME, secrets.DOCKER_PASSWORD)"
            }
          },
          {
            "key": "shell",
            "value": {
              "type": 0,
              "file": 1,
              "line": 47,
              "col": 16,
              "lit": "powershell"
            }
          }
        ]
      },
      "condition": "success()",
      "id": "0bd5d730-eae6-5b54-0101-80d8a124934a",
      "name": "__run_4"
    },
    {
      "type": "action",
      "reference": {
        "type": "script"
      },
      "displayNameToken": {
        "type": 0,
        "file": 1,
        "line": 51,
        "col": 15,
        "lit": "Push Docker image"
      },
      "contextName": "__run_5",
      "inputs": {
        "type": 2,
        "map": [
          {
            "key": "script",
            "value": {
              "type": 0,
              "file": 1,
              "line": 52,
              "col": 14,
              "lit": "docker push carikk/quality-gate:latest\n"
            }
          }
        ]
      },
      "condition": "success()",
      "id": "56c94eb7-df85-5e8e-3f85-d622fcc0e0ae",
      "name": "__run_5"
    },
    {
      "type": "action",
      "reference": {
        "type": "script"
      },
      "displayNameToken": {
        "type": 0,
        "file": 1,
        "line": 55,
        "col": 15,
        "lit": "Set up kubeconfig"
      },
      "contextName": "__run_6",
      "inputs": {
        "type": 2,
        "map": [
          {
            "key": "script",
            "value": {
              "type": 3,
              "file": 1,
              "line": 56,
              "col": 14,
              "expr": "format('echo \"{0}\" > $HOME/.kube/config\nkubectl config use-context docker-desktop\nkubectl config set-context --current --namespace=ensakh\n', secrets.KUBECONFIG_CONTENT)"
            }
          }
        ]
      },
      "condition": "success()",
      "id": "492fb03e-5da2-5593-b2e7-251b1c9655b8",
      "name": "__run_6"
    },
    {
      "type": "action",
      "reference": {
        "type": "script"
      },
      "displayNameToken": {
        "type": 0,
        "file": 1,
        "line": 61,
        "col": 15,
        "lit": "Verify Kubernetes context"
      },
      "contextName": "__run_7",
      "inputs": {
        "type": 2,
        "map": [
          {
            "key": "script",
            "value": {
              "type": 0,
              "file": 1,
              "line": 62,
              "col": 14,
              "lit": "kubectl config current-context\nkubectl get namespaces\n"
            }
          }
        ]
      },
      "condition": "success()",
      "id": "5bab63ff-3e4e-53b3-3d57-7dc14e7029ce",
      "name": "__run_7"
    },
    {
      "type": "action",
      "reference": {
        "type": "script"
      },
      "displayNameToken": {
        "type": 0,
        "file": 1,
        "line": 66,
        "col": 15,
        "lit": "Deploy to kube"
      },
      "contextName": "__run_8",
      "inputs": {
        "type": 2,
        "map": [
          {
            "key": "script",
            "value": {
              "type": 0,
              "file": 1,
              "line": 67,
              "col": 14,
              "lit": "kubectl apply -f k8s/deployment.yaml\n"
            }
          }
        ]
      },
      "condition": "success()",
      "id": "389decbe-8ee2-5223-856d-f88e04c0008a",
      "name": "__run_8"
    },
    {
      "type": "action",
      "reference": {
        "type": "script"
      },
      "displayNameToken": {
        "type": 0,
        "file": 1,
        "line": 70,
        "col": 15,
        "lit": "Verify Kubernetes pods"
      },
      "contextName": "__run_9",
      "inputs": {
        "type": 2,
        "map": [
          {
            "key": "script",
            "value": {
              "type": 0,
              "file": 1,
              "line": 71,
              "col": 14,
              "lit": "kubectl get nodes\nkubectl get namespaces\nkubectl get pods\n"
            }
          }
        ]
      },
      "condition": "success()",
      "id": "c5aae008-bdf2-50bd-b78a-dffe823d9f59",
      "name": "__run_9"
    }
  ],
  "variables": {
    "DOCKER_PASSWORD": {
      "value": "***",
      "isSecret": true
    },
    "DOCKER_USERNAME": {
      "value": "***",
      "isSecret": true
    },
    "SONAR_HOST_URL": {
      "value": "***",
      "isSecret": true
    },
    "SONAR_TOKEN": {
      "value": "***",
      "isSecret": true
    },
    "system.isScheduled": {
      "value": "False"
    },
    "system.servertype": {
      "value": "Hosted"
    },
    "system.culture": {
      "value": ""
    },
    "system.pipelineStartTime": {
      "value": "2024-12-01 17:52:31+00:00"
    },
    "system.runner.lowdiskspacethreshold": {
      "value": "100"
    },
    "DistributedTask.NewActionMetadata": {
      "value": "true"
    },
    "DistributedTask.EnableCompositeActions": {
      "value": "true"
    },
    "DistributedTask.EnhancedAnnotations": {
      "value": "true"
    },
    "DistributedTask.UploadStepSummary": {
      "value": "true"
    },
    "DistributedTask.ForceGithubJavascriptActionsToNode16": {
      "value": "true"
    },
    "DistributedTask.ForceGithubJavascriptActionsToNode20": {
      "value": "true"
    },
    "DistributedTask.AddWarningToNode12Action": {
      "value": "true"
    },
    "DistributedTask.AddWarningToNode16Action": {
      "value": "true"
    },
    "DistributedTask.LogTemplateErrorsAsDebugMessages": {
      "value": "true"
    },
    "DistributedTask.AllowRunnerContainerHooks": {
      "value": "true"
    },
    "DistributedTask.DeprecateStepOutputCommands": {
      "value": "true"
    },
    "DistributedTask.UseWhich2": {
      "value": "true"
    },
    "DistributedTask.DetailUntarFailure": {
      "value": "true"
    },
    "DistributedTask.UseActionArchiveCache": {
      "value": "true"
    },
    "DistributedTask.EnableJobServerQueueTelemetry": {
      "value": "true"
    },
    "DistributedTask.MarkJobAsFailedOnWorkerCrash": {
      "value": "true"
    },
    "Actions.EnableHttpRedirects": {
      "value": "true"
    },
    "system.teamProjectId": {
      "value": "00000000-0000-0000-0000-000000000000"
    },
    "build.buildId": {
      "value": "9"
    },
    "build.containerId": {
      "value": "3618500"
    },
    "build.allowCreateArtifacts": {
      "value": "False"
    },
    "system.workflowFilePath": {
      "value": ".github/workflows/build-an-deploy.yml"
    },
    "system.phaseDisplayName": {
      "value": "Build, Analyze, and Deploy"
    },
    "system.phaseId": {
      "value": "6884a131-87da-5381-61f3-d7acc3b91d76"
    },
    "system.phaseName": {
      "value": "build"
    },
    "system.phaseAttempt": {
      "value": "1"
    },
    "system.jobIdentifier": {
      "value": "build.__default"
    },
    "system.jobAttempt": {
      "value": "1"
    },
    "System.JobPositionInPhase": {
      "value": "1"
    },
    "System.TotalJobsInPhase": {
      "value": "1"
    },
    "system.github.job": {
      "value": "build"
    },
    "system.jobDisplayName": {
      "value": "Build, Analyze, and Deploy"
    },
    "system.jobId": {
      "value": "ca395085-040a-526b-2ce8-bdc85f692774"
    },
    "system.jobName": {
      "value": "__default"
    },
    "system.github.token.permissions": {
      "value": "{\"Contents\":\"read\",\"Metadata\":\"read\",\"Packages\":\"read\"}"
    },
    "system.github.token": {
      "value": "***",
      "isSecret": true
    },
    "system.runnerEnvironment": {
      "value": "self-hosted"
    },
    "system.github.results_endpoint": {
      "value": "https://results-receiver.actions.githubusercontent.com/"
    },
    "system.github.results_upload_with_sdk": {
      "value": "True"
    },
    "system.testDotNet8Compatibility": {
      "value": "true"
    },
    "system.dotNet8CompatibilityOutputLength": {
      "value": "200"
    },
    "system.dotNet8CompatibilityOutputPattern": {
      "value": "GLIBCXX"
    },
    "system.dotNet8CompatibilityWarning": {
      "value": "The Actions runner will no longer support your OS version on November 1, 2024. Please upgrade to a supported version. For information, refer https://github.blog/changelog/2024-08-19-notice-of-upcoming-deprecations-and-breaking-changes-in-github-actions-runners/"
    },
    "system.orchestrationId": {
      "value": "0c95e3d7-0bc3-4286-9317-8def95f6244e.build.__default"
    },
    "system.runnerGroupName": {
      "value": "Default"
    }
  },
  "messageType": "PipelineAgentJobRequest",
  "plan": {
    "scopeIdentifier": "00000000-0000-0000-0000-000000000000",
    "planType": "Actions",
    "version": 41,
    "planId": "0c95e3d7-0bc3-4286-9317-8def95f6244e",
    "planGroup": "Actions:00000000-0000-0000-0000-000000000000:1",
    "artifactUri": "vstfs:///Build/Build/9",
    "artifactLocation": null,
    "definition": {
      "_links": {},
      "id": 3,
      "name": "user-management"
    },
    "owner": {
      "_links": {},
      "id": 3,
      "name": "abdeLKabir-56"
    }
  },
  "timeline": {
    "id": "0c95e3d7-0bc3-4286-9317-8def95f6244e",
    "changeId": 0,
    "location": null
  },
  "jobId": "ca395085-040a-526b-2ce8-bdc85f692774",
  "jobDisplayName": "Build, Analyze, and Deploy",
  "jobName": "__default",
  "requestId": 9,
  "lockedUntil": "0001-01-01T00:00:00",
  "resources": {
    "endpoints": [
      {
        "data": {
          "ServerId": "bc66dec7-c06b-4bc1-a7c6-40e796abce8e",
          "ServerName": "ZA6BDxvtsd2a7cGAvMm76SoJ4iPhN5djrzo1YA8ByuHTFbRNXX",
          "CacheServerUrl": "https://acghubeus2.actions.githubusercontent.com/ZA6BDxvtsd2a7cGAvMm76SoJ4iPhN5djrzo1YA8ByuHTFbRNXX/",
          "FeedStreamUrl": "https://results-receiver.actions.githubusercontent.com/_ws/ingest.sock",
          "ResultsServiceUrl": "https://results-receiver.actions.githubusercontent.com/",
          "ConnectivityChecks": "[\"https://acghubeus0.actions.githubusercontent.com/_apis/health\",\"https://containers.pkg.github.com/health\",\"https://ghcr.io/health\",\"https://results-receiver.actions.githubusercontent.com/health\",\"https://pkg.actions.githubusercontent.com\",\"https://pkg-containers.githubusercontent.com\",\"https://actions-results-receiver-production.githubapp.com/health\",\"https://pipelinesghubeus23.actions.githubusercontent.com/_apis/health\"]"
        },
        "name": "SystemVssConnection",
        "url": "https://pipelinesghubeus23.actions.githubusercontent.com/ZA6BDxvtsd2a7cGAvMm76SoJ4iPhN5djrzo1YA8ByuHTFbRNXX/",
        "authorization": {
          "parameters": {
            "AccessToken": ***
          },
          "scheme": "OAuth"
        },
        "isShared": false,
        "isReady": true
      }
    ]
  },
  "contextData": {
    "github": {
      "t": 2,
      "d": [
        {
          "k": "ref",
          "v": "refs/heads/main"
        },
        {
          "k": "sha",
          "v": "d4565a846b2fc187a3ef639349a9466ac7e67bd6"
        },
        {
          "k": "repository",
          "v": "abdeLKabir-56/user-management"
        },
        {
          "k": "repository_owner",
          "v": "abdeLKabir-56"
        },
        {
          "k": "repository_owner_id",
          "v": "83447471"
        },
        {
          "k": "repositoryUrl",
          "v": "git://github.com/abdeLKabir-56/user-management.git"
        },
        {
          "k": "run_id",
          "v": "12107728197"
        },
        {
          "k": "run_number",
          "v": "4"
        },
        {
          "k": "retention_days",
          "v": "90"
        },
        {
          "k": "run_attempt",
          "v": "1"
        },
        {
          "k": "artifact_cache_size_limit",
          "v": "10"
        },
        {
          "k": "repository_visibility",
          "v": "public"
        },
        {
          "k": "repo-self-hosted-runners-disabled",
          "v": false
        },
        {
          "k": "enterprise-managed-business-id",
          "v": ""
        },
        {
          "k": "repository_id",
          "v": "896652377"
        },
        {
          "k": "actor_id",
          "v": "83447471"
        },
        {
          "k": "actor",
          "v": "abdeLKabir-56"
        },
        {
          "k": "triggering_actor",
          "v": "abdeLKabir-56"
        },
        {
          "k": "workflow",
          "v": "Build and Deploy"
        },
        {
          "k": "head_ref",
          "v": ""
        },
        {
          "k": "base_ref",
          "v": ""
        },
        {
          "k": "event_name",
          "v": "push"
        },
        {
          "k": "event",
          "v": {
            "t": 2,
            "d": [
              {
                "k": "after",
                "v": "d4565a846b2fc187a3ef639349a9466ac7e67bd6"
              },
              {
                "k": "base_ref",
                "v": null
              },
              {
                "k": "before",
                "v": "6af2b4d7d238c99d5bd8944b0a826b990e4ee207"
              },
              {
                "k": "commits",
                "v": {
                  "t": 1,
                  "a": [
                    {
                      "t": 2,
                      "d": [
                        {
                          "k": "author",
                          "v": {
                            "t": 2,
                            "d": [
                              {
                                "k": "email",
                                "v": "abdelkabirelhamoussi@gmail.com"
                              },
                              {
                                "k": "name",
                                "v": "abdeLKabir-56"
                              },
                              {
                                "k": "username",
                                "v": "abdeLKabir-56"
                              }
                            ]
                          }
                        },
                        {
                          "k": "committer",
                          "v": {
                            "t": 2,
                            "d": [
                              {
                                "k": "email",
                                "v": "abdelkabirelhamoussi@gmail.com"
                              },
                              {
                                "k": "name",
                                "v": "abdeLKabir-56"
                              },
                              {
                                "k": "username",
                                "v": "abdeLKabir-56"
                              }
                            ]
                          }
                        },
                        {
                          "k": "distinct",
                          "v": true
                        },
                        {
                          "k": "id",
                          "v": "d4565a846b2fc187a3ef639349a9466ac7e67bd6"
                        },
                        {
                          "k": "message",
                          "v": "update sonarQube workfolow"
                        },
                        {
                          "k": "timestamp",
                          "v": "2024-12-01T18:50:54+01:00"
                        },
                        {
                          "k": "tree_id",
                          "v": "fbe5d2836bdcfe4c607426f8ed585ea9235c9837"
                        },
                        {
                          "k": "url",
                          "v": "https://github.com/abdeLKabir-56/user-management/commit/d4565a846b2fc187a3ef639349a9466ac7e67bd6"
                        }
                      ]
                    }
                  ]
                }
              },
              {
                "k": "compare",
                "v": "https://github.com/abdeLKabir-56/user-management/compare/6af2b4d7d238...d4565a846b2f"
              },
              {
                "k": "created",
                "v": false
              },
              {
                "k": "deleted",
                "v": false
              },
              {
                "k": "forced",
                "v": false
              },
              {
                "k": "head_commit",
                "v": {
                  "t": 2,
                  "d": [
                    {
                      "k": "author",
                      "v": {
                        "t": 2,
                        "d": [
                          {
                            "k": "email",
                            "v": "abdelkabirelhamoussi@gmail.com"
                          },
                          {
                            "k": "name",
                            "v": "abdeLKabir-56"
                          },
                          {
                            "k": "username",
                            "v": "abdeLKabir-56"
                          }
                        ]
                      }
                    },
                    {
                      "k": "committer",
                      "v": {
                        "t": 2,
                        "d": [
                          {
                            "k": "email",
                            "v": "abdelkabirelhamoussi@gmail.com"
                          },
                          {
                            "k": "name",
                            "v": "abdeLKabir-56"
                          },
                          {
                            "k": "username",
                            "v": "abdeLKabir-56"
                          }
                        ]
                      }
                    },
                    {
                      "k": "distinct",
                      "v": true
                    },
                    {
                      "k": "id",
                      "v": "d4565a846b2fc187a3ef639349a9466ac7e67bd6"
                    },
                    {
                      "k": "message",
                      "v": "update sonarQube workfolow"
                    },
                    {
                      "k": "timestamp",
                      "v": "2024-12-01T18:50:54+01:00"
                    },
                    {
                      "k": "tree_id",
                      "v": "fbe5d2836bdcfe4c607426f8ed585ea9235c9837"
                    },
                    {
                      "k": "url",
                      "v": "https://github.com/abdeLKabir-56/user-management/commit/d4565a846b2fc187a3ef639349a9466ac7e67bd6"
                    }
                  ]
                }
              },
              {
                "k": "pusher",
                "v": {
                  "t": 2,
                  "d": [
                    {
                      "k": "email",
                      "v": "83447471+abdeLKabir-56@users.noreply.github.com"
                    },
                    {
                      "k": "name",
                      "v": "abdeLKabir-56"
                    }
                  ]
                }
              },
              {
                "k": "ref",
                "v": "refs/heads/main"
              },
              {
                "k": "repository",
                "v": {
                  "t": 2,
                  "d": [
                    {
                      "k": "allow_forking",
                      "v": true
                    },
                    {
                      "k": "archive_url",
                      "v": "https://api.github.com/repos/abdeLKabir-56/user-management/{archive_format}{/ref}"
                    },
                    {
                      "k": "archived",
                      "v": false
                    },
                    {
                      "k": "assignees_url",
                      "v": "https://api.github.com/repos/abdeLKabir-56/user-management/assignees{/user}"
                    },
                    {
                      "k": "blobs_url",
                      "v": "https://api.github.com/repos/abdeLKabir-56/user-management/git/blobs{/sha}"
                    },
                    {
                      "k": "branches_url",
                      "v": "https://api.github.com/repos/abdeLKabir-56/user-management/branches{/branch}"
                    },
                    {
                      "k": "clone_url",
                      "v": "https://github.com/abdeLKabir-56/user-management.git"
                    },
                    {
                      "k": "collaborators_url",
                      "v": "https://api.github.com/repos/abdeLKabir-56/user-management/collaborators{/collaborator}"
                    },
                    {
                      "k": "comments_url",
                      "v": "https://api.github.com/repos/abdeLKabir-56/user-management/comments{/number}"
                    },
                    {
                      "k": "commits_url",
                      "v": "https://api.github.com/repos/abdeLKabir-56/user-management/commits{/sha}"
                    },
                    {
                      "k": "compare_url",
                      "v": "https://api.github.com/repos/abdeLKabir-56/user-management/compare/{base}...{head}"
                    },
                    {
                      "k": "contents_url",
                      "v": "https://api.github.com/repos/abdeLKabir-56/user-management/contents/{+path}"
                    },
                    {
                      "k": "contributors_url",
                      "v": "https://api.github.com/repos/abdeLKabir-56/user-management/contributors"
                    },
                    {
                      "k": "created_at",
                      "v": 1733010521.0
                    },
                    {
                      "k": "default_branch",
                      "v": "main"
                    },
                    {
                      "k": "deployments_url",
                      "v": "https://api.github.com/repos/abdeLKabir-56/user-management/deployments"
                    },
                    {
                      "k": "description",
                      "v": null
                    },
                    {
                      "k": "disabled",
                      "v": false
                    },
                    {
                      "k": "downloads_url",
                      "v": "https://api.github.com/repos/abdeLKabir-56/user-management/downloads"
                    },
                    {
                      "k": "events_url",
                      "v": "https://api.github.com/repos/abdeLKabir-56/user-management/events"
                    },
                    {
                      "k": "fork",
                      "v": false
                    },
                    {
                      "k": "forks",
                      "v": 0.0
                    },
                    {
                      "k": "forks_count",
                      "v": 0.0
                    },
                    {
                      "k": "forks_url",
                      "v": "https://api.github.com/repos/abdeLKabir-56/user-management/forks"
                    },
                    {
                      "k": "full_name",
                      "v": "abdeLKabir-56/user-management"
                    },
                    {
                      "k": "git_commits_url",
                      "v": "https://api.github.com/repos/abdeLKabir-56/user-management/git/commits{/sha}"
                    },
                    {
                      "k": "git_refs_url",
                      "v": "https://api.github.com/repos/abdeLKabir-56/user-management/git/refs{/sha}"
                    },
                    {
                      "k": "git_tags_url",
                      "v": "https://api.github.com/repos/abdeLKabir-56/user-management/git/tags{/sha}"
                    },
                    {
                      "k": "git_url",
                      "v": "git://github.com/abdeLKabir-56/user-management.git"
                    },
                    {
                      "k": "has_discussions",
                      "v": false
                    },
                    {
                      "k": "has_downloads",
                      "v": true
                    },
                    {
                      "k": "has_issues",
                      "v": true
                    },
                    {
                      "k": "has_pages",
                      "v": false
                    },
                    {
                      "k": "has_projects",
                      "v": true
                    },
                    {
                      "k": "has_wiki",
                      "v": true
                    },
                    {
                      "k": "homepage",
                      "v": null
                    },
                    {
                      "k": "hooks_url",
                      "v": "https://api.github.com/repos/abdeLKabir-56/user-management/hooks"
                    },
                    {
                      "k": "html_url",
                      "v": "https://github.com/abdeLKabir-56/user-management"
                    },
                    {
                      "k": "id",
                      "v": 896652377.0
                    },
                    {
                      "k": "is_template",
                      "v": false
                    },
                    {
                      "k": "issue_comment_url",
                      "v": "https://api.github.com/repos/abdeLKabir-56/user-management/issues/comments{/number}"
                    },
                    {
                      "k": "issue_events_url",
                      "v": "https://api.github.com/repos/abdeLKabir-56/user-management/issues/events{/number}"
                    },
                    {
                      "k": "issues_url",
                      "v": "https://api.github.com/repos/abdeLKabir-56/user-management/issues{/number}"
                    },
                    {
                      "k": "keys_url",
                      "v": "https://api.github.com/repos/abdeLKabir-56/user-management/keys{/key_id}"
                    },
                    {
                      "k": "labels_url",
                      "v": "https://api.github.com/repos/abdeLKabir-56/user-management/labels{/name}"
                    },
                    {
                      "k": "language",
                      "v": "JavaScript"
                    },
                    {
                      "k": "languages_url",
                      "v": "https://api.github.com/repos/abdeLKabir-56/user-management/languages"
                    },
                    {
                      "k": "license",
                      "v": null
                    },
                    {
                      "k": "master_branch",
                      "v": "main"
                    },
                    {
                      "k": "merges_url",
                      "v": "https://api.github.com/repos/abdeLKabir-56/user-management/merges"
                    },
                    {
                      "k": "milestones_url",
                      "v": "https://api.github.com/repos/abdeLKabir-56/user-management/milestones{/number}"
                    },
                    {
                      "k": "mirror_url",
                      "v": null
                    },
                    {
                      "k": "name",
                      "v": "user-management"
                    },
                    {
                      "k": "node_id",
                      "v": "R_kgDONXHUWQ"
                    },
                    {
                      "k": "notifications_url",
                      "v": "https://api.github.com/repos/abdeLKabir-56/user-management/notifications{?since,all,participating}"
                    },
                    {
                      "k": "open_issues",
                      "v": 1.0
                    },
                    {
                      "k": "open_issues_count",
                      "v": 1.0
                    },
                    {
                      "k": "owner",
                      "v": {
                        "t": 2,
                        "d": [
                          {
                            "k": "avatar_url",
                            "v": "https://avatars.githubusercontent.com/u/83447471?v=4"
                          },
                          {
                            "k": "email",
                            "v": "83447471+abdeLKabir-56@users.noreply.github.com"
                          },
                          {
                            "k": "events_url",
                            "v": "https://api.github.com/users/abdeLKabir-56/events{/privacy}"
                          },
                          {
                            "k": "followers_url",
                            "v": "https://api.github.com/users/abdeLKabir-56/followers"
                          },
                          {
                            "k": "following_url",
                            "v": "https://api.github.com/users/abdeLKabir-56/following{/other_user}"
                          },
                          {
                            "k": "gists_url",
                            "v": "https://api.github.com/users/abdeLKabir-56/gists{/gist_id}"
                          },
                          {
                            "k": "gravatar_id",
                            "v": ""
                          },
                          {
                            "k": "html_url",
                            "v": "https://github.com/abdeLKabir-56"
                          },
                          {
                            "k": "id",
                            "v": 83447471.0
                          },
                          {
                            "k": "login",
                            "v": "abdeLKabir-56"
                          },
                          {
                            "k": "name",
                            "v": "abdeLKabir-56"
                          },
                          {
                            "k": "node_id",
                            "v": "MDQ6VXNlcjgzNDQ3NDcx"
                          },
                          {
                            "k": "organizations_url",
                            "v": "https://api.github.com/users/abdeLKabir-56/orgs"
                          },
                          {
                            "k": "received_events_url",
                            "v": "https://api.github.com/users/abdeLKabir-56/received_events"
                          },
                          {
                            "k": "repos_url",
                            "v": "https://api.github.com/users/abdeLKabir-56/repos"
                          },
                          {
                            "k": "site_admin",
                            "v": false
                          },
                          {
                            "k": "starred_url",
                            "v": "https://api.github.com/users/abdeLKabir-56/starred{/owner}{/repo}"
                          },
                          {
                            "k": "subscriptions_url",
                            "v": "https://api.github.com/users/abdeLKabir-56/subscriptions"
                          },
                          {
                            "k": "type",
                            "v": "User"
                          },
                          {
                            "k": "url",
                            "v": "https://api.github.com/users/abdeLKabir-56"
                          },
                          {
                            "k": "user_view_type",
                            "v": "public"
                          }
                        ]
                      }
                    },
                    {
                      "k": "private",
                      "v": false
                    },
                    {
                      "k": "pulls_url",
                      "v": "https://api.github.com/repos/abdeLKabir-56/user-management/pulls{/number}"
                    },
                    {
                      "k": "pushed_at",
                      "v": 1733075490.0
                    },
                    {
                      "k": "releases_url",
                      "v": "https://api.github.com/repos/abdeLKabir-56/user-management/releases{/id}"
                    },
                    {
                      "k": "size",
                      "v": 137019.0
                    },
                    {
                      "k": "ssh_url",
                      "v": "git@github.com:abdeLKabir-56/user-management.git"
                    },
                    {
                      "k": "stargazers",
                      "v": 0.0
                    },
                    {
                      "k": "stargazers_count",
                      "v": 0.0
                    },
                    {
                      "k": "stargazers_url",
                      "v": "https://api.github.com/repos/abdeLKabir-56/user-management/stargazers"
                    },
                    {
                      "k": "statuses_url",
                      "v": "https://api.github.com/repos/abdeLKabir-56/user-management/statuses/{sha}"
                    },
                    {
                      "k": "subscribers_url",
                      "v": "https://api.github.com/repos/abdeLKabir-56/user-management/subscribers"
                    },
                    {
                      "k": "subscription_url",
                      "v": "https://api.github.com/repos/abdeLKabir-56/user-management/subscription"
                    },
                    {
                      "k": "svn_url",
                      "v": "https://github.com/abdeLKabir-56/user-management"
                    },
                    {
                      "k": "tags_url",
                      "v": "https://api.github.com/repos/abdeLKabir-56/user-management/tags"
                    },
                    {
                      "k": "teams_url",
                      "v": "https://api.github.com/repos/abdeLKabir-56/user-management/teams"
                    },
                    {
                      "k": "topics",
                      "v": {
                        "t": 1
                      }
                    },
                    {
                      "k": "trees_url",
                      "v": "https://api.github.com/repos/abdeLKabir-56/user-management/git/trees{/sha}"
                    },
                    {
                      "k": "updated_at",
                      "v": "2024-12-01T17:30:08Z"
                    },
                    {
                      "k": "url",
                      "v": "https://github.com/abdeLKabir-56/user-management"
                    },
                    {
                      "k": "visibility",
                      "v": "public"
                    },
                    {
                      "k": "watchers",
                      "v": 0.0
                    },
                    {
                      "k": "watchers_count",
                      "v": 0.0
                    },
                    {
                      "k": "web_commit_signoff_required",
                      "v": false
                    }
                  ]
                }
              },
              {
                "k": "sender",
                "v": {
                  "t": 2,
                  "d": [
                    {
                      "k": "avatar_url",
                      "v": "https://avatars.githubusercontent.com/u/83447471?v=4"
                    },
                    {
                      "k": "events_url",
                      "v": "https://api.github.com/users/abdeLKabir-56/events{/privacy}"
                    },
                    {
                      "k": "followers_url",
                      "v": "https://api.github.com/users/abdeLKabir-56/followers"
                    },
                    {
                      "k": "following_url",
                      "v": "https://api.github.com/users/abdeLKabir-56/following{/other_user}"
                    },
                    {
                      "k": "gists_url",
                      "v": "https://api.github.com/users/abdeLKabir-56/gists{/gist_id}"
                    },
                    {
                      "k": "gravatar_id",
                      "v": ""
                    },
                    {
                      "k": "html_url",
                      "v": "https://github.com/abdeLKabir-56"
                    },
                    {
                      "k": "id",
                      "v": 83447471.0
                    },
                    {
                      "k": "login",
                      "v": "abdeLKabir-56"
                    },
                    {
                      "k": "node_id",
                      "v": "MDQ6VXNlcjgzNDQ3NDcx"
                    },
                    {
                      "k": "organizations_url",
                      "v": "https://api.github.com/users/abdeLKabir-56/orgs"
                    },
                    {
                      "k": "received_events_url",
                      "v": "https://api.github.com/users/abdeLKabir-56/received_events"
                    },
                    {
                      "k": "repos_url",
                      "v": "https://api.github.com/users/abdeLKabir-56/repos"
                    },
                    {
                      "k": "site_admin",
                      "v": false
                    },
                    {
                      "k": "starred_url",
                      "v": "https://api.github.com/users/abdeLKabir-56/starred{/owner}{/repo}"
                    },
                    {
                      "k": "subscriptions_url",
                      "v": "https://api.github.com/users/abdeLKabir-56/subscriptions"
                    },
                    {
                      "k": "type",
                      "v": "User"
                    },
                    {
                      "k": "url",
                      "v": "https://api.github.com/users/abdeLKabir-56"
                    },
                    {
                      "k": "user_view_type",
                      "v": "public"
                    }
                  ]
                }
              }
            ]
          }
        },
        {
          "k": "server_url",
          "v": "https://github.com"
        },
        {
          "k": "api_url",
          "v": "https://api.github.com"
        },
        {
          "k": "graphql_url",
          "v": "https://api.github.com/graphql"
        },
        {
          "k": "ref_name",
          "v": "main"
        },
        {
          "k": "ref_protected",
          "v": false
        },
        {
          "k": "ref_type",
          "v": "branch"
        },
        {
          "k": "secret_source",
          "v": "Actions"
        },
        {
          "k": "workflow_ref",
          "v": "abdeLKabir-56/user-management/.github/workflows/build-an-deploy.yml@refs/heads/main"
        },
        {
          "k": "workflow_sha",
          "v": "d4565a846b2fc187a3ef639349a9466ac7e67bd6"
        }
      ]
    },
    "run-feature-flags": {
      "t": 2,
      "d": [
        {
          "k": "actions_stream_logs_via_results_service",
          "v": true
        },
        {
          "k": "actions_use_results_service",
          "v": true
        },
        {
          "k": "actions_uses_cache_service_v2",
          "v": false
        },
        {
          "k": "block_artifacts_v3_exempted",
          "v": false
        },
        {
          "k": "larger_runners_custom_image_generation",
          "v": false
        }
      ]
    },
    "partialrerun": false,
    "needs": {
      "t": 2
    },
    "vars": null,
    "inputs": {
      "t": 2
    },
    "matrix": null,
    "strategy": {
      "t": 2,
      "d": [
        {
          "k": "fail-fast",
          "v": true
        },
        {
          "k": "job-index",
          "v": 0.0
        },
        {
          "k": "job-total",
          "v": 1.0
        },
        {
          "k": "max-parallel",
          "v": 1.0
        }
      ]
    },
    "EndpointsOverride": null
  }
}
[2024-12-01 17:52:35Z INFO JobRunner] Job ID ca395085-040a-526b-2ce8-bdc85f692774
[2024-12-01 17:52:35Z INFO ConfigurationStore] currentAssemblyLocation: C:\Users\info\Desktop\user-management\actions-runner\bin\Runner.Worker.dll
[2024-12-01 17:52:35Z INFO HostContext] Well known directory 'Bin': 'C:\Users\info\Desktop\user-management\actions-runner\bin'
[2024-12-01 17:52:35Z INFO ConfigurationStore] binPath: C:\Users\info\Desktop\user-management\actions-runner\bin
[2024-12-01 17:52:35Z INFO HostContext] Well known directory 'Bin': 'C:\Users\info\Desktop\user-management\actions-runner\bin'
[2024-12-01 17:52:35Z INFO HostContext] Well known directory 'Root': 'C:\Users\info\Desktop\user-management\actions-runner'
[2024-12-01 17:52:35Z INFO ConfigurationStore] RootFolder: C:\Users\info\Desktop\user-management\actions-runner
[2024-12-01 17:52:35Z INFO HostContext] Well known directory 'Bin': 'C:\Users\info\Desktop\user-management\actions-runner\bin'
[2024-12-01 17:52:35Z INFO HostContext] Well known directory 'Root': 'C:\Users\info\Desktop\user-management\actions-runner'
[2024-12-01 17:52:35Z INFO HostContext] Well known config file 'Runner': 'C:\Users\info\Desktop\user-management\actions-runner\.runner'
[2024-12-01 17:52:35Z INFO ConfigurationStore] ConfigFilePath: C:\Users\info\Desktop\user-management\actions-runner\.runner
[2024-12-01 17:52:35Z INFO HostContext] Well known directory 'Bin': 'C:\Users\info\Desktop\user-management\actions-runner\bin'
[2024-12-01 17:52:35Z INFO HostContext] Well known directory 'Root': 'C:\Users\info\Desktop\user-management\actions-runner'
[2024-12-01 17:52:35Z INFO HostContext] Well known config file 'Credentials': 'C:\Users\info\Desktop\user-management\actions-runner\.credentials'
[2024-12-01 17:52:35Z INFO ConfigurationStore] CredFilePath: C:\Users\info\Desktop\user-management\actions-runner\.credentials
[2024-12-01 17:52:35Z INFO HostContext] Well known directory 'Bin': 'C:\Users\info\Desktop\user-management\actions-runner\bin'
[2024-12-01 17:52:35Z INFO HostContext] Well known directory 'Root': 'C:\Users\info\Desktop\user-management\actions-runner'
[2024-12-01 17:52:35Z INFO HostContext] Well known config file 'MigratedCredentials': 'C:\Users\info\Desktop\user-management\actions-runner\.credentials_migrated'
[2024-12-01 17:52:35Z INFO ConfigurationStore] MigratedCredFilePath: C:\Users\info\Desktop\user-management\actions-runner\.credentials_migrated
[2024-12-01 17:52:35Z INFO HostContext] Well known directory 'Bin': 'C:\Users\info\Desktop\user-management\actions-runner\bin'
[2024-12-01 17:52:35Z INFO HostContext] Well known directory 'Root': 'C:\Users\info\Desktop\user-management\actions-runner'
[2024-12-01 17:52:35Z INFO HostContext] Well known config file 'Service': 'C:\Users\info\Desktop\user-management\actions-runner\.service'
[2024-12-01 17:52:35Z INFO ConfigurationStore] ServiceConfigFilePath: C:\Users\info\Desktop\user-management\actions-runner\.service
[2024-12-01 17:52:35Z INFO ConfigurationStore] Read setting file: 320 chars
[2024-12-01 17:52:35Z INFO JobRunner] Creating job server with URL: https://pipelinesghubeus23.actions.githubusercontent.com/ZA6BDxvtsd2a7cGAvMm76SoJ4iPhN5djrzo1YA8ByuHTFbRNXX/
[2024-12-01 17:52:35Z INFO GitHubActionsService] Starting operation Location.GetConnectionData
[2024-12-01 17:52:35Z INFO Worker] Listening for cancel message from the channel.
[2024-12-01 17:52:35Z INFO Worker] Waiting for the job to complete or for a cancel message from the channel.
[2024-12-01 17:52:36Z INFO GitHubActionsService] Finished operation Location.GetConnectionData
[2024-12-01 17:52:36Z INFO JobServer] Creating websocket client ...wss://results-receiver.actions.githubusercontent.com/_ws/ingest.sock
[2024-12-01 17:52:36Z INFO JobServer] Attempting to start websocket client with delay 00:00:00.
[2024-12-01 17:52:36Z INFO JobServerQueue] Initializing results client
[2024-12-01 17:52:36Z INFO JobServerQueue] Start process web console line queue.
[2024-12-01 17:52:36Z INFO JobServerQueue] Start process file upload queue.
[2024-12-01 17:52:36Z INFO JobServerQueue] Start results file upload queue.
[2024-12-01 17:52:36Z INFO JobServerQueue] Starting results-based upload queue...
[2024-12-01 17:52:36Z INFO JobServerQueue] Start process timeline update queue.
[2024-12-01 17:52:36Z INFO ExecutionContext] Initialize GitHub context
[2024-12-01 17:52:36Z INFO ExecutionContext] Initialize Env context
[2024-12-01 17:52:36Z INFO HostContext] Well known directory 'Bin': 'C:\Users\info\Desktop\user-management\actions-runner\bin'
[2024-12-01 17:52:36Z INFO HostContext] Well known directory 'Root': 'C:\Users\info\Desktop\user-management\actions-runner'
[2024-12-01 17:52:36Z INFO HostContext] Well known directory 'Diag': 'C:\Users\info\Desktop\user-management\actions-runner\_diag'
[2024-12-01 17:52:36Z INFO HostContext] Well known directory 'Bin': 'C:\Users\info\Desktop\user-management\actions-runner\bin'
[2024-12-01 17:52:36Z INFO HostContext] Well known directory 'Root': 'C:\Users\info\Desktop\user-management\actions-runner'
[2024-12-01 17:52:36Z INFO HostContext] Well known directory 'Diag': 'C:\Users\info\Desktop\user-management\actions-runner\_diag'
[2024-12-01 17:52:36Z INFO JobRunner] Starting the job execution context.
[2024-12-01 17:52:36Z INFO HostContext] Well known directory 'Bin': 'C:\Users\info\Desktop\user-management\actions-runner\bin'
[2024-12-01 17:52:36Z INFO HostContext] Well known directory 'Root': 'C:\Users\info\Desktop\user-management\actions-runner'
[2024-12-01 17:52:36Z INFO HostContext] Well known directory 'Work': 'C:\Users\info\Desktop\user-management\actions-runner\_work'
[2024-12-01 17:52:36Z INFO JobRunner] Validating directory permissions for: 'C:\Users\info\Desktop\user-management\actions-runner\_work'
[2024-12-01 17:52:36Z INFO HostContext] Well known directory 'Bin': 'C:\Users\info\Desktop\user-management\actions-runner\bin'
[2024-12-01 17:52:36Z INFO HostContext] Well known directory 'Root': 'C:\Users\info\Desktop\user-management\actions-runner'
[2024-12-01 17:52:36Z INFO HostContext] Well known directory 'Work': 'C:\Users\info\Desktop\user-management\actions-runner\_work'
[2024-12-01 17:52:36Z INFO HostContext] Well known directory 'Tools': 'C:\Users\info\Desktop\user-management\actions-runner\_work\_tool'
[2024-12-01 17:52:36Z INFO HostContext] Well known directory 'Bin': 'C:\Users\info\Desktop\user-management\actions-runner\bin'
[2024-12-01 17:52:36Z INFO HostContext] Well known directory 'Root': 'C:\Users\info\Desktop\user-management\actions-runner'
[2024-12-01 17:52:36Z INFO HostContext] Well known directory 'Work': 'C:\Users\info\Desktop\user-management\actions-runner\_work'
[2024-12-01 17:52:36Z INFO HostContext] Well known directory 'Temp': 'C:\Users\info\Desktop\user-management\actions-runner\_work\_temp'
[2024-12-01 17:52:36Z INFO JobRunner] Getting job extension.
[2024-12-01 17:52:36Z INFO JobRunner] Initialize job. Getting all job steps.
[2024-12-01 17:52:36Z INFO HostContext] Well known directory 'Bin': 'C:\Users\info\Desktop\user-management\actions-runner\bin'
[2024-12-01 17:52:36Z INFO HostContext] Well known directory 'Root': 'C:\Users\info\Desktop\user-management\actions-runner'
[2024-12-01 17:52:36Z INFO HostContext] Well known directory 'Diag': 'C:\Users\info\Desktop\user-management\actions-runner\_diag'
[2024-12-01 17:52:36Z INFO HostContext] Well known directory 'Bin': 'C:\Users\info\Desktop\user-management\actions-runner\bin'
[2024-12-01 17:52:36Z INFO HostContext] Well known directory 'Root': 'C:\Users\info\Desktop\user-management\actions-runner'
[2024-12-01 17:52:36Z INFO HostContext] Well known directory 'Diag': 'C:\Users\info\Desktop\user-management\actions-runner\_diag'
[2024-12-01 17:52:36Z INFO HostContext] Well known directory 'Bin': 'C:\Users\info\Desktop\user-management\actions-runner\bin'
[2024-12-01 17:52:36Z INFO HostContext] Well known directory 'Root': 'C:\Users\info\Desktop\user-management\actions-runner'
[2024-12-01 17:52:36Z INFO HostContext] Well known config file 'Credentials': 'C:\Users\info\Desktop\user-management\actions-runner\.credentials'
[2024-12-01 17:52:36Z INFO HostContext] Well known directory 'Bin': 'C:\Users\info\Desktop\user-management\actions-runner\bin'
[2024-12-01 17:52:36Z INFO HostContext] Well known directory 'Root': 'C:\Users\info\Desktop\user-management\actions-runner'
[2024-12-01 17:52:36Z INFO HostContext] Well known config file 'SetupInfo': 'C:\Users\info\Desktop\user-management\actions-runner\.setup_info'
[2024-12-01 17:52:36Z INFO HostContext] Well known directory 'Bin': 'C:\Users\info\Desktop\user-management\actions-runner\bin'
[2024-12-01 17:52:36Z INFO HostContext] Well known directory 'Root': 'C:\Users\info\Desktop\user-management\actions-runner'
[2024-12-01 17:52:36Z INFO HostContext] Well known directory 'Work': 'C:\Users\info\Desktop\user-management\actions-runner\_work'
[2024-12-01 17:52:36Z INFO PipelineDirectoryManager] Loading tracking config if exists: C:\Users\info\Desktop\user-management\actions-runner\_work\_PipelineMapping\abdeLKabir-56/user-management\PipelineFolder.json
[2024-12-01 17:52:36Z INFO PipelineDirectoryManager] Updating job run properties.
[2024-12-01 17:52:36Z INFO HostContext] Well known directory 'Bin': 'C:\Users\info\Desktop\user-management\actions-runner\bin'
[2024-12-01 17:52:36Z INFO HostContext] Well known directory 'Root': 'C:\Users\info\Desktop\user-management\actions-runner'
[2024-12-01 17:52:36Z INFO HostContext] Well known directory 'Work': 'C:\Users\info\Desktop\user-management\actions-runner\_work'
[2024-12-01 17:52:36Z INFO HostContext] Well known directory 'Bin': 'C:\Users\info\Desktop\user-management\actions-runner\bin'
[2024-12-01 17:52:36Z INFO HostContext] Well known directory 'Root': 'C:\Users\info\Desktop\user-management\actions-runner'
[2024-12-01 17:52:36Z INFO HostContext] Well known directory 'Work': 'C:\Users\info\Desktop\user-management\actions-runner\_work'
[2024-12-01 17:52:36Z INFO HostContext] Well known directory 'Bin': 'C:\Users\info\Desktop\user-management\actions-runner\bin'
[2024-12-01 17:52:36Z INFO HostContext] Well known directory 'Root': 'C:\Users\info\Desktop\user-management\actions-runner'
[2024-12-01 17:52:36Z INFO HostContext] Well known directory 'Work': 'C:\Users\info\Desktop\user-management\actions-runner\_work'
[2024-12-01 17:52:36Z INFO JobExtension] Downloading actions
[2024-12-01 17:52:36Z INFO HostContext] Well known directory 'Bin': 'C:\Users\info\Desktop\user-management\actions-runner\bin'
[2024-12-01 17:52:36Z INFO HostContext] Well known directory 'Root': 'C:\Users\info\Desktop\user-management\actions-runner'
[2024-12-01 17:52:36Z INFO HostContext] Well known directory 'Work': 'C:\Users\info\Desktop\user-management\actions-runner\_work'
[2024-12-01 17:52:36Z INFO HostContext] Well known directory 'Actions': 'C:\Users\info\Desktop\user-management\actions-runner\_work\_actions'
[2024-12-01 17:52:36Z INFO HostContext] Well known directory 'Bin': 'C:\Users\info\Desktop\user-management\actions-runner\bin'
[2024-12-01 17:52:36Z INFO HostContext] Well known directory 'Root': 'C:\Users\info\Desktop\user-management\actions-runner'
[2024-12-01 17:52:36Z INFO HostContext] Well known directory 'Work': 'C:\Users\info\Desktop\user-management\actions-runner\_work'
[2024-12-01 17:52:36Z INFO HostContext] Well known directory 'Actions': 'C:\Users\info\Desktop\user-management\actions-runner\_work\_actions'
[2024-12-01 17:52:36Z INFO HostContext] Well known directory 'Bin': 'C:\Users\info\Desktop\user-management\actions-runner\bin'
[2024-12-01 17:52:36Z INFO HostContext] Well known directory 'Root': 'C:\Users\info\Desktop\user-management\actions-runner'
[2024-12-01 17:52:36Z INFO HostContext] Well known directory 'Work': 'C:\Users\info\Desktop\user-management\actions-runner\_work'
[2024-12-01 17:52:36Z INFO HostContext] Well known directory 'Actions': 'C:\Users\info\Desktop\user-management\actions-runner\_work\_actions'
[2024-12-01 17:52:36Z INFO ActionManager] Save archive 'https://api.github.com/repos/actions/checkout/zipball/11bd71901bbe5b1630ceea73d27597364c9af683' into C:\Users\info\Desktop\user-management\actions-runner\_work\_actions\_temp_9327891a-3d7a-4fcf-9db9-218f613c4535\b92744aa-a4ef-4e40-9a82-d05d49456077.zip.
[2024-12-01 17:52:36Z INFO JobServer] Successfully started websocket client.
[2024-12-01 17:52:36Z INFO JobServerQueue] Try to append 1 batches web console lines for record '43bb6708-7a2e-4362-92b1-8f20898fb9a6', success rate: 1/1.
[2024-12-01 17:52:37Z INFO JobServerQueue] Try to append 1 batches web console lines for record '43bb6708-7a2e-4362-92b1-8f20898fb9a6', success rate: 1/1.
[2024-12-01 17:52:37Z INFO JobServerQueue] Job timeline record has been updated for the first time.
[2024-12-01 17:53:32Z INFO ActionManager] Request URL: https://api.github.com/repos/actions/checkout/zipball/11bd71901bbe5b1630ceea73d27597364c9af683 X-GitHub-Request-Id: F0BC:31200C:BB5580:EB74C9:674CA265 Http Status: OK
[2024-12-01 17:53:33Z INFO ActionManager] Finished getting action repository.
[2024-12-01 17:53:33Z INFO HostContext] Well known directory 'Bin': 'C:\Users\info\Desktop\user-management\actions-runner\bin'
[2024-12-01 17:53:33Z INFO HostContext] Well known directory 'Root': 'C:\Users\info\Desktop\user-management\actions-runner'
[2024-12-01 17:53:33Z INFO HostContext] Well known directory 'Work': 'C:\Users\info\Desktop\user-management\actions-runner\_work'
[2024-12-01 17:53:33Z INFO HostContext] Well known directory 'Actions': 'C:\Users\info\Desktop\user-management\actions-runner\_work\_actions'
[2024-12-01 17:53:33Z INFO HostContext] Well known directory 'Bin': 'C:\Users\info\Desktop\user-management\actions-runner\bin'
[2024-12-01 17:53:33Z INFO HostContext] Well known directory 'Root': 'C:\Users\info\Desktop\user-management\actions-runner'
[2024-12-01 17:53:33Z INFO HostContext] Well known directory 'Work': 'C:\Users\info\Desktop\user-management\actions-runner\_work'
[2024-12-01 17:53:33Z INFO HostContext] Well known directory 'Actions': 'C:\Users\info\Desktop\user-management\actions-runner\_work\_actions'
[2024-12-01 17:53:33Z INFO ActionManager] Save archive 'https://api.github.com/repos/actions/setup-java/zipball/0ab4596768b603586c0de567f2430c30f5b0d2b0' into C:\Users\info\Desktop\user-management\actions-runner\_work\_actions\_temp_95e5af22-c2cc-4298-b4fc-1c9f39ee758b\52af6918-cf3c-48ea-8ef1-f349502b1e3d.zip.
[2024-12-01 17:53:33Z INFO JobServerQueue] Try to append 1 batches web console lines for record '43bb6708-7a2e-4362-92b1-8f20898fb9a6', success rate: 1/1.
[2024-12-01 17:53:39Z INFO JobServerQueue] Stop aggressive process web console line queue.
[2024-12-01 17:54:07Z ERR  ActionManager] Fail to download archive 'https://api.github.com/repos/actions/setup-java/zipball/0ab4596768b603586c0de567f2430c30f5b0d2b0' -- Attempt: 1
[2024-12-01 17:54:07Z ERR  ActionManager] System.Net.Http.HttpRequestException: The SSL connection could not be established, see inner exception.
 ---> System.IO.IOException: Received an unexpected EOF or 0 bytes from the transport stream.
   at System.Net.Security.SslStream.ReceiveHandshakeFrameAsync[TIOAdapter](CancellationToken cancellationToken)
   at System.Net.Security.SslStream.ForceAuthenticationAsync[TIOAdapter](Boolean receiveFirst, Byte[] reAuthenticationData, CancellationToken cancellationToken)
   at System.Net.Http.ConnectHelper.EstablishSslConnectionAsync(SslClientAuthenticationOptions sslOptions, HttpRequestMessage request, Boolean async, Stream stream, CancellationToken cancellationToken)
   --- End of inner exception stack trace ---
   at System.Net.Http.ConnectHelper.EstablishSslConnectionAsync(SslClientAuthenticationOptions sslOptions, HttpRequestMessage request, Boolean async, Stream stream, CancellationToken cancellationToken)
   at System.Net.Http.HttpConnectionPool.ConnectAsync(HttpRequestMessage request, Boolean async, CancellationToken cancellationToken)
   at System.Net.Http.HttpConnectionPool.CreateHttp11ConnectionAsync(HttpRequestMessage request, Boolean async, CancellationToken cancellationToken)
   at System.Net.Http.HttpConnectionPool.AddHttp11ConnectionAsync(QueueItem queueItem)
   at System.Threading.Tasks.TaskCompletionSourceWithCancellation`1.WaitWithCancellationAsync(CancellationToken cancellationToken)
   at System.Net.Http.HttpConnectionPool.SendWithVersionDetectionAndRetryAsync(HttpRequestMessage request, Boolean async, Boolean doRequestAuth, CancellationToken cancellationToken)
   at System.Net.Http.RedirectHandler.SendAsync(HttpRequestMessage request, Boolean async, CancellationToken cancellationToken)
   at System.Net.Http.HttpClient.<SendAsync>g__Core|83_0(HttpRequestMessage request, HttpCompletionOption completionOption, CancellationTokenSource cts, Boolean disposeCts, CancellationTokenSource pendingRequestsCts, CancellationToken originalCancellationToken)
   at GitHub.Runner.Worker.ActionManager.DownloadRepositoryArchive(IExecutionContext executionContext, String downloadUrl, String downloadAuthToken, String archiveFile)
[2024-12-01 17:54:07Z ERR  ActionManager] #####################################################
[2024-12-01 17:54:07Z ERR  ActionManager] System.IO.IOException: Received an unexpected EOF or 0 bytes from the transport stream.
   at System.Net.Security.SslStream.ReceiveHandshakeFrameAsync[TIOAdapter](CancellationToken cancellationToken)
   at System.Net.Security.SslStream.ForceAuthenticationAsync[TIOAdapter](Boolean receiveFirst, Byte[] reAuthenticationData, CancellationToken cancellationToken)
   at System.Net.Http.ConnectHelper.EstablishSslConnectionAsync(SslClientAuthenticationOptions sslOptions, HttpRequestMessage request, Boolean async, Stream stream, CancellationToken cancellationToken)
[2024-12-01 17:54:07Z INFO JobServerQueue] Try to append 1 batches web console lines for record '43bb6708-7a2e-4362-92b1-8f20898fb9a6', success rate: 1/1.
[2024-12-01 17:54:31Z WARN GitHubActionsService] Attempt 1 of PATCH request to https://pipelinesghubeus23.actions.githubusercontent.com/ZA6BDxvtsd2a7cGAvMm76SoJ4iPhN5djrzo1YA8ByuHTFbRNXX/00000000-0000-0000-0000-000000000000/_apis/distributedtask/hubs/Actions/plans/0c95e3d7-0bc3-4286-9317-8def95f6244e/timelines/0c95e3d7-0bc3-4286-9317-8def95f6244e/records failed (Socket Error: ConnectionReset). The operation will be retried in 11.139 seconds.
[2024-12-01 17:54:48Z ERR  ActionManager] Fail to download archive 'https://api.github.com/repos/actions/setup-java/zipball/0ab4596768b603586c0de567f2430c30f5b0d2b0' -- Attempt: 2
[2024-12-01 17:54:48Z ERR  ActionManager] System.Net.Http.HttpRequestException: Hte inconnu. (api.github.com:443)
 ---> System.Net.Sockets.SocketException (11001): Hte inconnu.
   at System.Net.Sockets.Socket.AwaitableSocketAsyncEventArgs.ThrowException(SocketError error, CancellationToken cancellationToken)
   at System.Net.Sockets.Socket.AwaitableSocketAsyncEventArgs.System.Threading.Tasks.Sources.IValueTaskSource.GetResult(Int16 token)
   at System.Net.Sockets.Socket.<ConnectAsync>g__WaitForConnectWithCancellation|285_0(AwaitableSocketAsyncEventArgs saea, ValueTask connectTask, CancellationToken cancellationToken)
   at System.Net.Http.HttpConnectionPool.ConnectToTcpHostAsync(String host, Int32 port, HttpRequestMessage initialRequest, Boolean async, CancellationToken cancellationToken)
   --- End of inner exception stack trace ---
   at System.Net.Http.HttpConnectionPool.ConnectToTcpHostAsync(String host, Int32 port, HttpRequestMessage initialRequest, Boolean async, CancellationToken cancellationToken)
   at System.Net.Http.HttpConnectionPool.ConnectAsync(HttpRequestMessage request, Boolean async, CancellationToken cancellationToken)
   at System.Net.Http.HttpConnectionPool.CreateHttp11ConnectionAsync(HttpRequestMessage request, Boolean async, CancellationToken cancellationToken)
   at System.Net.Http.HttpConnectionPool.AddHttp11ConnectionAsync(QueueItem queueItem)
   at System.Threading.Tasks.TaskCompletionSourceWithCancellation`1.WaitWithCancellationAsync(CancellationToken cancellationToken)
   at System.Net.Http.HttpConnectionPool.SendWithVersionDetectionAndRetryAsync(HttpRequestMessage request, Boolean async, Boolean doRequestAuth, CancellationToken cancellationToken)
   at System.Net.Http.RedirectHandler.SendAsync(HttpRequestMessage request, Boolean async, CancellationToken cancellationToken)
   at System.Net.Http.HttpClient.<SendAsync>g__Core|83_0(HttpRequestMessage request, HttpCompletionOption completionOption, CancellationTokenSource cts, Boolean disposeCts, CancellationTokenSource pendingRequestsCts, CancellationToken originalCancellationToken)
   at GitHub.Runner.Worker.ActionManager.DownloadRepositoryArchive(IExecutionContext executionContext, String downloadUrl, String downloadAuthToken, String archiveFile)
[2024-12-01 17:54:48Z ERR  ActionManager] #####################################################
[2024-12-01 17:54:48Z ERR  ActionManager] System.Net.Sockets.SocketException (11001): Hte inconnu.
   at System.Net.Sockets.Socket.AwaitableSocketAsyncEventArgs.ThrowException(SocketError error, CancellationToken cancellationToken)
   at System.Net.Sockets.Socket.AwaitableSocketAsyncEventArgs.System.Threading.Tasks.Sources.IValueTaskSource.GetResult(Int16 token)
   at System.Net.Sockets.Socket.<ConnectAsync>g__WaitForConnectWithCancellation|285_0(AwaitableSocketAsyncEventArgs saea, ValueTask connectTask, CancellationToken cancellationToken)
   at System.Net.Http.HttpConnectionPool.ConnectToTcpHostAsync(String host, Int32 port, HttpRequestMessage initialRequest, Boolean async, CancellationToken cancellationToken)
[2024-12-01 17:54:49Z INFO JobServerQueue] Try to append 1 batches web console lines for record '43bb6708-7a2e-4362-92b1-8f20898fb9a6', success rate: 1/1.
[2024-12-01 17:54:58Z WARN GitHubActionsService] Attempt 2 of PATCH request to https://pipelinesghubeus23.actions.githubusercontent.com/ZA6BDxvtsd2a7cGAvMm76SoJ4iPhN5djrzo1YA8ByuHTFbRNXX/00000000-0000-0000-0000-000000000000/_apis/distributedtask/hubs/Actions/plans/0c95e3d7-0bc3-4286-9317-8def95f6244e/timelines/0c95e3d7-0bc3-4286-9317-8def95f6244e/records failed (Socket Error: ConnectionReset). The operation will be retried in 12.757 seconds.
[2024-12-01 17:56:49Z INFO ActionManager] Action download final retry timeout after 1200 seconds.
[2024-12-01 17:56:49Z ERR  JobExtension] Caught exception from JobExtension Initialization: System.TimeoutException: Action 'https://api.github.com/repos/actions/setup-java/zipball/0ab4596768b603586c0de567f2430c30f5b0d2b0' download has timed out. Error: The request was canceled due to the configured HttpClient.Timeout of 100 seconds elapsing. 
   at GitHub.Runner.Worker.ActionManager.DownloadRepositoryArchive(IExecutionContext executionContext, String downloadUrl, String downloadAuthToken, String archiveFile)
   at GitHub.Runner.Worker.ActionManager.DownloadRepositoryActionAsync(IExecutionContext executionContext, ActionDownloadInfo downloadInfo)
   at GitHub.Runner.Worker.ActionManager.PrepareActionsRecursiveAsync(IExecutionContext executionContext, PrepareActionsState state, IEnumerable`1 actions, Int32 depth, Guid parentStepId)
   at GitHub.Runner.Worker.ActionManager.PrepareActionsAsync(IExecutionContext executionContext, IEnumerable`1 steps, Guid rootStepId)
   at GitHub.Runner.Worker.JobExtension.InitializeJob(IExecutionContext jobContext, AgentJobRequestMessage message)
[2024-12-01 17:56:49Z INFO ExecutionContext] Publish step telemetry for current step {
  "action": "setup_job",
  "type": "runner",
  "stage": "Pre",
  "stepId": "43bb6708-7a2e-4362-92b1-8f20898fb9a6",
  "result": "failed",
  "errorMessages": [
    "Failed to download action 'https://api.github.com/repos/actions/setup-java/zipball/0ab4596768b603586c0de567f2430c30f5b0d2b0'. Error: The SSL connection could not be established, see inner exception. ",
    "Back off 29.533 seconds before retry.",
    "Failed to download action 'https://api.github.com/repos/actions/setup-java/zipball/0ab4596768b603586c0de567f2430c30f5b0d2b0'. Error: Hte inconnu. (api.github.com:443) "
  ],
  "executionTimeInSeconds": 254,
  "startTime": "2024-12-01T17:52:36.196126Z",
  "finishTime": "2024-12-01T17:56:49.6205175Z"
}.
[2024-12-01 17:56:49Z ERR  JobRunner] Job initialize failed.
[2024-12-01 17:56:49Z ERR  JobRunner] Caught exception from InitializeJob: System.TimeoutException: Action 'https://api.github.com/repos/actions/setup-java/zipball/0ab4596768b603586c0de567f2430c30f5b0d2b0' download has timed out. Error: The request was canceled due to the configured HttpClient.Timeout of 100 seconds elapsing. 
   at GitHub.Runner.Worker.ActionManager.DownloadRepositoryArchive(IExecutionContext executionContext, String downloadUrl, String downloadAuthToken, String archiveFile)
   at GitHub.Runner.Worker.ActionManager.DownloadRepositoryActionAsync(IExecutionContext executionContext, ActionDownloadInfo downloadInfo)
   at GitHub.Runner.Worker.ActionManager.PrepareActionsRecursiveAsync(IExecutionContext executionContext, PrepareActionsState state, IEnumerable`1 actions, Int32 depth, Guid parentStepId)
   at GitHub.Runner.Worker.ActionManager.PrepareActionsAsync(IExecutionContext executionContext, IEnumerable`1 steps, Guid rootStepId)
   at GitHub.Runner.Worker.JobExtension.InitializeJob(IExecutionContext jobContext, AgentJobRequestMessage message)
   at GitHub.Runner.Worker.JobRunner.RunAsync(AgentJobRequestMessage message, CancellationToken jobRequestCancellationToken)
[2024-12-01 17:56:49Z INFO JobServerQueue] Got a step log file to send to results service.
[2024-12-01 17:56:49Z INFO JobServerQueue] Try to append 1 batches web console lines for record '43bb6708-7a2e-4362-92b1-8f20898fb9a6', success rate: 1/1.
[2024-12-01 17:56:49Z INFO JobServerQueue] Starting upload of step log file to results service ResultsLog, C:\Users\info\Desktop\user-management\actions-runner\_diag\blocks\0c95e3d7-0bc3-4286-9317-8def95f6244e_43bb6708-7a2e-4362-92b1-8f20898fb9a6.1
[2024-12-01 17:56:49Z INFO JobRunner] Shutting down the job server queue.
[2024-12-01 17:56:49Z INFO JobServerQueue] Fire signal to shutdown all queues.
[2024-12-01 17:57:01Z INFO JobServerQueue] Try to upload 1 log files or attachments, success rate: 1/1.
[2024-12-01 17:57:02Z INFO JobServerQueue] Tried to upload 1 file(s) to results, success rate: 1/1.
[2024-12-01 17:57:03Z INFO JobServerQueue] All queue process task stopped.
[2024-12-01 17:57:03Z INFO JobServerQueue] Web console line queue drained.
[2024-12-01 17:57:03Z INFO JobServerQueue] Uploading 1 files in one shot.
[2024-12-01 17:57:04Z INFO JobServerQueue] Try to upload 1 log files or attachments, success rate: 1/1.
[2024-12-01 17:57:04Z INFO JobServerQueue] File upload queue drained.
[2024-12-01 17:57:04Z INFO JobServerQueue] Starting results-based upload queue...
[2024-12-01 17:57:04Z INFO JobServerQueue] Uploading 1 file(s) in one shot through results service.
[2024-12-01 17:57:04Z INFO JobServerQueue] Got a job log file to send to results service.
[2024-12-01 17:57:04Z INFO JobServerQueue] Starting upload of job log file to results service ResultsLog, C:\Users\info\Desktop\user-management\actions-runner\_diag\blocks\0c95e3d7-0bc3-4286-9317-8def95f6244e_ca395085-040a-526b-2ce8-bdc85f692774.1
[2024-12-01 17:57:08Z INFO JobServerQueue] Tried to upload 1 file(s) to results, success rate: 1/1.
[2024-12-01 17:57:08Z INFO JobServerQueue] Results upload queue drained.
[2024-12-01 17:57:09Z INFO JobServerQueue] Timeline update queue drained.
[2024-12-01 17:57:09Z INFO JobServerQueue] Disposing job server ...
[2024-12-01 17:57:09Z INFO JobServerQueue] Disposing results server ...
[2024-12-01 17:57:09Z INFO JobServerQueue] All queue process tasks have been stopped, and all queues are drained.
[2024-12-01 17:57:09Z INFO JobServerQueue] Actions upload time: 13257 ms, Result upload time: 15561 ms
[2024-12-01 17:57:09Z INFO TempDirectoryManager] Cleaning runner temp folder: C:\Users\info\Desktop\user-management\actions-runner\_work\_temp
[2024-12-01 17:57:09Z INFO HostContext] Well known directory 'Bin': 'C:\Users\info\Desktop\user-management\actions-runner\bin'
[2024-12-01 17:57:09Z INFO HostContext] Well known directory 'Root': 'C:\Users\info\Desktop\user-management\actions-runner'
[2024-12-01 17:57:09Z INFO HostContext] Well known directory 'Diag': 'C:\Users\info\Desktop\user-management\actions-runner\_diag'
[2024-12-01 17:57:09Z INFO HostContext] Well known config file 'Telemetry': 'C:\Users\info\Desktop\user-management\actions-runner\_diag\.telemetry'
[2024-12-01 17:57:09Z INFO JobRunner] Raising job completed event
[2024-12-01 17:57:09Z INFO Worker] Job completed.
